#
# There is insufficient memory for the Java Runtime Environment to continue.
# Native memory allocation (malloc) failed to allocate 2052336 bytes for Chunk::new
# Possible reasons:
#   The system is out of physical RAM or swap space
#   In 32 bit mode, the process size limit was hit
# Possible solutions:
#   Reduce memory load on the system
#   Increase physical memory or swap space
#   Check if swap backing store is full
#   Use 64 bit Java on a 64 bit OS
#   Decrease Java heap size (-Xmx/-Xms)
#   Decrease number of Java threads
#   Decrease Java thread stack sizes (-Xss)
#   Set larger code cache with -XX:ReservedCodeCacheSize=
# This output file may be truncated or incomplete.
#
#  Out of Memory Error (allocation.cpp:390), pid=6036, tid=0x0000000000001630
#
# JRE version: OpenJDK Runtime Environment (8.0_152-b01) (build 1.8.0_152-release-915-b01)
# Java VM: OpenJDK 64-Bit Server VM (25.152-b01 mixed mode windows-amd64 compressed oops)
# Failed to write core dump. Minidumps are not enabled by default on client versions of Windows
#

---------------  T H R E A D  ---------------

Current thread (0x00000000161c2000):  JavaThread "C2 CompilerThread0" daemon [_thread_in_native, id=5680, stack(0x00000000171c0000,0x00000000172c0000)]

Stack: [0x00000000171c0000,0x00000000172c0000]
[error occurred during error reporting (printing stack bounds), id 0xc0000005]

Native frames: (J=compiled Java code, j=interpreted, Vv=VM code, C=native code)


Current CompileTask:
C2:  11611 1983       4       java.net.URLClassLoader$1::run (5 bytes)


---------------  P R O C E S S  ---------------

Java Threads: ( => current thread )
  0x00000000180ab000 JavaThread "RMI RenewClean-[localhost:49191,org.jetbrains.kotlin.daemon.common.LoopbackNetworkInterface$ClientLoopbackSocketFactory@273b5425]" daemon [_thread_blocked, id=4976, stack(0x0000000018870000,0x0000000018970000)]
  0x00000000180a3800 JavaThread "RMI TCP Connection(2)-127.0.0.1" daemon [_thread_in_native, id=5640, stack(0x0000000018fc0000,0x00000000190c0000)]
  0x000000001809f000 JavaThread "RMI Scheduler(0)" daemon [_thread_blocked, id=5712, stack(0x0000000018b80000,0x0000000018c80000)]
  0x00000000180f0000 JavaThread "RMI TCP Connection(1)-127.0.0.1" daemon [_thread_in_native, id=5132, stack(0x0000000018ec0000,0x0000000018fc0000)]
  0x000000000218f000 JavaThread "DestroyJavaVM" [_thread_blocked, id=5912, stack(0x00000000023a0000,0x00000000024a0000)]
  0x00000000180df800 JavaThread "GC Daemon" daemon [_thread_blocked, id=3744, stack(0x0000000018ce0000,0x0000000018de0000)]
  0x0000000018054000 JavaThread "RMI Reaper" [_thread_blocked, id=2928, stack(0x0000000017be0000,0x0000000017ce0000)]
  0x0000000018039000 JavaThread "Timer-0" daemon [_thread_blocked, id=5332, stack(0x0000000016f80000,0x0000000017080000)]
  0x0000000018038000 JavaThread "RMI TCP Accept-17613" daemon [_thread_in_native, id=3900, stack(0x0000000018700000,0x0000000018800000)]
  0x00000000172c3000 JavaThread "Service Thread" daemon [_thread_blocked, id=6132, stack(0x00000000178f0000,0x00000000179f0000)]
  0x00000000172c0800 JavaThread "C1 CompilerThread1" daemon [_thread_blocked, id=3860, stack(0x0000000017700000,0x0000000017800000)]
=>0x00000000161c2000 JavaThread "C2 CompilerThread0" daemon [_thread_in_native, id=5680, stack(0x00000000171c0000,0x00000000172c0000)]
  0x00000000161c0800 JavaThread "Attach Listener" daemon [_thread_blocked, id=1032, stack(0x00000000170b0000,0x00000000171b0000)]
  0x00000000161b3000 JavaThread "Signal Dispatcher" daemon [_thread_blocked, id=6076, stack(0x0000000016e30000,0x0000000016f30000)]
  0x000000001619d000 JavaThread "Finalizer" daemon [_thread_blocked, id=5928, stack(0x0000000016c60000,0x0000000016d60000)]
  0x0000000016154000 JavaThread "Reference Handler" daemon [_thread_blocked, id=5356, stack(0x0000000016af0000,0x0000000016bf0000)]

Other Threads:
  0x000000001614c000 VMThread [stack: 0x00000000169f0000,0x0000000016af0000] [id=5688]
  0x00000000172c6000 WatcherThread [stack: 0x0000000017a70000,0x0000000017b70000] [id=2272]

VM state:not at safepoint (normal execution)

VM Mutex/Monitor currently owned by a thread: None

Heap:
 PSYoungGen      total 59904K, used 53212K [0x00000000e0000000, 0x00000000e4d00000, 0x0000000100000000)
  eden space 52736K, 87% used [0x00000000e0000000,0x00000000e2d18ad8,0x00000000e3380000)
  from space 7168K, 98% used [0x00000000e4600000,0x00000000e4cde8d0,0x00000000e4d00000)
  to   space 8704K, 0% used [0x00000000e3c00000,0x00000000e3c00000,0x00000000e4480000)
 ParOldGen       total 35328K, used 8883K [0x00000000a0000000, 0x00000000a2280000, 0x00000000e0000000)
  object space 35328K, 25% used [0x00000000a0000000,0x00000000a08acc40,0x00000000a2280000)
 Metaspace       used 32651K, capacity 33064K, committed 33536K, reserved 1079296K
  class space    used 4143K, capacity 4275K, committed 4352K, reserved 1048576K

Card table byte_map: [0x0000000011b30000,0x0000000011e40000] byte_map_base: 0x0000000011630000

Marking Bits: (ParMarkBitMap*) 0x0000000052b53950
 Begin Bits: [0x0000000012520000, 0x0000000013d20000)
 End Bits:   [0x0000000013d20000, 0x0000000015520000)

Polling page: 0x0000000000240000

CodeCache: size=245760Kb used=6977Kb max_used=6977Kb free=238782Kb
 bounds [0x0000000002770000, 0x0000000002e50000, 0x0000000011770000]
 total_blobs=2685 nmethods=2235 adapters=364
 compilation: enabled

Compilation events (10 events):
Event: 11.454 Thread 0x00000000172c0800 nmethod 2186 0x0000000002e30510 code [0x0000000002e306c0, 0x0000000002e30bf8]
Event: 11.465 Thread 0x00000000172c0800 2187       2       org.jetbrains.kotlin.com.intellij.openapi.util.UserDataHolderBase::getUserData (51 bytes)
Event: 11.466 Thread 0x00000000172c0800 nmethod 2187 0x0000000002e30fd0 code [0x0000000002e311c0, 0x0000000002e318d8]
Event: 11.481 Thread 0x00000000172c0800 2188       2       org.jetbrains.kotlin.com.intellij.psi.tree.TokenSet::get (44 bytes)
Event: 11.481 Thread 0x00000000172c0800 nmethod 2188 0x0000000002e31e10 code [0x0000000002e31f60, 0x0000000002e32110]
Event: 11.486 Thread 0x00000000172c0800 2189   !   2       org.jetbrains.kotlin.com.intellij.psi.tree.IElementType::<init> (190 bytes)
Event: 11.488 Thread 0x00000000172c0800 nmethod 2189 0x0000000002e321d0 code [0x0000000002e32400, 0x0000000002e32ef8]
Event: 11.488 Thread 0x00000000172c0800 2190       2       org.jetbrains.kotlin.com.intellij.psi.tree.IElementType::<init> (48 bytes)
Event: 11.489 Thread 0x00000000172c0800 nmethod 2190 0x0000000002e33890 code [0x0000000002e33a80, 0x0000000002e34168]
Event: 11.499 Thread 0x00000000172c0800 2191       1       org.jetbrains.kotlin.com.intellij.psi.impl.source.tree.TreeElement::getTreeParent (5 bytes)

GC Heap History (10 events):
Event: 3.420 GC heap before
{Heap before GC invocations=3 (full 0):
 PSYoungGen      total 18432K, used 18416K [0x00000000e0000000, 0x00000000e2400000, 0x0000000100000000)
  eden space 15872K, 100% used [0x00000000e0000000,0x00000000e0f80000,0x00000000e0f80000)
  from space 2560K, 99% used [0x00000000e1200000,0x00000000e147c2a8,0x00000000e1480000)
  to   space 2560K, 0% used [0x00000000e0f80000,0x00000000e0f80000,0x00000000e1200000)
 ParOldGen       total 42496K, used 4546K [0x00000000a0000000, 0x00000000a2980000, 0x00000000e0000000)
  object space 42496K, 10% used [0x00000000a0000000,0x00000000a0470b28,0x00000000a2980000)
 Metaspace       used 16273K, capacity 16524K, committed 16640K, reserved 1064960K
  class space    used 1927K, capacity 1985K, committed 2048K, reserved 1048576K
Event: 3.428 GC heap after
Heap after GC invocations=3 (full 0):
 PSYoungGen      total 18432K, used 2528K [0x00000000e0000000, 0x00000000e2400000, 0x0000000100000000)
  eden space 15872K, 0% used [0x00000000e0000000,0x00000000e0000000,0x00000000e0f80000)
  from space 2560K, 98% used [0x00000000e0f80000,0x00000000e11f8020,0x00000000e1200000)
  to   space 2560K, 0% used [0x00000000e2180000,0x00000000e2180000,0x00000000e2400000)
 ParOldGen       total 42496K, used 8488K [0x00000000a0000000, 0x00000000a2980000, 0x00000000e0000000)
  object space 42496K, 19% used [0x00000000a0000000,0x00000000a084a2a8,0x00000000a2980000)
 Metaspace       used 16273K, capacity 16524K, committed 16640K, reserved 1064960K
  class space    used 1927K, capacity 1985K, committed 2048K, reserved 1048576K
}
Event: 5.223 GC heap before
{Heap before GC invocations=4 (full 0):
 PSYoungGen      total 18432K, used 18400K [0x00000000e0000000, 0x00000000e2400000, 0x0000000100000000)
  eden space 15872K, 100% used [0x00000000e0000000,0x00000000e0f80000,0x00000000e0f80000)
  from space 2560K, 98% used [0x00000000e0f80000,0x00000000e11f8020,0x00000000e1200000)
  to   space 2560K, 0% used [0x00000000e2180000,0x00000000e2180000,0x00000000e2400000)
 ParOldGen       total 42496K, used 8488K [0x00000000a0000000, 0x00000000a2980000, 0x00000000e0000000)
  object space 42496K, 19% used [0x00000000a0000000,0x00000000a084a2a8,0x00000000a2980000)
 Metaspace       used 19699K, capacity 20078K, committed 20224K, reserved 1067008K
  class space    used 2385K, capacity 2482K, committed 2560K, reserved 1048576K
Event: 5.231 GC heap after
Heap after GC invocations=4 (full 0):
 PSYoungGen      total 34304K, used 2528K [0x00000000e0000000, 0x00000000e2400000, 0x0000000100000000)
  eden space 31744K, 0% used [0x00000000e0000000,0x00000000e0000000,0x00000000e1f00000)
  from space 2560K, 98% used [0x00000000e2180000,0x00000000e23f8298,0x00000000e2400000)
  to   space 2560K, 0% used [0x00000000e1f00000,0x00000000e1f00000,0x00000000e2180000)
 ParOldGen       total 42496K, used 12081K [0x00000000a0000000, 0x00000000a2980000, 0x00000000e0000000)
  object space 42496K, 28% used [0x00000000a0000000,0x00000000a0bcc7e8,0x00000000a2980000)
 Metaspace       used 19699K, capacity 20078K, committed 20224K, reserved 1067008K
  class space    used 2385K, capacity 2482K, committed 2560K, reserved 1048576K
}
Event: 5.444 GC heap before
{Heap before GC invocations=5 (full 0):
 PSYoungGen      total 34304K, used 7573K [0x00000000e0000000, 0x00000000e2400000, 0x0000000100000000)
  eden space 31744K, 15% used [0x00000000e0000000,0x00000000e04ed3f0,0x00000000e1f00000)
  from space 2560K, 98% used [0x00000000e2180000,0x00000000e23f8298,0x00000000e2400000)
  to   space 2560K, 0% used [0x00000000e1f00000,0x00000000e1f00000,0x00000000e2180000)
 ParOldGen       total 42496K, used 12081K [0x00000000a0000000, 0x00000000a2980000, 0x00000000e0000000)
  object space 42496K, 28% used [0x00000000a0000000,0x00000000a0bcc7e8,0x00000000a2980000)
 Metaspace       used 20740K, capacity 21098K, committed 21296K, reserved 1069056K
  class space    used 2545K, capacity 2654K, committed 2688K, reserved 1048576K
Event: 5.455 GC heap after
Heap after GC invocations=5 (full 0):
 PSYoungGen      total 34304K, used 2552K [0x00000000e0000000, 0x00000000e4e00000, 0x0000000100000000)
  eden space 31744K, 0% used [0x00000000e0000000,0x00000000e0000000,0x00000000e1f00000)
  from space 2560K, 99% used [0x00000000e1f00000,0x00000000e217e030,0x00000000e2180000)
  to   space 8192K, 0% used [0x00000000e4600000,0x00000000e4600000,0x00000000e4e00000)
 ParOldGen       total 42496K, used 13283K [0x00000000a0000000, 0x00000000a2980000, 0x00000000e0000000)
  object space 42496K, 31% used [0x00000000a0000000,0x00000000a0cf8d70,0x00000000a2980000)
 Metaspace       used 20740K, capacity 21098K, committed 21296K, reserved 1069056K
  class space    used 2545K, capacity 2654K, committed 2688K, reserved 1048576K
}
Event: 5.455 GC heap before
{Heap before GC invocations=6 (full 1):
 PSYoungGen      total 34304K, used 2552K [0x00000000e0000000, 0x00000000e4e00000, 0x0000000100000000)
  eden space 31744K, 0% used [0x00000000e0000000,0x00000000e0000000,0x00000000e1f00000)
  from space 2560K, 99% used [0x00000000e1f00000,0x00000000e217e030,0x00000000e2180000)
  to   space 8192K, 0% used [0x00000000e4600000,0x00000000e4600000,0x00000000e4e00000)
 ParOldGen       total 42496K, used 13283K [0x00000000a0000000, 0x00000000a2980000, 0x00000000e0000000)
  object space 42496K, 31% used [0x00000000a0000000,0x00000000a0cf8d70,0x00000000a2980000)
 Metaspace       used 20740K, capacity 21098K, committed 21296K, reserved 1069056K
  class space    used 2545K, capacity 2654K, committed 2688K, reserved 1048576K
Event: 5.504 GC heap after
Heap after GC invocations=6 (full 1):
 PSYoungGen      total 34304K, used 0K [0x00000000e0000000, 0x00000000e4e00000, 0x0000000100000000)
  eden space 31744K, 0% used [0x00000000e0000000,0x00000000e0000000,0x00000000e1f00000)
  from space 2560K, 0% used [0x00000000e1f00000,0x00000000e1f00000,0x00000000e2180000)
  to   space 8192K, 0% used [0x00000000e4600000,0x00000000e4600000,0x00000000e4e00000)
 ParOldGen       total 35328K, used 8875K [0x00000000a0000000, 0x00000000a2280000, 0x00000000e0000000)
  object space 35328K, 25% used [0x00000000a0000000,0x00000000a08aac40,0x00000000a2280000)
 Metaspace       used 20740K, capacity 21098K, committed 21296K, reserved 1069056K
  class space    used 2545K, capacity 2654K, committed 2688K, reserved 1048576K
}
Event: 10.287 GC heap before
{Heap before GC invocations=7 (full 1):
 PSYoungGen      total 34304K, used 31744K [0x00000000e0000000, 0x00000000e4e00000, 0x0000000100000000)
  eden space 31744K, 100% used [0x00000000e0000000,0x00000000e1f00000,0x00000000e1f00000)
  from space 2560K, 0% used [0x00000000e1f00000,0x00000000e1f00000,0x00000000e2180000)
  to   space 8192K, 0% used [0x00000000e4600000,0x00000000e4600000,0x00000000e4e00000)
 ParOldGen       total 35328K, used 8875K [0x00000000a0000000, 0x00000000a2280000, 0x00000000e0000000)
  object space 35328K, 25% used [0x00000000a0000000,0x00000000a08aac40,0x00000000a2280000)
 Metaspace       used 24762K, capacity 25214K, committed 25472K, reserved 1071104K
  class space    used 3190K, capacity 3334K, committed 3456K, reserved 1048576K
Event: 10.298 GC heap after
Heap after GC invocations=7 (full 1):
 PSYoungGen      total 59904K, used 7034K [0x00000000e0000000, 0x00000000e4d00000, 0x0000000100000000)
  eden space 52736K, 0% used [0x00000000e0000000,0x00000000e0000000,0x00000000e3380000)
  from space 7168K, 98% used [0x00000000e4600000,0x00000000e4cde8d0,0x00000000e4d00000)
  to   space 8704K, 0% used [0x00000000e3c00000,0x00000000e3c00000,0x00000000e4480000)
 ParOldGen       total 35328K, used 8883K [0x00000000a0000000, 0x00000000a2280000, 0x00000000e0000000)
  object space 35328K, 25% used [0x00000000a0000000,0x00000000a08acc40,0x00000000a2280000)
 Metaspace       used 24762K, capacity 25214K, committed 25472K, reserved 1071104K
  class space    used 3190K, capacity 3334K, committed 3456K, reserved 1048576K
}

Deoptimization events (10 events):
Event: 10.362 Thread 0x00000000180a3800 Uncommon trap: reason=class_check action=maybe_recompile pc=0x0000000002cdd200 method=java.lang.AbstractStringBuilder.append(Ljava/lang/CharSequence;II)Ljava/lang/AbstractStringBuilder; @ 18
Event: 10.362 Thread 0x00000000180a3800 Uncommon trap: reason=class_check action=maybe_recompile pc=0x0000000002cdd200 method=java.lang.AbstractStringBuilder.append(Ljava/lang/CharSequence;II)Ljava/lang/AbstractStringBuilder; @ 18
Event: 10.760 Thread 0x00000000180a3800 Uncommon trap: reason=unstable_if action=reinterpret pc=0x0000000002befa3c method=java.lang.CharacterDataLatin1.isWhitespace(I)Z @ 14
Event: 10.974 Thread 0x00000000180a3800 Uncommon trap: reason=unstable_if action=reinterpret pc=0x0000000002bca170 method=java.lang.String.startsWith(Ljava/lang/String;I)Z @ 25
Event: 10.983 Thread 0x00000000180a3800 Uncommon trap: reason=class_check action=maybe_recompile pc=0x0000000002d4b08c method=org.jetbrains.kotlin.protobuf.CodedInputStream.tryRefillBuffer(I)Z @ 177
Event: 10.986 Thread 0x00000000180a3800 Uncommon trap: reason=class_check action=maybe_recompile pc=0x0000000002d4b08c method=org.jetbrains.kotlin.protobuf.CodedInputStream.tryRefillBuffer(I)Z @ 177
Event: 10.987 Thread 0x00000000180a3800 Uncommon trap: reason=unstable_if action=reinterpret pc=0x00000000028f4238 method=java.lang.String.startsWith(Ljava/lang/String;I)Z @ 25
Event: 10.988 Thread 0x00000000180a3800 Uncommon trap: reason=class_check action=maybe_recompile pc=0x0000000002d4b08c method=org.jetbrains.kotlin.protobuf.CodedInputStream.tryRefillBuffer(I)Z @ 177
Event: 10.988 Thread 0x00000000180a3800 Uncommon trap: reason=class_check action=maybe_recompile pc=0x0000000002d4b08c method=org.jetbrains.kotlin.protobuf.CodedInputStream.tryRefillBuffer(I)Z @ 177
Event: 11.079 Thread 0x00000000180a3800 Uncommon trap: reason=unstable_if action=reinterpret pc=0x0000000002ceddd8 method=org.jetbrains.kotlin.com.intellij.util.SmartList.get(I)Ljava/lang/Object; @ 56

Classes redefined (0 events):
No events

Internal exceptions (10 events):
Event: 2.750 Thread 0x00000000180a3800 Exception <a 'java/lang/NoSuchMethodError': <clinit>> (0x00000000e0e571a8) thrown at [D:\src\AOSP-openjdk-cygwin\jdk8u\hotspot\src\share\vm\prims\jni.cpp, line 1613]
Event: 2.824 Thread 0x00000000180a3800 Exception <a 'java/lang/NoSuchMethodError': <clinit>> (0x00000000e0f37d50) thrown at [D:\src\AOSP-openjdk-cygwin\jdk8u\hotspot\src\share\vm\prims\jni.cpp, line 1613]
Event: 2.841 Thread 0x00000000180ab000 Exception <a 'java/lang/InterruptedException'> (0x00000000e002c320) thrown at [D:\src\AOSP-openjdk-cygwin\jdk8u\hotspot\src\share\vm\runtime\objectMonitor.cpp, line 1684]
Event: 3.141 Thread 0x00000000180a3800 Exception <a 'java/lang/ArrayIndexOutOfBoundsException'> (0x00000000e02a0008) thrown at [D:\src\AOSP-openjdk-cygwin\jdk8u\hotspot\src\share\vm\runtime\sharedRuntime.cpp, line 605]
Event: 4.343 Thread 0x00000000180a3800 Exception <a 'sun/nio/fs/WindowsException'> (0x00000000e03e5100) thrown at [D:\src\AOSP-openjdk-cygwin\jdk8u\hotspot\src\share\vm\prims\jni.cpp, line 709]
Event: 5.246 Thread 0x00000000180a3800 Exception <a 'java/lang/NoSuchMethodError': java.lang.Object.lambda$comparing$77a9974f$1(Ljava/util/function/Function;Ljava/lang/Object;Ljava/lang/Object;)I> (0x00000000e00d4508) thrown at [D:\src\AOSP-openjdk-cygwin\jdk8u\hotspot\src\share\vm\interpreter
Event: 5.537 Thread 0x00000000180a3800 Exception <a 'java/lang/ArrayIndexOutOfBoundsException': 60> (0x00000000e016f718) thrown at [D:\src\AOSP-openjdk-cygwin\jdk8u\hotspot\src\share\vm\interpreter\interpreterRuntime.cpp, line 366]
Event: 5.543 Thread 0x00000000180a3800 Exception <a 'java/lang/ArrayIndexOutOfBoundsException': 67> (0x00000000e0197ec0) thrown at [D:\src\AOSP-openjdk-cygwin\jdk8u\hotspot\src\share\vm\interpreter\interpreterRuntime.cpp, line 366]
Event: 5.667 Thread 0x00000000180a3800 Exception <a 'java/lang/NoSuchMethodError': java.lang.Object.lambda$static$0(I)[Lorg/jetbrains/kotlin/com/intellij/openapi/editor/event/DocumentListener;> (0x00000000e08e2c38) thrown at [D:\src\AOSP-openjdk-cygwin\jdk8u\hotspot\src\share\vm\interpreter\li
Event: 5.696 Thread 0x00000000180a3800 Exception <a 'java/lang/NoSuchMethodError': java.lang.Object.lambda$static$0(I)[Lorg/jetbrains/kotlin/com/intellij/psi/PsiAnnotation;> (0x00000000e0ab3c58) thrown at [D:\src\AOSP-openjdk-cygwin\jdk8u\hotspot\src\share\vm\interpreter\linkResolver.cpp, line

Events (10 events):
Event: 11.496 loading class org/jetbrains/kotlin/com/intellij/lang/impl/PsiBuilderImpl$RelativeTokenTextView
Event: 11.496 loading class org/jetbrains/kotlin/com/intellij/lang/impl/PsiBuilderImpl$RelativeTokenTextView done
Event: 11.496 loading class org/jetbrains/kotlin/com/intellij/lang/WhitespacesAndCommentsBinder$RecursiveBinder
Event: 11.496 loading class org/jetbrains/kotlin/com/intellij/lang/WhitespacesAndCommentsBinder$RecursiveBinder done
Event: 11.497 loading class org/jetbrains/kotlin/com/intellij/util/text/StringFactory
Event: 11.497 loading class org/jetbrains/kotlin/com/intellij/util/text/StringFactory done
Event: 11.498 loading class org/jetbrains/kotlin/com/intellij/psi/tree/ICustomParsingType
Event: 11.498 loading class org/jetbrains/kotlin/com/intellij/psi/tree/ICustomParsingType done
Event: 11.498 loading class org/jetbrains/kotlin/com/intellij/psi/tree/ILeafElementType
Event: 11.498 loading class org/jetbrains/kotlin/com/intellij/psi/tree/ILeafElementType done


Dynamic libraries:
0x000000013f080000 - 0x000000013f0b1000 	E:\Khalifa\Enviroment\Android Studio\jre\jre\bin\java.exe
0x0000000076d40000 - 0x0000000076eea000 	C:\Windows\SYSTEM32\ntdll.dll
0x0000000076c20000 - 0x0000000076d3f000 	C:\Windows\system32\kernel32.dll
0x000007fefcd40000 - 0x000007fefcdaa000 	C:\Windows\system32\KERNELBASE.dll
0x000007fefeea0000 - 0x000007fefef7b000 	C:\Windows\system32\ADVAPI32.dll
0x000007fefed90000 - 0x000007fefee2f000 	C:\Windows\system32\msvcrt.dll
0x000007fefe770000 - 0x000007fefe78f000 	C:\Windows\SYSTEM32\sechost.dll
0x000007fefdf10000 - 0x000007fefe03d000 	C:\Windows\system32\RPCRT4.dll
0x0000000076b20000 - 0x0000000076c1a000 	C:\Windows\system32\USER32.dll
0x000007fefee30000 - 0x000007fefee97000 	C:\Windows\system32\GDI32.dll
0x000007fefe230000 - 0x000007fefe23e000 	C:\Windows\system32\LPK.dll
0x000007fefef80000 - 0x000007feff04b000 	C:\Windows\system32\USP10.dll
0x000007fefb390000 - 0x000007fefb584000 	C:\Windows\WinSxS\amd64_microsoft.windows.common-controls_6595b64144ccf1df_6.0.7601.18837_none_fa3b1e3d17594757\COMCTL32.dll
0x000007fefe240000 - 0x000007fefe2b1000 	C:\Windows\system32\SHLWAPI.dll
0x000007fefd070000 - 0x000007fefd09e000 	C:\Windows\system32\IMM32.DLL
0x000007fefebe0000 - 0x000007fefece9000 	C:\Windows\system32\MSCTF.dll
0x00000000592b0000 - 0x0000000059382000 	E:\Khalifa\Enviroment\Android Studio\jre\jre\bin\msvcr100.dll
0x0000000052390000 - 0x0000000052bce000 	E:\Khalifa\Enviroment\Android Studio\jre\jre\bin\server\jvm.dll
0x000007fef7d50000 - 0x000007fef7d59000 	C:\Windows\system32\WSOCK32.dll
0x000007fefeb90000 - 0x000007fefebdd000 	C:\Windows\system32\WS2_32.dll
0x000007fefe790000 - 0x000007fefe798000 	C:\Windows\system32\NSI.dll
0x000007fef8ed0000 - 0x000007fef8f0b000 	C:\Windows\system32\WINMM.dll
0x000007fefb970000 - 0x000007fefb97c000 	C:\Windows\system32\VERSION.dll
0x0000000076f10000 - 0x0000000076f17000 	C:\Windows\system32\PSAPI.DLL
0x000007feefb50000 - 0x000007feefb5f000 	E:\Khalifa\Enviroment\Android Studio\jre\jre\bin\verify.dll
0x000007fee8810000 - 0x000007fee8839000 	E:\Khalifa\Enviroment\Android Studio\jre\jre\bin\java.dll
0x000007feef0e0000 - 0x000007feef0f6000 	E:\Khalifa\Enviroment\Android Studio\jre\jre\bin\zip.dll
0x000007fefd180000 - 0x000007fefdf0a000 	C:\Windows\system32\SHELL32.dll
0x000007fefcdf0000 - 0x000007fefcfec000 	C:\Windows\system32\ole32.dll
0x000007fefca40000 - 0x000007fefca4f000 	C:\Windows\system32\profapi.dll
0x000007feefb60000 - 0x000007feefb6d000 	E:\Khalifa\Enviroment\Android Studio\jre\jre\bin\management.dll
0x000007feef0c0000 - 0x000007feef0da000 	E:\Khalifa\Enviroment\Android Studio\jre\jre\bin\net.dll
0x000007fefc1c0000 - 0x000007fefc215000 	C:\Windows\system32\mswsock.dll
0x000007fefc1b0000 - 0x000007fefc1b7000 	C:\Windows\System32\wship6.dll
0x000007fee8780000 - 0x000007fee8791000 	E:\Khalifa\Enviroment\Android Studio\jre\jre\bin\nio.dll
0x000007fefc570000 - 0x000007fefc588000 	C:\Windows\system32\CRYPTSP.dll
0x000007fefbf20000 - 0x000007fefbf67000 	C:\Windows\system32\rsaenh.dll
0x000007fefcd10000 - 0x000007fefcd2e000 	C:\Windows\system32\USERENV.dll
0x000007fefc890000 - 0x000007fefc89f000 	C:\Windows\system32\CRYPTBASE.dll
0x000007fef8de0000 - 0x000007fef8e07000 	C:\Windows\system32\IPHLPAPI.DLL
0x000007fef8dd0000 - 0x000007fef8ddb000 	C:\Windows\system32\WINNSI.DLL
0x000007fef8c00000 - 0x000007fef8c18000 	C:\Windows\system32\dhcpcsvc.DLL
0x000007fef8be0000 - 0x000007fef8bf1000 	C:\Windows\system32\dhcpcsvc6.DLL

VM Arguments:
jvm_args: -Djava.awt.headless=true -Djava.rmi.server.hostname=localhost -Xmx1536m -Dkotlin.environment.keepalive 
java_command: org.jetbrains.kotlin.daemon.KotlinCompileDaemon --daemon-runFilesPath C:\Users\orc\AppData\Local\kotlin\daemon --daemon-autoshutdownIdleSeconds=7200 --daemon-compilerClasspath C:\Users\orc\.gradle\caches\jars-3\f58e399bf7514751475f325920291a60\kotlin-compiler-embeddable-1.1.51.jar;E:\Khalifa\Enviroment\Android Studio\jre\lib\tools.jar
java_class_path (initial): C:\Users\orc\.gradle\caches\jars-3\f58e399bf7514751475f325920291a60\kotlin-compiler-embeddable-1.1.51.jar;E:\Khalifa\Enviroment\Android Studio\jre\lib\tools.jar
Launcher Type: SUN_STANDARD

Environment Variables:
PATH=C:\Program Files (x86)\Common Files\Oracle\Java\javapath;C:\Windows\system32;C:\Windows;C:\Windows\System32\Wbem;C:\Windows\System32\WindowsPowerShell\v1.0\;C:\Program Files\7-Zip;C:\Program Files (x86)\Brackets\command;C:\Program Files\nodejs\;C:\Program Files\Git\cmd;;C:\Program Files\Microsoft VS Code\bin;C:\Users\orc\AppData\Roaming\npm
USERNAME=orc
OS=Windows_NT
PROCESSOR_IDENTIFIER=Intel64 Family 6 Model 37 Stepping 5, GenuineIntel



---------------  S Y S T E M  ---------------

OS: Windows 7 , 64 bit Build 7601 (6.1.7601.23915)

CPU:total 2 (initial active 2) (2 cores per cpu, 2 threads per core) family 6 model 37 stepping 5, cmov, cx8, fxsr, mmx, sse, sse2, sse3, ssse3, sse4.1, sse4.2, popcnt, aes, clmul, ht, tsc, tscinvbit

Memory: 4k page, physical 3988776k(630560k free), swap 3986916k(6060k free)

vm_info: OpenJDK 64-Bit Server VM (25.152-b01) for windows-amd64 JRE (1.8.0_152-release-915-b01), built by "builder" with MS VC++ 10.0 (VS2010)

time: Thu Aug 16 22:05:03 2018
elapsed time: 11 seconds (0d 0h 0m 11s)

