#
# There is insufficient memory for the Java Runtime Environment to continue.
# Native memory allocation (malloc) failed to allocate 32744 bytes for ChunkPool::allocate
# Possible reasons:
#   The system is out of physical RAM or swap space
#   In 32 bit mode, the process size limit was hit
# Possible solutions:
#   Reduce memory load on the system
#   Increase physical memory or swap space
#   Check if swap backing store is full
#   Use 64 bit Java on a 64 bit OS
#   Decrease Java heap size (-Xmx/-Xms)
#   Decrease number of Java threads
#   Decrease Java thread stack sizes (-Xss)
#   Set larger code cache with -XX:ReservedCodeCacheSize=
# This output file may be truncated or incomplete.
#
#  Out of Memory Error (allocation.cpp:273), pid=5692, tid=0x0000000000001638
#
# JRE version: OpenJDK Runtime Environment (8.0_152-b01) (build 1.8.0_152-release-915-b01)
# Java VM: OpenJDK 64-Bit Server VM (25.152-b01 mixed mode windows-amd64 compressed oops)
# Failed to write core dump. Minidumps are not enabled by default on client versions of Windows
#

---------------  T H R E A D  ---------------

Current thread (0x0000000015f82800):  JavaThread "C2 CompilerThread0" daemon [_thread_in_native, id=5688, stack(0x0000000017120000,0x0000000017220000)]

Stack: [0x0000000017120000,0x0000000017220000]
[error occurred during error reporting (printing stack bounds), id 0xc0000005]

Native frames: (J=compiled Java code, j=interpreted, Vv=VM code, C=native code)


Current CompileTask:
C2:   4020 1495   !   4       java.net.URLClassLoader$1::run (63 bytes)


---------------  P R O C E S S  ---------------

Java Threads: ( => current thread )
  0x0000000017d46000 JavaThread "RMI RenewClean-[localhost:49191,org.jetbrains.kotlin.daemon.common.LoopbackNetworkInterface$ClientLoopbackSocketFactory@2f715e6e]" daemon [_thread_blocked, id=1668, stack(0x0000000019190000,0x0000000019290000)]
  0x0000000017d9f800 JavaThread "RMI TCP Connection(2)-127.0.0.1" daemon [_thread_in_native, id=5908, stack(0x0000000018ff0000,0x00000000190f0000)]
  0x0000000017d23800 JavaThread "RMI Scheduler(0)" daemon [_thread_blocked, id=5188, stack(0x0000000018ed0000,0x0000000018fd0000)]
  0x0000000017d30000 JavaThread "RMI TCP Connection(1)-127.0.0.1" daemon [_thread_in_native, id=6116, stack(0x0000000018dc0000,0x0000000018ec0000)]
  0x000000000016f000 JavaThread "DestroyJavaVM" [_thread_blocked, id=2484, stack(0x00000000022d0000,0x00000000023d0000)]
  0x0000000017d14800 JavaThread "GC Daemon" daemon [_thread_blocked, id=6104, stack(0x0000000018c20000,0x0000000018d20000)]
  0x0000000017d13800 JavaThread "RMI Reaper" [_thread_blocked, id=1348, stack(0x00000000187e0000,0x00000000188e0000)]
  0x0000000017c19800 JavaThread "Timer-0" daemon [_thread_blocked, id=5932, stack(0x0000000018670000,0x0000000018770000)]
  0x0000000017c89000 JavaThread "RMI TCP Accept-17717" daemon [_thread_in_native, id=5640, stack(0x0000000018530000,0x0000000018630000)]
  0x0000000017358800 JavaThread "Service Thread" daemon [_thread_blocked, id=5812, stack(0x0000000017890000,0x0000000017990000)]
  0x0000000015f8a000 JavaThread "C1 CompilerThread1" daemon [_thread_blocked, id=1032, stack(0x0000000017240000,0x0000000017340000)]
=>0x0000000015f82800 JavaThread "C2 CompilerThread0" daemon [_thread_in_native, id=5688, stack(0x0000000017120000,0x0000000017220000)]
  0x0000000015f81000 JavaThread "Attach Listener" daemon [_thread_blocked, id=5832, stack(0x0000000016f80000,0x0000000017080000)]
  0x0000000015f7f000 JavaThread "Signal Dispatcher" daemon [_thread_blocked, id=6036, stack(0x0000000016980000,0x0000000016a80000)]
  0x0000000015f5d000 JavaThread "Finalizer" daemon [_thread_blocked, id=5956, stack(0x0000000016d70000,0x0000000016e70000)]
  0x0000000015f14000 JavaThread "Reference Handler" daemon [_thread_blocked, id=1104, stack(0x0000000016bb0000,0x0000000016cb0000)]

Other Threads:
  0x0000000015f0c000 VMThread [stack: 0x0000000016a80000,0x0000000016b80000] [id=5876]
  0x0000000015fad800 WatcherThread [stack: 0x0000000017a90000,0x0000000017b90000] [id=5360]

VM state:not at safepoint (normal execution)

VM Mutex/Monitor currently owned by a thread: None

Heap:
 PSYoungGen      total 34304K, used 19312K [0x00000000e0000000, 0x00000000e4e00000, 0x0000000100000000)
  eden space 31744K, 60% used [0x00000000e0000000,0x00000000e12dc1e0,0x00000000e1f00000)
  from space 2560K, 0% used [0x00000000e1f00000,0x00000000e1f00000,0x00000000e2180000)
  to   space 8192K, 0% used [0x00000000e4600000,0x00000000e4600000,0x00000000e4e00000)
 ParOldGen       total 38912K, used 11487K [0x00000000a0000000, 0x00000000a2600000, 0x00000000e0000000)
  object space 38912K, 29% used [0x00000000a0000000,0x00000000a0b37c78,0x00000000a2600000)
 Metaspace       used 24681K, capacity 25142K, committed 25344K, reserved 1071104K
  class space    used 3184K, capacity 3322K, committed 3328K, reserved 1048576K

Card table byte_map: [0x0000000011a60000,0x0000000011d70000] byte_map_base: 0x0000000011560000

Marking Bits: (ParMarkBitMap*) 0x0000000052b53950
 Begin Bits: [0x00000000122e0000, 0x0000000013ae0000)
 End Bits:   [0x0000000013ae0000, 0x00000000152e0000)

Polling page: 0x0000000000140000

CodeCache: size=245760Kb used=5250Kb max_used=5250Kb free=240509Kb
 bounds [0x00000000026a0000, 0x0000000002bd0000, 0x00000000116a0000]
 total_blobs=2045 nmethods=1609 adapters=350
 compilation: enabled

Compilation events (10 events):
Event: 3.984 Thread 0x0000000015f8a000 1611       3       org.jetbrains.kotlin.com.intellij.util.SmartList::get (77 bytes)
Event: 3.984 Thread 0x0000000015f8a000 nmethod 1611 0x0000000002bbd110 code [0x0000000002bbd320, 0x0000000002bbdf18]
Event: 3.984 Thread 0x0000000015f8a000 1612       3       org.jetbrains.kotlin.com.intellij.openapi.vfs.impl.jar.CoreJarVirtualFile::<init> (119 bytes)
Event: 3.985 Thread 0x0000000015f8a000 nmethod 1612 0x0000000002bbe410 code [0x0000000002bbe780, 0x0000000002bc0698]
Event: 3.985 Thread 0x0000000015f8a000 1613       3       org.jetbrains.kotlin.com.intellij.util.containers.FactoryMap::get (103 bytes)
Event: 3.986 Thread 0x0000000015f8a000 nmethod 1613 0x0000000002bc1a90 code [0x0000000002bc1cc0, 0x0000000002bc29f8]
Event: 4.002 Thread 0x0000000015f8a000 1614       1       java.lang.ThreadLocal::getMap (5 bytes)
Event: 4.002 Thread 0x0000000015f8a000 nmethod 1614 0x0000000002bc2e50 code [0x0000000002bc2fa0, 0x0000000002bc30b0]
Event: 4.003 Thread 0x0000000015f8a000 1615       3       java.lang.reflect.Constructor::setConstructorAccessor (21 bytes)
Event: 4.003 Thread 0x0000000015f8a000 nmethod 1615 0x0000000002bc3150 code [0x0000000002bc32c0, 0x0000000002bc3668]

GC Heap History (10 events):
Event: 2.174 GC heap before
{Heap before GC invocations=2 (full 0):
 PSYoungGen      total 18432K, used 18422K [0x00000000e0000000, 0x00000000e1480000, 0x0000000100000000)
  eden space 15872K, 100% used [0x00000000e0000000,0x00000000e0f80000,0x00000000e0f80000)
  from space 2560K, 99% used [0x00000000e0f80000,0x00000000e11fd9a0,0x00000000e1200000)
  to   space 2560K, 0% used [0x00000000e1200000,0x00000000e1200000,0x00000000e1480000)
 ParOldGen       total 42496K, used 1009K [0x00000000a0000000, 0x00000000a2980000, 0x00000000e0000000)
  object space 42496K, 2% used [0x00000000a0000000,0x00000000a00fc4e0,0x00000000a2980000)
 Metaspace       used 12780K, capacity 12994K, committed 13184K, reserved 1060864K
  class space    used 1475K, capacity 1562K, committed 1664K, reserved 1048576K
Event: 2.181 GC heap after
Heap after GC invocations=2 (full 0):
 PSYoungGen      total 18432K, used 2544K [0x00000000e0000000, 0x00000000e2400000, 0x0000000100000000)
  eden space 15872K, 0% used [0x00000000e0000000,0x00000000e0000000,0x00000000e0f80000)
  from space 2560K, 99% used [0x00000000e1200000,0x00000000e147c288,0x00000000e1480000)
  to   space 2560K, 0% used [0x00000000e0f80000,0x00000000e0f80000,0x00000000e1200000)
 ParOldGen       total 42496K, used 4645K [0x00000000a0000000, 0x00000000a2980000, 0x00000000e0000000)
  object space 42496K, 10% used [0x00000000a0000000,0x00000000a0489548,0x00000000a2980000)
 Metaspace       used 12780K, capacity 12994K, committed 13184K, reserved 1060864K
  class space    used 1475K, capacity 1562K, committed 1664K, reserved 1048576K
}
Event: 2.496 GC heap before
{Heap before GC invocations=3 (full 0):
 PSYoungGen      total 18432K, used 18416K [0x00000000e0000000, 0x00000000e2400000, 0x0000000100000000)
  eden space 15872K, 100% used [0x00000000e0000000,0x00000000e0f80000,0x00000000e0f80000)
  from space 2560K, 99% used [0x00000000e1200000,0x00000000e147c288,0x00000000e1480000)
  to   space 2560K, 0% used [0x00000000e0f80000,0x00000000e0f80000,0x00000000e1200000)
 ParOldGen       total 42496K, used 4645K [0x00000000a0000000, 0x00000000a2980000, 0x00000000e0000000)
  object space 42496K, 10% used [0x00000000a0000000,0x00000000a0489548,0x00000000a2980000)
 Metaspace       used 16335K, capacity 16556K, committed 16640K, reserved 1064960K
  class space    used 1939K, capacity 2017K, committed 2048K, reserved 1048576K
Event: 2.504 GC heap after
Heap after GC invocations=3 (full 0):
 PSYoungGen      total 18432K, used 2544K [0x00000000e0000000, 0x00000000e2400000, 0x0000000100000000)
  eden space 15872K, 0% used [0x00000000e0000000,0x00000000e0000000,0x00000000e0f80000)
  from space 2560K, 99% used [0x00000000e0f80000,0x00000000e11fc010,0x00000000e1200000)
  to   space 2560K, 0% used [0x00000000e2180000,0x00000000e2180000,0x00000000e2400000)
 ParOldGen       total 42496K, used 8574K [0x00000000a0000000, 0x00000000a2980000, 0x00000000e0000000)
  object space 42496K, 20% used [0x00000000a0000000,0x00000000a085f818,0x00000000a2980000)
 Metaspace       used 16335K, capacity 16556K, committed 16640K, reserved 1064960K
  class space    used 1939K, capacity 2017K, committed 2048K, reserved 1048576K
}
Event: 3.332 GC heap before
{Heap before GC invocations=4 (full 0):
 PSYoungGen      total 18432K, used 18416K [0x00000000e0000000, 0x00000000e2400000, 0x0000000100000000)
  eden space 15872K, 100% used [0x00000000e0000000,0x00000000e0f80000,0x00000000e0f80000)
  from space 2560K, 99% used [0x00000000e0f80000,0x00000000e11fc010,0x00000000e1200000)
  to   space 2560K, 0% used [0x00000000e2180000,0x00000000e2180000,0x00000000e2400000)
 ParOldGen       total 42496K, used 8574K [0x00000000a0000000, 0x00000000a2980000, 0x00000000e0000000)
  object space 42496K, 20% used [0x00000000a0000000,0x00000000a085f818,0x00000000a2980000)
 Metaspace       used 19838K, capacity 20170K, committed 20480K, reserved 1067008K
  class space    used 2414K, capacity 2518K, committed 2560K, reserved 1048576K
Event: 3.340 GC heap after
Heap after GC invocations=4 (full 0):
 PSYoungGen      total 34304K, used 2560K [0x00000000e0000000, 0x00000000e2400000, 0x0000000100000000)
  eden space 31744K, 0% used [0x00000000e0000000,0x00000000e0000000,0x00000000e1f00000)
  from space 2560K, 100% used [0x00000000e2180000,0x00000000e2400000,0x00000000e2400000)
  to   space 2560K, 0% used [0x00000000e1f00000,0x00000000e1f00000,0x00000000e2180000)
 ParOldGen       total 42496K, used 12268K [0x00000000a0000000, 0x00000000a2980000, 0x00000000e0000000)
  object space 42496K, 28% used [0x00000000a0000000,0x00000000a0bfb038,0x00000000a2980000)
 Metaspace       used 19838K, capacity 20170K, committed 20480K, reserved 1067008K
  class space    used 2414K, capacity 2518K, committed 2560K, reserved 1048576K
}
Event: 3.421 GC heap before
{Heap before GC invocations=5 (full 0):
 PSYoungGen      total 34304K, used 7067K [0x00000000e0000000, 0x00000000e2400000, 0x0000000100000000)
  eden space 31744K, 14% used [0x00000000e0000000,0x00000000e0466f58,0x00000000e1f00000)
  from space 2560K, 100% used [0x00000000e2180000,0x00000000e2400000,0x00000000e2400000)
  to   space 2560K, 0% used [0x00000000e1f00000,0x00000000e1f00000,0x00000000e2180000)
 ParOldGen       total 42496K, used 12268K [0x00000000a0000000, 0x00000000a2980000, 0x00000000e0000000)
  object space 42496K, 28% used [0x00000000a0000000,0x00000000a0bfb038,0x00000000a2980000)
 Metaspace       used 20787K, capacity 21080K, committed 21296K, reserved 1069056K
  class space    used 2551K, capacity 2651K, committed 2688K, reserved 1048576K
Event: 3.427 GC heap after
Heap after GC invocations=5 (full 0):
 PSYoungGen      total 34304K, used 2544K [0x00000000e0000000, 0x00000000e4e00000, 0x0000000100000000)
  eden space 31744K, 0% used [0x00000000e0000000,0x00000000e0000000,0x00000000e1f00000)
  from space 2560K, 99% used [0x00000000e1f00000,0x00000000e217c010,0x00000000e2180000)
  to   space 8192K, 0% used [0x00000000e4600000,0x00000000e4600000,0x00000000e4e00000)
 ParOldGen       total 42496K, used 13374K [0x00000000a0000000, 0x00000000a2980000, 0x00000000e0000000)
  object space 42496K, 31% used [0x00000000a0000000,0x00000000a0d0fa58,0x00000000a2980000)
 Metaspace       used 20787K, capacity 21080K, committed 21296K, reserved 1069056K
  class space    used 2551K, capacity 2651K, committed 2688K, reserved 1048576K
}
Event: 3.427 GC heap before
{Heap before GC invocations=6 (full 1):
 PSYoungGen      total 34304K, used 2544K [0x00000000e0000000, 0x00000000e4e00000, 0x0000000100000000)
  eden space 31744K, 0% used [0x00000000e0000000,0x00000000e0000000,0x00000000e1f00000)
  from space 2560K, 99% used [0x00000000e1f00000,0x00000000e217c010,0x00000000e2180000)
  to   space 8192K, 0% used [0x00000000e4600000,0x00000000e4600000,0x00000000e4e00000)
 ParOldGen       total 42496K, used 13374K [0x00000000a0000000, 0x00000000a2980000, 0x00000000e0000000)
  object space 42496K, 31% used [0x00000000a0000000,0x00000000a0d0fa58,0x00000000a2980000)
 Metaspace       used 20787K, capacity 21080K, committed 21296K, reserved 1069056K
  class space    used 2551K, capacity 2651K, committed 2688K, reserved 1048576K
Event: 3.473 GC heap after
Heap after GC invocations=6 (full 1):
 PSYoungGen      total 34304K, used 0K [0x00000000e0000000, 0x00000000e4e00000, 0x0000000100000000)
  eden space 31744K, 0% used [0x00000000e0000000,0x00000000e0000000,0x00000000e1f00000)
  from space 2560K, 0% used [0x00000000e1f00000,0x00000000e1f00000,0x00000000e2180000)
  to   space 8192K, 0% used [0x00000000e4600000,0x00000000e4600000,0x00000000e4e00000)
 ParOldGen       total 38912K, used 11487K [0x00000000a0000000, 0x00000000a2600000, 0x00000000e0000000)
  object space 38912K, 29% used [0x00000000a0000000,0x00000000a0b37c78,0x00000000a2600000)
 Metaspace       used 20787K, capacity 21080K, committed 21296K, reserved 1069056K
  class space    used 2551K, capacity 2651K, committed 2688K, reserved 1048576K
}

Deoptimization events (10 events):
Event: 2.163 Thread 0x0000000017d9f800 Uncommon trap: reason=unstable_if action=reinterpret pc=0x0000000002984f14 method=kotlin.reflect.jvm.internal.impl.protobuf.CodedInputStream.readRawVarint32()I @ 69
Event: 2.164 Thread 0x0000000017d9f800 Uncommon trap: reason=unstable_if action=reinterpret pc=0x0000000002960940 method=kotlin.reflect.jvm.internal.impl.protobuf.CodedInputStream.readRawVarint32()I @ 69
Event: 2.165 Thread 0x0000000017d9f800 Uncommon trap: reason=class_check action=maybe_recompile pc=0x000000000297cb0c method=kotlin.reflect.jvm.internal.impl.protobuf.CodedInputStream.tryRefillBuffer(I)Z @ 177
Event: 2.940 Thread 0x0000000017d9f800 Uncommon trap: reason=class_check action=maybe_recompile pc=0x00000000028b0940 method=sun.security.provider.DigestBase.engineUpdate([BII)V @ 128
Event: 3.262 Thread 0x0000000017d9f800 Uncommon trap: reason=unstable_if action=reinterpret pc=0x00000000029fede8 method=java.util.HashMap.hash(Ljava/lang/Object;)I @ 1
Event: 3.399 Thread 0x0000000017d9f800 Uncommon trap: reason=bimorphic action=maybe_recompile pc=0x00000000028cf56c method=java.io.FilterInputStream.read([B)I @ 5
Event: 3.400 Thread 0x0000000017d9f800 Uncommon trap: reason=bimorphic action=maybe_recompile pc=0x00000000028cf56c method=java.io.FilterInputStream.read([B)I @ 5
Event: 3.400 Thread 0x0000000017d9f800 Uncommon trap: reason=bimorphic action=maybe_recompile pc=0x00000000028cf56c method=java.io.FilterInputStream.read([B)I @ 5
Event: 3.501 Thread 0x0000000017d9f800 Uncommon trap: reason=range_check action=make_not_entrant pc=0x0000000002a1be60 method=sun.reflect.generics.parser.SignatureParser.current()C @ 34
Event: 3.673 Thread 0x0000000017d9f800 Uncommon trap: reason=bimorphic action=maybe_recompile pc=0x00000000028cf56c method=java.io.FilterInputStream.read([B)I @ 5

Classes redefined (0 events):
No events

Internal exceptions (10 events):
Event: 1.892 Thread 0x0000000017d46000 Exception <a 'java/lang/InterruptedException'> (0x00000000e0f6f060) thrown at [D:\src\AOSP-openjdk-cygwin\jdk8u\hotspot\src\share\vm\runtime\objectMonitor.cpp, line 1684]
Event: 2.213 Thread 0x0000000017d9f800 Exception <a 'java/lang/ArrayIndexOutOfBoundsException'> (0x00000000e0235998) thrown at [D:\src\AOSP-openjdk-cygwin\jdk8u\hotspot\src\share\vm\runtime\sharedRuntime.cpp, line 605]
Event: 2.768 Thread 0x0000000017d9f800 Exception <a 'sun/nio/fs/WindowsException'> (0x00000000e03005d8) thrown at [D:\src\AOSP-openjdk-cygwin\jdk8u\hotspot\src\share\vm\prims\jni.cpp, line 709]
Event: 2.768 Thread 0x0000000017d9f800 Exception <a 'java/lang/reflect/InvocationTargetException'> (0x00000000e0300e00) thrown at [D:\src\AOSP-openjdk-cygwin\jdk8u\hotspot\src\share\vm\runtime\reflection.cpp, line 1092]
Event: 3.262 Thread 0x0000000017d9f800 Implicit null exception at 0x00000000029fed6f to 0x00000000029fedd9
Event: 3.341 Thread 0x0000000017d9f800 Exception <a 'java/lang/NoSuchMethodError': java.lang.Object.lambda$comparing$77a9974f$1(Ljava/util/function/Function;Ljava/lang/Object;Ljava/lang/Object;)I> (0x00000000e00078e8) thrown at [D:\src\AOSP-openjdk-cygwin\jdk8u\hotspot\src\share\vm\interpreter
Event: 3.501 Thread 0x0000000017d9f800 Exception <a 'java/lang/ArrayIndexOutOfBoundsException': 60> (0x00000000e0143920) thrown at [D:\src\AOSP-openjdk-cygwin\jdk8u\hotspot\src\share\vm\interpreter\interpreterRuntime.cpp, line 366]
Event: 3.508 Thread 0x0000000017d9f800 Exception <a 'java/lang/ArrayIndexOutOfBoundsException'> (0x00000000e016c0c8) thrown at [D:\src\AOSP-openjdk-cygwin\jdk8u\hotspot\src\share\vm\runtime\sharedRuntime.cpp, line 605]
Event: 3.629 Thread 0x0000000017d9f800 Exception <a 'java/lang/NoSuchMethodError': java.lang.Object.lambda$static$0(I)[Lorg/jetbrains/kotlin/com/intellij/openapi/editor/event/DocumentListener;> (0x00000000e08b6688) thrown at [D:\src\AOSP-openjdk-cygwin\jdk8u\hotspot\src\share\vm\interpreter\li
Event: 3.666 Thread 0x0000000017d9f800 Exception <a 'java/lang/NoSuchMethodError': java.lang.Object.lambda$static$0(I)[Lorg/jetbrains/kotlin/com/intellij/psi/PsiAnnotation;> (0x00000000e0a88e00) thrown at [D:\src\AOSP-openjdk-cygwin\jdk8u\hotspot\src\share\vm\interpreter\linkResolver.cpp, line

Events (10 events):
Event: 3.887 loading class org/jetbrains/kotlin/com/intellij/util/ObjectUtils
Event: 3.887 loading class org/jetbrains/kotlin/com/intellij/util/ObjectUtils done
Event: 3.888 loading class org/jetbrains/kotlin/cli/jvm/index/JavaRoot
Event: 3.888 loading class org/jetbrains/kotlin/cli/jvm/index/JavaRoot done
Event: 3.888 loading class org/jetbrains/kotlin/cli/jvm/index/JavaRoot$RootTypes
Event: 3.888 loading class org/jetbrains/kotlin/cli/jvm/index/JavaRoot$RootTypes done
Event: 3.889 loading class org/jetbrains/kotlin/cli/jvm/index/JavaRoot$RootType
Event: 3.889 loading class org/jetbrains/kotlin/cli/jvm/index/JavaRoot$RootType done
Event: 3.898 loading class java/util/zip/ZipUtils
Event: 3.898 loading class java/util/zip/ZipUtils done


Dynamic libraries:
0x000000013fe00000 - 0x000000013fe31000 	E:\Khalifa\Enviroment\Android Studio\jre\jre\bin\java.exe
0x0000000076d40000 - 0x0000000076eea000 	C:\Windows\SYSTEM32\ntdll.dll
0x0000000076c20000 - 0x0000000076d3f000 	C:\Windows\system32\kernel32.dll
0x000007fefcd40000 - 0x000007fefcdaa000 	C:\Windows\system32\KERNELBASE.dll
0x000007fefeea0000 - 0x000007fefef7b000 	C:\Windows\system32\ADVAPI32.dll
0x000007fefed90000 - 0x000007fefee2f000 	C:\Windows\system32\msvcrt.dll
0x000007fefe770000 - 0x000007fefe78f000 	C:\Windows\SYSTEM32\sechost.dll
0x000007fefdf10000 - 0x000007fefe03d000 	C:\Windows\system32\RPCRT4.dll
0x0000000076b20000 - 0x0000000076c1a000 	C:\Windows\system32\USER32.dll
0x000007fefee30000 - 0x000007fefee97000 	C:\Windows\system32\GDI32.dll
0x000007fefe230000 - 0x000007fefe23e000 	C:\Windows\system32\LPK.dll
0x000007fefef80000 - 0x000007feff04b000 	C:\Windows\system32\USP10.dll
0x000007fefb390000 - 0x000007fefb584000 	C:\Windows\WinSxS\amd64_microsoft.windows.common-controls_6595b64144ccf1df_6.0.7601.18837_none_fa3b1e3d17594757\COMCTL32.dll
0x000007fefe240000 - 0x000007fefe2b1000 	C:\Windows\system32\SHLWAPI.dll
0x000007fefd070000 - 0x000007fefd09e000 	C:\Windows\system32\IMM32.DLL
0x000007fefebe0000 - 0x000007fefece9000 	C:\Windows\system32\MSCTF.dll
0x00000000592b0000 - 0x0000000059382000 	E:\Khalifa\Enviroment\Android Studio\jre\jre\bin\msvcr100.dll
0x0000000052390000 - 0x0000000052bce000 	E:\Khalifa\Enviroment\Android Studio\jre\jre\bin\server\jvm.dll
0x000007fef7d50000 - 0x000007fef7d59000 	C:\Windows\system32\WSOCK32.dll
0x000007fefeb90000 - 0x000007fefebdd000 	C:\Windows\system32\WS2_32.dll
0x000007fefe790000 - 0x000007fefe798000 	C:\Windows\system32\NSI.dll
0x000007fef8ed0000 - 0x000007fef8f0b000 	C:\Windows\system32\WINMM.dll
0x000007fefb970000 - 0x000007fefb97c000 	C:\Windows\system32\VERSION.dll
0x0000000076f10000 - 0x0000000076f17000 	C:\Windows\system32\PSAPI.DLL
0x000007feefb50000 - 0x000007feefb5f000 	E:\Khalifa\Enviroment\Android Studio\jre\jre\bin\verify.dll
0x000007fee8810000 - 0x000007fee8839000 	E:\Khalifa\Enviroment\Android Studio\jre\jre\bin\java.dll
0x000007feef0e0000 - 0x000007feef0f6000 	E:\Khalifa\Enviroment\Android Studio\jre\jre\bin\zip.dll
0x000007fefd180000 - 0x000007fefdf0a000 	C:\Windows\system32\SHELL32.dll
0x000007fefcdf0000 - 0x000007fefcfec000 	C:\Windows\system32\ole32.dll
0x000007fefca40000 - 0x000007fefca4f000 	C:\Windows\system32\profapi.dll
0x000007feefb60000 - 0x000007feefb6d000 	E:\Khalifa\Enviroment\Android Studio\jre\jre\bin\management.dll
0x000007feef0c0000 - 0x000007feef0da000 	E:\Khalifa\Enviroment\Android Studio\jre\jre\bin\net.dll
0x000007fefc1c0000 - 0x000007fefc215000 	C:\Windows\system32\mswsock.dll
0x000007fefc1b0000 - 0x000007fefc1b7000 	C:\Windows\System32\wship6.dll
0x000007fee8780000 - 0x000007fee8791000 	E:\Khalifa\Enviroment\Android Studio\jre\jre\bin\nio.dll
0x000007fefc570000 - 0x000007fefc588000 	C:\Windows\system32\CRYPTSP.dll
0x000007fefbf20000 - 0x000007fefbf67000 	C:\Windows\system32\rsaenh.dll
0x000007fefcd10000 - 0x000007fefcd2e000 	C:\Windows\system32\USERENV.dll
0x000007fefc890000 - 0x000007fefc89f000 	C:\Windows\system32\CRYPTBASE.dll
0x000007fef8de0000 - 0x000007fef8e07000 	C:\Windows\system32\IPHLPAPI.DLL
0x000007fef8dd0000 - 0x000007fef8ddb000 	C:\Windows\system32\WINNSI.DLL
0x000007fef8c00000 - 0x000007fef8c18000 	C:\Windows\system32\dhcpcsvc.DLL
0x000007fef8be0000 - 0x000007fef8bf1000 	C:\Windows\system32\dhcpcsvc6.DLL

VM Arguments:
jvm_args: -Djava.awt.headless=true -Djava.rmi.server.hostname=localhost -Xmx1536m -Dkotlin.environment.keepalive 
java_command: org.jetbrains.kotlin.daemon.KotlinCompileDaemon --daemon-runFilesPath C:\Users\orc\AppData\Local\kotlin\daemon --daemon-autoshutdownIdleSeconds=7200 --daemon-compilerClasspath C:\Users\orc\.gradle\caches\jars-3\f58e399bf7514751475f325920291a60\kotlin-compiler-embeddable-1.1.51.jar;E:\Khalifa\Enviroment\Android Studio\jre\lib\tools.jar
java_class_path (initial): C:\Users\orc\.gradle\caches\jars-3\f58e399bf7514751475f325920291a60\kotlin-compiler-embeddable-1.1.51.jar;E:\Khalifa\Enviroment\Android Studio\jre\lib\tools.jar
Launcher Type: SUN_STANDARD

Environment Variables:
PATH=C:\Program Files (x86)\Common Files\Oracle\Java\javapath;C:\Windows\system32;C:\Windows;C:\Windows\System32\Wbem;C:\Windows\System32\WindowsPowerShell\v1.0\;C:\Program Files\7-Zip;C:\Program Files (x86)\Brackets\command;C:\Program Files\nodejs\;C:\Program Files\Git\cmd;;C:\Program Files\Microsoft VS Code\bin;C:\Users\orc\AppData\Roaming\npm
USERNAME=orc
OS=Windows_NT
PROCESSOR_IDENTIFIER=Intel64 Family 6 Model 37 Stepping 5, GenuineIntel



---------------  S Y S T E M  ---------------

OS: Windows 7 , 64 bit Build 7601 (6.1.7601.23915)

CPU:total 2 (initial active 2) (2 cores per cpu, 2 threads per core) family 6 model 37 stepping 5, cmov, cx8, fxsr, mmx, sse, sse2, sse3, ssse3, sse4.1, sse4.2, popcnt, aes, clmul, ht, tsc, tscinvbit

Memory: 4k page, physical 3988776k(646324k free), swap 3986916k(3056k free)

vm_info: OpenJDK 64-Bit Server VM (25.152-b01) for windows-amd64 JRE (1.8.0_152-release-915-b01), built by "builder" with MS VC++ 10.0 (VS2010)

time: Thu Aug 16 22:05:34 2018
elapsed time: 4 seconds (0d 0h 0m 4s)

