JvmtiExport can_access_local_variables 0
JvmtiExport can_hotswap_or_post_breakpoint 0
JvmtiExport can_post_on_exceptions 0
# 298 ciObject found
ciMethod java/lang/Object <init> ()V 4097 1 1848988 0 0
ciMethod java/lang/Object hashCode ()I 2049 1 256 0 -1
ciMethod java/lang/Object clone ()Ljava/lang/Object; 2049 1 256 0 -1
ciMethod java/lang/String equals (Ljava/lang/Object;)Z 3409 13009 3886 0 -1
ciMethod java/lang/String hashCode ()I 2729 32769 999 0 288
ciMethod java/lang/reflect/GenericDeclaration getTypeParameters ()[Ljava/lang/reflect/TypeVariable; 0 0 1 0 -1
ciMethod java/lang/Class getName ()Ljava/lang/String; 297 1 78556 0 96
ciMethod java/lang/Class getName0 ()Ljava/lang/String; 2073 1 259 0 -1
ciMethod java/lang/Class getEnclosingMethod ()Ljava/lang/reflect/Method; 913 129 114 0 -1
ciMethod java/lang/Class getEnclosingConstructor ()Ljava/lang/reflect/Constructor; 897 9 112 0 -1
ciMethod java/lang/Class getEnclosingClass ()Ljava/lang/Class; 2049 1 3291 0 -1
ciMethod java/lang/ref/Reference <init> (Ljava/lang/Object;)V 2049 1 59428 0 0
ciMethod java/lang/ref/Reference <init> (Ljava/lang/Object;Ljava/lang/ref/ReferenceQueue;)V 2049 1 50996 0 96
ciMethod java/lang/ref/WeakReference <init> (Ljava/lang/Object;)V 3185 1 51792 0 96
ciMethod java/lang/reflect/Method getDeclaringClass ()Ljava/lang/Class; 1041 1 130 0 0
ciMethod java/lang/reflect/Method getName ()Ljava/lang/String; 3313 1 414 0 0
ciMethod java/lang/reflect/Method hashCode ()I 2049 1 4414 0 0
ciMethod java/lang/StringBuilder <init> (Ljava/lang/String;)V 3433 1 15477 0 -1
ciMethod java/lang/StringBuilder append (Ljava/lang/String;)Ljava/lang/StringBuilder; 1953 1 426310 0 -1
ciMethod java/lang/StringBuilder toString ()Ljava/lang/String; 1017 1 167862 0 -1
ciMethod java/util/List isEmpty ()Z 0 0 1 0 -1
ciMethod java/util/List iterator ()Ljava/util/Iterator; 0 0 1 0 -1
ciMethod java/util/Arrays hashCode ([Ljava/lang/Object;)I 2193 2001 6418 0 288
ciMethodData java/lang/Object <init> ()V 2 1848988 orig 264 56 157 191 90 0 0 0 0 128 4 110 21 0 0 0 0 32 1 0 0 0 0 0 0 0 0 0 0 0 0 0 0 0 0 0 0 0 0 0 0 0 0 0 0 0 0 0 0 0 0 0 0 0 0 0 0 0 0 0 0 0 0 0 0 0 0 0 0 0 0 0 0 0 0 0 0 0 0 0 0 77 68 79 32 101 120 116 114 97 32 100 97 116 97 32 108 111 99 107 0 0 0 0 0 0 0 0 0 0 0 0 0 0 0 0 0 0 0 0 0 0 0 0 0 0 0 0 0 0 0 0 0 0 0 0 0 0 0 0 0 0 0 0 0 0 0 0 0 0 0 0 0 0 0 0 0 0 0 0 0 0 0 0 0 0 0 0 0 0 0 0 0 0 0 0 0 0 0 0 0 0 0 0 0 1 0 0 0 0 0 0 0 1 0 0 0 0 0 0 0 1 0 0 0 0 0 0 0 0 0 0 0 0 0 0 0 0 2 0 0 225 164 225 0 1 0 0 0 0 0 0 0 0 0 0 0 2 0 0 0 0 0 3 0 1 0 0 0 0 0 0 0 255 255 255 255 0 0 0 0 0 0 0 0 data 0 oops 0
ciMethod java/util/Objects hashCode (Ljava/lang/Object;)I 2065 1 2570 0 -1
ciMethod java/util/Iterator hasNext ()Z 0 0 1 0 -1
ciMethod java/util/Iterator next ()Ljava/lang/Object; 0 0 1 0 -1
ciMethodData java/lang/String hashCode ()I 2 20584 orig 264 56 157 191 90 0 0 0 0 0 80 110 21 0 0 0 0 152 1 0 0 32 0 0 0 0 0 0 0 0 0 0 0 0 0 0 0 0 0 0 0 0 0 0 0 0 0 0 0 0 0 0 0 0 0 0 0 0 0 0 0 0 0 0 0 0 0 0 0 0 0 0 0 0 0 0 0 0 0 0 0 77 68 79 32 101 120 116 114 97 32 100 97 116 97 32 108 111 99 107 0 0 0 0 0 0 0 0 0 0 0 0 0 0 0 0 0 0 0 0 0 0 0 0 0 0 0 0 0 0 0 0 0 0 0 0 0 0 0 0 0 0 0 0 0 0 0 0 0 0 0 0 0 0 0 0 0 0 0 0 0 0 0 0 0 0 0 0 0 0 0 0 0 0 0 0 0 0 0 0 0 0 0 0 0 1 0 0 0 0 0 0 0 0 0 0 0 0 0 0 0 1 0 0 0 0 0 0 0 0 0 0 0 0 0 0 0 0 16 0 0 145 20 0 0 65 3 2 0 0 0 0 0 0 0 0 0 2 0 0 0 1 0 11 0 2 0 0 0 120 0 0 0 255 255 255 255 7 0 6 0 0 0 0 0 data 15 0x60007 0xf0 0x78 0x1a2 0xe0007 0x3 0x58 0x19f 0x1e0007 0x19f 0x38 0x4039 0x2d0003 0x4039 0xffffffffffffffe0 oops 0
ciMethod java/lang/AssertionError <init> ()V 0 0 1 0 -1
ciMethodData java/lang/ref/Reference <init> (Ljava/lang/Object;Ljava/lang/ref/ReferenceQueue;)V 2 50996 orig 264 56 157 191 90 0 0 0 0 232 135 112 21 0 0 0 0 120 1 0 0 0 0 0 0 0 0 0 0 0 0 0 0 0 0 0 0 0 0 0 0 0 0 0 0 0 0 0 0 0 0 0 0 0 0 0 0 0 0 0 0 0 0 0 0 0 0 0 0 0 0 0 0 0 0 0 0 0 0 0 0 77 68 79 32 101 120 116 114 97 32 100 97 116 97 32 108 111 99 107 0 0 0 0 0 0 0 0 0 0 0 0 0 0 0 0 0 0 0 0 0 0 0 0 0 0 0 0 0 0 0 0 0 0 0 0 0 0 0 0 0 0 0 0 0 0 0 0 0 0 0 0 0 0 0 0 0 0 0 0 0 0 0 0 0 0 0 0 0 0 0 0 0 0 0 0 0 0 0 0 0 0 0 0 0 1 0 0 0 0 0 0 0 0 0 0 0 0 0 0 0 1 0 0 0 0 0 0 0 0 0 0 0 0 0 0 0 0 1 0 0 161 49 6 0 1 0 0 0 0 0 0 0 0 0 0 0 2 0 0 0 0 0 6 0 2 0 0 0 72 0 0 0 255 255 255 255 2 0 1 0 0 0 0 0 data 9 0x10002 0xc634 0xb0007 0x69aa 0x38 0x5c8a 0x110003 0x5c8a 0x18 oops 0
ciMethodData java/lang/Class getName ()Ljava/lang/String; 2 78556 orig 264 56 157 191 90 0 0 0 0 112 200 110 21 0 0 0 0 80 1 0 0 0 0 0 0 0 0 0 0 0 0 0 0 0 0 0 0 0 0 0 0 0 0 0 0 0 0 0 0 0 0 0 0 0 0 0 0 0 0 0 0 0 0 0 0 0 0 0 0 0 0 0 0 0 0 0 0 0 0 0 0 77 68 79 32 101 120 116 114 97 32 100 97 116 97 32 108 111 99 107 0 0 0 0 0 0 0 0 0 0 0 0 0 0 0 0 0 0 0 0 0 0 0 0 0 0 0 0 0 0 0 0 0 0 0 0 0 0 0 0 0 0 0 0 0 0 0 0 0 0 0 0 0 0 0 0 0 0 0 0 0 0 0 0 0 0 0 0 0 0 0 0 0 0 0 0 0 0 0 0 0 0 0 0 0 17 0 0 0 0 0 0 0 0 0 0 0 0 0 0 0 0 0 0 0 0 0 0 0 0 0 0 0 0 0 0 0 37 0 0 0 185 149 9 0 1 0 0 0 0 0 0 0 0 0 0 0 2 0 0 0 0 0 6 0 2 0 0 0 48 0 0 0 255 255 255 255 7 0 6 0 0 0 0 0 data 6 0x60007 0x12ebf 0x30 0x3f8 0xb0002 0x3f8 oops 0
ciMethodData java/lang/ref/Reference <init> (Ljava/lang/Object;)V 2 59428 orig 264 56 157 191 90 0 0 0 0 56 135 112 21 0 0 0 0 56 1 0 0 0 0 0 0 0 0 0 0 0 0 0 0 0 0 0 0 0 0 0 0 0 0 0 0 0 0 0 0 0 0 0 0 0 0 0 0 0 0 0 0 0 0 0 0 0 0 0 0 0 0 0 0 0 0 0 0 0 0 0 0 77 68 79 32 101 120 116 114 97 32 100 97 116 97 32 108 111 99 107 0 0 0 0 0 0 0 0 0 0 0 0 0 0 0 0 0 0 0 0 0 0 0 0 0 0 0 0 0 0 0 0 0 0 0 0 0 0 0 0 0 0 0 0 0 0 0 0 0 0 0 0 0 0 0 0 0 0 0 0 0 0 0 0 0 0 0 0 0 0 0 0 0 0 0 0 0 0 0 0 0 0 0 0 0 1 0 0 0 0 0 0 0 0 0 0 0 0 0 0 0 1 0 0 0 0 0 0 0 0 0 0 0 0 0 0 0 0 1 0 0 33 57 7 0 1 0 0 0 0 0 0 0 0 0 0 0 2 0 0 0 0 0 6 0 2 0 0 0 16 0 0 0 255 255 255 255 2 0 3 0 0 0 0 0 data 2 0x30002 0xe724 oops 0
ciMethod sun/reflect/generics/scope/MethodScope getEnclosingClass ()Ljava/lang/Class; 4097 1 1062 0 0
ciMethod sun/reflect/generics/scope/MethodScope computeEnclosingScope ()Lsun/reflect/generics/scope/Scope; 4097 1 1035 0 0
ciMethod sun/reflect/generics/scope/MethodScope make (Ljava/lang/reflect/Method;)Lsun/reflect/generics/scope/MethodScope; 305 1 2685 0 -1
ciMethod sun/reflect/generics/scope/Scope lookup (Ljava/lang/String;)Ljava/lang/reflect/TypeVariable; 0 0 1 0 -1
ciMethod sun/reflect/generics/scope/AbstractScope <init> (Ljava/lang/reflect/GenericDeclaration;)V 929 1 6644 0 0
ciMethod sun/reflect/generics/scope/AbstractScope getRecvr ()Ljava/lang/reflect/GenericDeclaration; 1025 1 128 0 0
ciMethod sun/reflect/generics/scope/AbstractScope computeEnclosingScope ()Lsun/reflect/generics/scope/Scope; 0 0 1 0 -1
ciMethod sun/reflect/generics/scope/AbstractScope getEnclosingScope ()Lsun/reflect/generics/scope/Scope; 937 1 1779 0 0
ciMethod sun/reflect/generics/scope/AbstractScope lookup (Ljava/lang/String;)Ljava/lang/reflect/TypeVariable; 2529 1 5496 0 0
ciMethod sun/reflect/generics/factory/GenericsFactory makeParameterizedType (Ljava/lang/reflect/Type;[Ljava/lang/reflect/Type;Ljava/lang/reflect/Type;)Ljava/lang/reflect/ParameterizedType; 0 0 1 0 -1
ciMethod sun/reflect/generics/factory/GenericsFactory findTypeVariable (Ljava/lang/String;)Ljava/lang/reflect/TypeVariable; 0 0 1 0 -1
ciMethod sun/reflect/generics/factory/GenericsFactory makeNamedType (Ljava/lang/String;)Ljava/lang/reflect/Type; 0 0 1 0 -1
ciMethod sun/reflect/generics/factory/CoreReflectionFactory getScope ()Lsun/reflect/generics/scope/Scope; 1121 1 140 0 0
ciMethod sun/reflect/generics/factory/CoreReflectionFactory findTypeVariable (Ljava/lang/String;)Ljava/lang/reflect/TypeVariable; 4097 1 3717 0 0
ciMethod sun/reflect/generics/tree/TypeTree accept (Lsun/reflect/generics/visitor/TypeTreeVisitor;)V 0 0 1 0 -1
ciMethod sun/reflect/generics/tree/SimpleClassTypeSignature getDollar ()Z 1033 1 129 0 -1
ciMethod sun/reflect/generics/tree/SimpleClassTypeSignature getName ()Ljava/lang/String; 1033 1 129 0 -1
ciMethod sun/reflect/generics/tree/SimpleClassTypeSignature getTypeArguments ()[Lsun/reflect/generics/tree/TypeArgument; 1281 1 160 0 -1
ciMethod sun/reflect/generics/tree/ClassTypeSignature getPath ()Ljava/util/List; 1033 1 129 0 -1
ciMethod sun/reflect/generics/tree/ClassTypeSignature accept (Lsun/reflect/generics/visitor/TypeTreeVisitor;)V 2089 1 8986 0 0
ciMethod sun/reflect/generics/visitor/TypeTreeVisitor visitClassTypeSignature (Lsun/reflect/generics/tree/ClassTypeSignature;)V 0 0 1 0 -1
ciMethod sun/reflect/generics/visitor/TypeTreeVisitor visitTypeVariableSignature (Lsun/reflect/generics/tree/TypeVariableSignature;)V 0 0 1 0 -1
ciMethod sun/reflect/generics/visitor/Reifier <init> (Lsun/reflect/generics/factory/GenericsFactory;)V 2913 1 10674 0 0
ciMethod sun/reflect/generics/visitor/Reifier getFactory ()Lsun/reflect/generics/factory/GenericsFactory; 1025 1 128 0 0
ciMethod sun/reflect/generics/visitor/Reifier make (Lsun/reflect/generics/factory/GenericsFactory;)Lsun/reflect/generics/visitor/Reifier; 2913 1 10674 0 0
ciMethod sun/reflect/generics/visitor/Reifier reifyTypeArguments ([Lsun/reflect/generics/tree/TypeArgument;)[Ljava/lang/reflect/Type; 817 857 3598 0 -1
ciMethod sun/reflect/generics/visitor/Reifier getResult ()Ljava/lang/reflect/Type; 2913 1 10674 0 0
ciMethod sun/reflect/generics/visitor/Reifier visitClassTypeSignature (Lsun/reflect/generics/tree/ClassTypeSignature;)V 2097 1 9030 0 -1
ciMethod sun/reflect/generics/visitor/Reifier visitTypeVariableSignature (Lsun/reflect/generics/tree/TypeVariableSignature;)V 4097 1 3717 0 0
ciMethod java/lang/reflect/ParameterizedType getActualTypeArguments ()[Ljava/lang/reflect/Type; 0 0 1 0 -1
ciMethod java/lang/reflect/ParameterizedType getRawType ()Ljava/lang/reflect/Type; 0 0 1 0 -1
ciMethod java/lang/reflect/ParameterizedType getOwnerType ()Ljava/lang/reflect/Type; 0 0 1 0 -1
ciMethod sun/reflect/generics/reflectiveObjects/ParameterizedTypeImpl getActualTypeArguments ()[Ljava/lang/reflect/Type; 3785 1 4613 0 0
ciMethod sun/reflect/generics/reflectiveObjects/ParameterizedTypeImpl getRawType ()Ljava/lang/Class; 1161 1 145 0 0
ciMethod sun/reflect/generics/reflectiveObjects/ParameterizedTypeImpl getOwnerType ()Ljava/lang/reflect/Type; 1033 1 129 0 0
ciMethod sun/reflect/generics/reflectiveObjects/ParameterizedTypeImpl getRawType ()Ljava/lang/reflect/Type; 2057 1 5437 0 32
ciMethod sun/reflect/generics/scope/ClassScope <init> (Ljava/lang/Class;)V 633 1 3929 0 0
ciMethod sun/reflect/generics/scope/ClassScope computeEnclosingScope ()Lsun/reflect/generics/scope/Scope; 81 1 10 0 0
ciMethod sun/reflect/generics/scope/ClassScope make (Ljava/lang/Class;)Lsun/reflect/generics/scope/ClassScope; 633 1 3929 0 0
ciMethod java/lang/reflect/TypeVariable getBounds ()[Ljava/lang/reflect/Type; 0 0 1 0 -1
ciMethod java/lang/reflect/TypeVariable getName ()Ljava/lang/String; 0 0 1 0 -1
ciMethod sun/reflect/generics/reflectiveObjects/TypeVariableImpl getBoundASTs ()[Lsun/reflect/generics/tree/FieldTypeSignature; 1441 1 326 0 0
ciMethod sun/reflect/generics/reflectiveObjects/TypeVariableImpl getBounds ()[Ljava/lang/reflect/Type; 4097 833 1963 0 0
ciMethod sun/reflect/generics/reflectiveObjects/TypeVariableImpl getName ()Ljava/lang/String; 1025 1 128 0 0
ciMethod sun/reflect/generics/reflectiveObjects/TypeVariableImpl hashCode ()I 3097 1 4128 0 0
ciMethod sun/reflect/generics/reflectiveObjects/LazyReflectiveObjectGenerator getFactory ()Lsun/reflect/generics/factory/GenericsFactory; 1033 1 129 0 0
ciMethod sun/reflect/generics/reflectiveObjects/LazyReflectiveObjectGenerator getReifier ()Lsun/reflect/generics/visitor/Reifier; 1113 1 1781 0 0
ciMethod java/lang/reflect/WildcardType getUpperBounds ()[Ljava/lang/reflect/Type; 0 0 1 0 -1
ciMethod java/lang/reflect/WildcardType getLowerBounds ()[Ljava/lang/reflect/Type; 0 0 1 0 -1
ciMethod sun/reflect/generics/tree/TypeVariableSignature getIdentifier ()Ljava/lang/String; 1121 1 140 0 0
ciMethod sun/reflect/generics/tree/TypeVariableSignature accept (Lsun/reflect/generics/visitor/TypeTreeVisitor;)V 4097 1 3717 0 0
ciMethod com/google/common/collect/ImmutableList hashCode ()I 5609 25945 1237 0 -1
ciMethodData java/lang/ref/WeakReference <init> (Ljava/lang/Object;)V 2 51792 orig 264 56 157 191 90 0 0 0 0 152 142 112 21 0 0 0 0 56 1 0 0 0 0 0 0 0 0 0 0 0 0 0 0 0 0 0 0 0 0 0 0 0 0 0 0 0 0 0 0 0 0 0 0 0 0 0 0 0 0 0 0 0 0 0 0 0 0 0 0 0 0 0 0 0 0 0 0 0 0 0 0 77 68 79 32 101 120 116 114 97 32 100 97 116 97 32 108 111 99 107 0 0 0 0 0 0 0 0 0 0 0 0 0 0 0 0 0 0 0 0 0 0 0 0 0 0 0 0 0 0 0 0 0 0 0 0 0 0 0 0 0 0 0 0 0 0 0 0 0 0 0 0 0 0 0 0 0 0 0 0 0 0 0 0 0 0 0 0 0 0 0 0 0 0 0 0 0 0 0 0 0 0 0 0 0 1 0 0 0 0 0 0 0 0 0 0 0 0 0 0 0 1 0 0 0 0 0 0 0 0 0 0 0 0 0 0 0 142 1 0 0 17 70 6 0 1 0 0 0 0 0 0 0 0 0 0 0 2 0 0 0 0 0 7 0 2 0 0 0 16 0 0 0 255 255 255 255 2 0 2 0 0 0 0 0 data 2 0x20002 0xc8c2 oops 0
ciMethodData sun/reflect/generics/reflectiveObjects/ParameterizedTypeImpl getRawType ()Ljava/lang/reflect/Type; 2 5437 orig 264 56 157 191 90 0 0 0 0 40 7 169 21 0 0 0 0 120 1 0 0 0 0 0 0 0 0 0 0 0 0 0 0 0 0 0 0 0 0 0 0 0 0 0 0 0 0 0 0 0 0 0 0 0 0 0 0 0 0 0 0 0 0 0 0 0 0 0 0 0 0 0 0 0 0 0 0 0 0 0 0 77 68 79 32 101 120 116 114 97 32 100 97 116 97 32 108 111 99 107 0 0 0 0 0 0 0 0 0 0 0 0 0 0 0 0 0 0 0 0 0 0 0 0 0 0 0 0 0 0 0 0 0 0 0 0 0 0 0 0 0 0 0 0 0 0 0 0 0 0 0 0 0 0 0 0 0 0 0 0 0 0 0 0 0 0 0 0 0 0 0 0 0 0 0 0 0 0 0 0 0 0 0 0 0 0 0 0 0 0 0 0 0 0 0 0 0 0 0 0 0 0 0 0 0 0 0 0 0 0 0 0 0 0 0 0 0 1 1 0 0 225 161 0 0 1 0 0 0 0 0 0 0 0 0 0 0 2 0 0 0 0 0 3 0 2 0 0 0 48 0 0 0 255 255 255 255 5 0 1 0 0 0 0 0 data 6 0x10005 0x0 0x17769670 0x143c 0x0 0x0 oops 1 2 sun/reflect/generics/reflectiveObjects/ParameterizedTypeImpl
ciMethod java/lang/reflect/GenericArrayType getGenericComponentType ()Ljava/lang/reflect/Type; 0 0 1 0 -1
ciMethod sun/reflect/generics/reflectiveObjects/WildcardTypeImpl getUpperBoundASTs ()[Lsun/reflect/generics/tree/FieldTypeSignature; 673 1 969 0 0
ciMethod sun/reflect/generics/reflectiveObjects/WildcardTypeImpl getLowerBoundASTs ()[Lsun/reflect/generics/tree/FieldTypeSignature; 601 1 993 0 0
ciMethod sun/reflect/generics/reflectiveObjects/WildcardTypeImpl getUpperBounds ()[Ljava/lang/reflect/Type; 2049 673 3252 0 0
ciMethod sun/reflect/generics/reflectiveObjects/WildcardTypeImpl getLowerBounds ()[Ljava/lang/reflect/Type; 2129 393 5102 0 0
ciMethod sun/reflect/generics/reflectiveObjects/WildcardTypeImpl hashCode ()I 4097 1 695 0 0
ciMethodData sun/reflect/generics/scope/AbstractScope <init> (Ljava/lang/reflect/GenericDeclaration;)V 2 6644 orig 264 56 157 191 90 0 0 0 0 248 35 168 21 0 0 0 0 56 1 0 0 0 0 0 0 0 0 0 0 0 0 0 0 0 0 0 0 0 0 0 0 0 0 0 0 0 0 0 0 0 0 0 0 0 0 0 0 0 0 0 0 0 0 0 0 0 0 0 0 0 0 0 0 0 0 0 0 0 0 0 0 77 68 79 32 101 120 116 114 97 32 100 97 116 97 32 108 111 99 107 0 0 0 0 0 0 0 0 0 0 0 0 0 0 0 0 0 0 0 0 0 0 0 0 0 0 0 0 0 0 0 0 0 0 0 0 0 0 0 0 0 0 0 0 0 0 0 0 0 0 0 0 0 0 0 0 0 0 0 0 0 0 0 0 0 0 0 0 0 0 0 0 0 0 0 0 0 0 0 0 0 0 0 0 0 1 0 0 0 0 0 0 0 0 0 0 0 0 0 0 0 1 0 0 0 0 0 0 0 0 0 0 0 0 0 0 0 116 0 0 0 1 204 0 0 1 0 0 0 0 0 0 0 0 0 0 0 2 0 0 0 0 0 3 0 2 0 0 0 16 0 0 0 255 255 255 255 2 0 1 0 0 0 0 0 data 2 0x10002 0x1980 oops 0
ciMethodData sun/reflect/generics/scope/ClassScope make (Ljava/lang/Class;)Lsun/reflect/generics/scope/ClassScope; 2 3929 orig 264 56 157 191 90 0 0 0 0 208 16 169 21 0 0 0 0 48 1 0 0 0 0 0 0 0 0 0 0 0 0 0 0 0 0 0 0 0 0 0 0 0 0 0 0 0 0 0 0 0 0 0 0 0 0 0 0 0 0 0 0 0 0 0 0 0 0 0 0 0 0 0 0 0 0 0 0 0 0 0 0 77 68 79 32 101 120 116 114 97 32 100 97 116 97 32 108 111 99 107 0 0 0 0 0 0 0 0 0 0 0 0 0 0 0 0 0 0 0 0 0 0 0 0 0 0 0 0 0 0 0 0 0 0 0 0 0 0 0 0 0 0 0 0 0 0 0 0 0 0 0 0 0 0 0 0 0 0 0 0 0 0 0 0 0 0 0 0 0 0 0 0 0 0 0 0 0 0 0 0 0 0 0 0 0 13 0 0 0 0 0 0 0 0 0 0 0 0 0 0 0 0 0 0 0 0 0 0 0 0 0 0 0 0 0 0 0 79 0 0 0 81 120 0 0 1 0 0 0 0 0 0 0 0 0 0 0 2 0 0 0 0 0 3 0 2 0 0 0 16 0 0 0 255 255 255 255 2 0 5 0 0 0 0 0 data 2 0x50002 0xf0a oops 0
ciMethodData sun/reflect/generics/scope/ClassScope <init> (Ljava/lang/Class;)V 2 3929 orig 264 56 157 191 90 0 0 0 0 104 15 169 21 0 0 0 0 56 1 0 0 0 0 0 0 0 0 0 0 0 0 0 0 0 0 0 0 0 0 0 0 0 0 0 0 0 0 0 0 0 0 0 0 0 0 0 0 0 0 0 0 0 0 0 0 0 0 0 0 0 0 0 0 0 0 0 0 0 0 0 0 77 68 79 32 101 120 116 114 97 32 100 97 116 97 32 108 111 99 107 0 0 0 0 0 0 0 0 0 0 0 0 0 0 0 0 0 0 0 0 0 0 0 0 0 0 0 0 0 0 0 0 0 0 0 0 0 0 0 0 0 0 0 0 0 0 0 0 0 0 0 0 0 0 0 0 0 0 0 0 0 0 0 0 0 0 0 0 0 0 0 0 0 0 0 0 0 0 0 0 0 0 0 0 0 1 0 0 0 0 0 0 0 0 0 0 0 0 0 0 0 1 0 0 0 0 0 0 0 0 0 0 0 0 0 0 0 79 0 0 0 81 120 0 0 1 0 0 0 0 0 0 0 0 0 0 0 2 0 0 0 0 0 3 0 2 0 0 0 16 0 0 0 255 255 255 255 2 0 2 0 0 0 0 0 data 2 0x20002 0xf0a oops 0
ciMethodData sun/reflect/generics/tree/ClassTypeSignature accept (Lsun/reflect/generics/visitor/TypeTreeVisitor;)V 2 8986 orig 264 56 157 191 90 0 0 0 0 104 180 168 21 0 0 0 0 128 1 0 0 0 0 0 0 0 0 0 0 0 0 0 0 0 0 0 0 0 0 0 0 0 0 0 0 0 0 0 0 0 0 0 0 0 0 0 0 0 0 0 0 0 0 0 0 0 0 0 0 0 0 0 0 0 0 0 0 0 0 0 0 77 68 79 32 101 120 116 114 97 32 100 97 116 97 32 108 111 99 107 0 0 0 0 0 0 0 0 0 0 0 0 0 0 0 0 0 0 0 0 0 0 0 0 0 0 0 0 0 0 0 0 0 0 0 0 0 0 0 0 0 0 0 0 0 0 0 0 0 0 0 0 0 0 0 0 0 0 0 0 0 0 0 0 0 0 0 0 0 0 0 0 0 0 0 0 0 0 0 0 0 0 0 0 0 0 0 0 0 0 0 0 0 0 0 0 0 0 0 0 0 0 0 0 0 0 0 0 0 0 0 0 0 0 0 0 0 5 1 0 0 169 16 1 0 1 0 0 0 0 0 0 0 0 0 0 0 2 0 0 0 0 0 3 0 2 0 0 0 48 0 0 0 255 255 255 255 5 0 2 0 0 0 0 0 data 6 0x20005 0x0 0x1be42b40 0x2215 0x0 0x0 oops 1 2 sun/reflect/generics/visitor/Reifier
ciMethodData sun/reflect/generics/visitor/Reifier visitClassTypeSignature (Lsun/reflect/generics/tree/ClassTypeSignature;)V 2 9030 orig 264 56 157 191 90 0 0 0 0 40 229 168 21 0 0 0 0 232 10 0 0 184 6 0 0 0 0 0 0 0 0 0 0 0 0 0 0 0 0 0 0 0 0 0 0 0 0 0 0 0 0 0 0 0 0 0 0 0 0 0 0 0 0 0 0 0 0 0 0 0 0 0 0 0 0 0 0 0 0 0 0 77 68 79 32 101 120 116 114 97 32 100 97 116 97 32 108 111 99 107 0 0 0 0 0 0 0 0 0 0 0 0 0 0 0 0 0 0 0 0 0 0 0 0 0 0 0 0 0 0 0 0 0 0 0 0 0 0 0 0 0 0 0 0 0 0 0 0 0 0 0 0 0 0 0 0 0 0 0 0 0 0 0 0 0 0 0 0 0 0 0 0 0 0 0 0 0 0 0 0 0 0 0 0 0 0 0 0 0 0 0 0 0 0 0 0 0 0 0 0 0 0 0 0 0 0 0 0 0 0 0 0 0 0 0 0 0 6 1 0 0 1 18 1 0 1 0 0 0 0 0 0 0 0 0 0 0 2 0 0 0 2 0 31 0 2 0 0 0 152 9 0 0 255 255 255 255 5 0 1 0 0 0 0 0 data 307 0x10005 0x0 0x18e4f3f0 0x2240 0x0 0x0 0x80007 0x2240 0x80 0x0 0xc0005 0x0 0x0 0x0 0x0 0x0 0x110007 0x0 0x30 0x0 0x180002 0x0 0x1d0005 0x0 0x1b082200 0x2240 0x0 0x0 0x240005 0x0 0x1b0822b0 0x2240 0x0 0x0 0x290004 0x0 0x1be442d0 0x2240 0x0 0x0 0x340005 0x0 0x1be442d0 0x2240 0x0 0x0 0x370002 0x2240 0x3e0005 0x0 0x1be442d0 0x2240 0x0 0x0 0x440005 0x0 0x1b0822b0 0x2240 0x0 0x0 0x490007 0x2240 0x1e0 0x0 0x4e0005 0x0 0x0 0x0 0x0 0x0 0x520007 0x0 0x190 0x0 0x560005 0x0 0x0 0x0 0x0 0x0 0x5b0004 0x0 0x0 0x0 0x0 0x0 0x620005 0x0 0x0 0x0 0x0 0x0 0x6b0007 0x0 0x38 0x0 0x700003 0x0 0x18 0x750005 0x0 0x0 0x0 0x0 0x0 0x7a0005 0x0 0x0 0x0 0x0 0x0 0x7d0005 0x0 0x0 0x0 0x0 0x0 0x810003 0x0 0xfffffffffffffe08 0x870007 0x2240 0xd0 0x0 0x8b0005 0x0 0x0 0x0 0x0 0x0 0x900007 0x0 0x80 0x0 0x950005 0x0 0x0 0x0 0x0 0x0 0x990007 0x0 0x30 0x0 0xa00002 0x0 0xa50002 0x2240 0xaa0005 0x9d 0x160675e0 0x21a3 0x0 0x0 0xad0005 0x0 0x1ae8bc00 0x2240 0x0 0x0 0xb60005 0x0 0x1be442d0 0x2240 0x0 0x0 0xba0007 0xdda 0xb8 0x1466 0xc00007 0x1466 0x80 0x0 0xc40005 0x0 0x0 0x0 0x0 0x0 0xc90007 0x0 0x30 0x0 0xd00002 0x0 0xda0003 0x1466 0x3c8 0xe00007 0xdda 0x80 0x0 0xe50005 0x0 0x0 0x0 0x0 0x0 0xe90007 0x0 0x30 0x0 0xf00002 0x0 0xf70005 0x0 0x1be442d0 0xdda 0x0 0x0 0xfa0002 0xdda 0x1000002 0xdda 0x1080005 0x0 0x1ae8bc00 0xdda 0x0 0x0 0x1130005 0x0 0x1b0822b0 0xdda 0x0 0x0 0x1180007 0xdda 0x280 0x0 0x11c0005 0x0 0x0 0x0 0x0 0x0 0x1210004 0x0 0x0 0x0 0x0 0x0 0x1280005 0x0 0x0 0x0 0x0 0x0 0x1310007 0x0 0x38 0x0 0x1360003 0x0 0x18 0x13b0005 0x0 0x0 0x0 0x0 0x0 0x1400005 0x0 0x0 0x0 0x0 0x0 0x1430005 0x0 0x0 0x0 0x0 0x0 0x1480002 0x0 0x14d0005 0x0 0x0 0x0 0x0 0x0 0x1500005 0x0 0x0 0x0 0x0 0x0 0x15a0005 0x0 0x0 0x0 0x0 0x0 0x15d0002 0x0 0x1630002 0x0 0x16c0005 0x0 0x0 0x0 0x0 0x0 0x1730003 0x0 0xfffffffffffffd68 oops 13 2 sun/reflect/generics/tree/ClassTypeSignature 24 java/util/ArrayList 30 java/util/ArrayList$Itr 36 sun/reflect/generics/tree/SimpleClassTypeSignature 42 sun/reflect/generics/tree/SimpleClassTypeSignature 50 sun/reflect/generics/tree/SimpleClassTypeSignature 56 java/util/ArrayList$Itr 150 java/lang/StringBuilder 156 sun/reflect/generics/factory/CoreReflectionFactory 162 sun/reflect/generics/tree/SimpleClassTypeSignature 207 sun/reflect/generics/tree/SimpleClassTypeSignature 217 sun/reflect/generics/factory/CoreReflectionFactory 223 java/util/ArrayList$Itr
ciMethod org/gradle/model/internal/type/ModelType wrap (Ljava/lang/reflect/Type;)Lorg/gradle/model/internal/type/TypeWrapper; 4097 1 14856 0 0
ciMethod org/gradle/model/internal/type/ModelType toWrappers ([Ljava/lang/reflect/Type;)[Lorg/gradle/model/internal/type/TypeWrapper; 4097 3977 4097 0 0
ciMethod org/gradle/model/internal/type/ClassTypeWrapper <init> (Ljava/lang/Class;)V 4097 1 10321 0 0
ciMethod org/gradle/model/internal/type/ClassTypeWrapper hashCode ()I 1113 1 139 0 0
ciMethodData sun/reflect/generics/visitor/Reifier make (Lsun/reflect/generics/factory/GenericsFactory;)Lsun/reflect/generics/visitor/Reifier; 2 10674 orig 264 56 157 191 90 0 0 0 0 240 224 168 21 0 0 0 0 48 1 0 0 0 0 0 0 0 0 0 0 0 0 0 0 0 0 0 0 0 0 0 0 0 0 0 0 0 0 0 0 0 0 0 0 0 0 0 0 0 0 0 0 0 0 0 0 0 0 0 0 0 0 0 0 0 0 0 0 0 0 0 0 77 68 79 32 101 120 116 114 97 32 100 97 116 97 32 108 111 99 107 0 0 0 0 0 0 0 0 0 0 0 0 0 0 0 0 0 0 0 0 0 0 0 0 0 0 0 0 0 0 0 0 0 0 0 0 0 0 0 0 0 0 0 0 0 0 0 0 0 0 0 0 0 0 0 0 0 0 0 0 0 0 0 0 0 0 0 0 0 0 0 0 0 0 0 0 0 0 0 0 0 0 0 0 0 0 0 0 0 0 0 0 0 0 0 0 0 0 0 0 0 0 0 0 0 0 0 0 0 0 0 0 0 0 0 0 0 108 1 0 0 49 66 1 0 1 0 0 0 0 0 0 0 0 0 0 0 2 0 0 0 0 0 3 0 2 0 0 0 16 0 0 0 255 255 255 255 2 0 5 0 0 0 0 0 data 2 0x50002 0x2846 oops 0
ciMethodData sun/reflect/generics/visitor/Reifier <init> (Lsun/reflect/generics/factory/GenericsFactory;)V 2 10674 orig 264 56 157 191 90 0 0 0 0 192 223 168 21 0 0 0 0 56 1 0 0 0 0 0 0 0 0 0 0 0 0 0 0 0 0 0 0 0 0 0 0 0 0 0 0 0 0 0 0 0 0 0 0 0 0 0 0 0 0 0 0 0 0 0 0 0 0 0 0 0 0 0 0 0 0 0 0 0 0 0 0 77 68 79 32 101 120 116 114 97 32 100 97 116 97 32 108 111 99 107 0 0 0 0 0 0 0 0 0 0 0 0 0 0 0 0 0 0 0 0 0 0 0 0 0 0 0 0 0 0 0 0 0 0 0 0 0 0 0 0 0 0 0 0 0 0 0 0 0 0 0 0 0 0 0 0 0 0 0 0 0 0 0 0 0 0 0 0 0 0 0 0 0 0 0 0 0 0 0 0 0 0 0 0 0 1 0 0 0 0 0 0 0 0 0 0 0 0 0 0 0 1 0 0 0 0 0 0 0 0 0 0 0 0 0 0 0 108 1 0 0 49 66 1 0 1 0 0 0 0 0 0 0 0 0 0 0 2 0 0 0 0 0 3 0 2 0 0 0 16 0 0 0 255 255 255 255 2 0 1 0 0 0 0 0 data 2 0x10002 0x2846 oops 0
ciMethodData sun/reflect/generics/visitor/Reifier getResult ()Ljava/lang/reflect/Type; 2 10674 orig 264 56 157 191 90 0 0 0 0 88 226 168 21 0 0 0 0 112 1 0 0 0 0 0 0 0 0 0 0 0 0 0 0 0 0 0 0 0 0 0 0 0 0 0 0 0 0 0 0 0 0 0 0 0 0 0 0 0 0 0 0 0 0 0 0 0 0 0 0 0 0 0 0 0 0 0 0 0 0 0 0 77 68 79 32 101 120 116 114 97 32 100 97 116 97 32 108 111 99 107 0 0 0 0 0 0 0 0 0 0 0 0 0 0 0 0 0 0 0 0 0 0 0 0 0 0 0 0 0 0 0 0 0 0 0 0 0 0 0 0 0 0 0 0 0 0 0 0 0 0 0 0 0 0 0 0 0 0 0 0 0 0 0 0 0 0 0 0 0 0 0 0 0 0 0 0 0 0 0 0 0 0 0 0 0 0 0 0 0 0 0 0 0 0 0 0 0 0 0 0 0 0 0 0 0 0 0 0 0 0 0 0 0 0 0 0 0 108 1 0 0 49 66 1 0 1 0 0 0 0 0 0 0 0 0 0 0 2 0 0 0 0 0 4 0 2 0 0 0 80 0 0 0 255 255 255 255 7 0 3 0 0 0 0 0 data 10 0x30007 0x2846 0x50 0x0 0xa0007 0x0 0x30 0x0 0x110002 0x0 oops 0
ciMethod sun/reflect/generics/scope/ConstructorScope make (Ljava/lang/reflect/Constructor;)Lsun/reflect/generics/scope/ConstructorScope; 241 1 30 0 -1
ciMethodData java/util/Arrays hashCode ([Ljava/lang/Object;)I 2 9158 orig 264 56 157 191 90 0 0 0 0 88 176 127 21 0 0 0 0 8 2 0 0 0 0 0 0 0 0 0 0 0 0 0 0 0 0 0 0 0 0 0 0 0 0 0 0 0 0 0 0 0 0 0 0 0 0 0 0 0 0 0 0 0 0 0 0 0 0 0 0 0 0 0 0 0 0 0 0 0 0 0 0 77 68 79 32 101 120 116 114 97 32 100 97 116 97 32 108 111 99 107 0 0 0 0 0 0 0 0 0 0 0 0 0 0 0 0 0 0 0 0 0 0 0 0 0 0 0 0 0 0 0 0 0 0 0 0 0 0 0 0 0 0 0 0 0 0 0 0 0 0 0 0 0 0 0 0 0 0 0 0 0 0 0 0 0 0 0 0 0 0 0 0 0 0 0 0 0 0 0 0 0 0 0 0 0 0 0 0 0 0 0 0 0 0 0 0 0 0 0 0 0 0 0 0 0 0 0 0 0 0 0 0 0 0 0 0 0 18 1 0 0 1 192 0 0 97 22 1 0 0 0 0 0 0 0 0 0 2 0 0 0 1 0 11 0 2 0 0 0 192 0 0 0 255 255 255 255 7 0 1 0 0 0 0 0 data 24 0x10007 0x1800 0x20 0x0 0x130007 0x1800 0xa0 0x22cc 0x220007 0x1e05 0x38 0x4c7 0x260003 0x4c7 0x48 0x2b0005 0x2d2 0x22542e0 0xc12 0x2254250 0xf21 0x330003 0x22cc 0xffffffffffffff78 oops 2 17 java/lang/Class 19 java/lang/String
ciMethod com/google/common/reflect/Types$WildcardTypeImpl getLowerBounds ()[Ljava/lang/reflect/Type; 41 1 5 0 0
ciMethod com/google/common/reflect/Types$WildcardTypeImpl getUpperBounds ()[Ljava/lang/reflect/Type; 41 1 5 0 0
ciMethod com/google/common/reflect/Types$WildcardTypeImpl hashCode ()I 41 1 5 0 0
ciMethod com/google/common/reflect/Types access$300 (Ljava/util/Collection;)[Ljava/lang/reflect/Type; 153 1 19 0 -1
ciMethod com/google/common/reflect/Types$ParameterizedTypeImpl getActualTypeArguments ()[Ljava/lang/reflect/Type; 73 1 9 0 0
ciMethod com/google/common/reflect/Types$ParameterizedTypeImpl getRawType ()Ljava/lang/reflect/Type; 73 1 9 0 0
ciMethod com/google/common/reflect/Types$ParameterizedTypeImpl getOwnerType ()Ljava/lang/reflect/Type; 73 1 9 0 0
ciMethod org/gradle/model/internal/type/ParameterizedTypeWrapper <init> ([Lorg/gradle/model/internal/type/TypeWrapper;Lorg/gradle/model/internal/type/ClassTypeWrapper;Lorg/gradle/model/internal/type/TypeWrapper;)V 1625 1 1072 0 0
ciMethod org/gradle/model/internal/type/ParameterizedTypeWrapper hashCode ([Lorg/gradle/model/internal/type/TypeWrapper;Lorg/gradle/model/internal/type/ClassTypeWrapper;Lorg/gradle/model/internal/type/TypeWrapper;)I 1625 1809 1072 0 0
ciMethod org/gradle/model/internal/type/WildcardTypeWrapper <init> ([Lorg/gradle/model/internal/type/TypeWrapper;[Lorg/gradle/model/internal/type/TypeWrapper;I)V 737 1 687 0 0
ciMethod sun/reflect/generics/reflectiveObjects/GenericArrayTypeImpl getGenericComponentType ()Ljava/lang/reflect/Type; 2081 1 260 0 0
ciMethod sun/reflect/generics/reflectiveObjects/GenericArrayTypeImpl hashCode ()I 593 1 74 0 0
ciMethodData sun/reflect/generics/reflectiveObjects/WildcardTypeImpl getLowerBounds ()[Ljava/lang/reflect/Type; 2 5102 orig 264 56 157 191 90 0 0 0 0 208 174 230 28 0 0 0 0 208 2 0 0 32 0 0 0 0 0 0 0 0 0 0 0 0 0 0 0 0 0 0 0 0 0 0 0 0 0 0 0 0 0 0 0 0 0 0 0 0 0 0 0 0 0 0 0 0 0 0 0 0 0 0 0 0 0 0 0 0 0 0 0 77 68 79 32 101 120 116 114 97 32 100 97 116 97 32 108 111 99 107 0 0 0 0 0 0 0 0 0 0 0 0 0 0 0 0 0 0 0 0 0 0 0 0 0 0 0 0 0 0 0 0 0 0 0 0 0 0 0 0 0 0 0 0 0 0 0 0 0 0 0 0 0 0 0 0 0 0 0 0 0 0 0 0 0 0 0 0 0 0 0 0 0 0 0 0 0 0 0 0 0 0 0 0 0 0 0 0 0 0 0 0 0 0 0 0 0 0 0 0 0 0 0 0 0 0 0 0 0 0 0 0 0 0 0 0 0 10 1 0 0 33 151 0 0 169 13 0 0 0 0 0 0 0 0 0 0 2 0 0 0 1 0 13 0 2 0 0 0 136 1 0 0 255 255 255 255 7 0 4 0 0 0 0 0 data 49 0x40007 0xf4e 0x128 0x396 0x80002 0x396 0x170007 0x396 0xf8 0x1b5 0x1b0005 0x0 0x17769720 0x1b5 0x0 0x0 0x250005 0x0 0x1be44380 0x159 0x18e4f3f0 0x5c 0x2e0005 0x0 0x1be42b40 0x1b5 0x0 0x0 0x310004 0x0 0x17769930 0x159 0x22542e0 0x58 0x350003 0x1b5 0xffffffffffffff20 0x410005 0x0 0x1776d770 0x12e4 0x0 0x0 0x440004 0x0 0x1776d770 0x12e4 0x0 0x0 oops 8 12 sun/reflect/generics/reflectiveObjects/WildcardTypeImpl 18 sun/reflect/generics/tree/TypeVariableSignature 20 sun/reflect/generics/tree/ClassTypeSignature 24 sun/reflect/generics/visitor/Reifier 30 sun/reflect/generics/reflectiveObjects/TypeVariableImpl 32 java/lang/Class 39 [Ljava/lang/reflect/Type; 45 [Ljava/lang/reflect/Type;
ciMethodData sun/reflect/generics/reflectiveObjects/WildcardTypeImpl getLowerBoundASTs ()[Lsun/reflect/generics/tree/FieldTypeSignature; 1 993 orig 264 56 157 191 90 0 0 0 0 16 173 230 28 0 0 0 0 112 1 0 0 0 0 0 0 0 0 0 0 0 0 0 0 0 0 0 0 0 0 0 0 0 0 0 0 0 0 0 0 0 0 0 0 0 0 0 0 0 0 0 0 0 0 0 0 0 0 0 0 0 0 0 0 0 0 0 0 0 0 0 0 77 68 79 32 101 120 116 114 97 32 100 97 116 97 32 108 111 99 107 0 0 0 0 0 0 0 0 0 0 0 0 0 0 0 0 0 0 0 0 0 0 0 0 0 0 0 0 0 0 0 0 0 0 0 0 0 0 0 0 0 0 0 0 0 0 0 0 0 0 0 0 0 0 0 0 0 0 0 0 0 0 0 0 0 0 0 0 0 0 0 0 0 0 0 0 0 0 0 0 0 0 0 0 0 25 0 0 0 0 0 0 0 0 0 0 0 0 0 0 0 1 0 0 0 0 0 0 0 0 0 0 0 0 0 0 0 75 0 0 0 177 28 0 0 1 0 0 0 0 0 0 0 0 0 0 0 2 0 0 0 0 0 0 0 0 0 0 0 80 0 0 0 255 255 255 255 7 0 3 0 0 0 0 0 data 10 0x30007 0x396 0x50 0x0 0xa0007 0x0 0x30 0x0 0x110002 0x0 oops 0
ciMethodData sun/reflect/generics/reflectiveObjects/LazyReflectiveObjectGenerator getReifier ()Lsun/reflect/generics/visitor/Reifier; 2 1781 orig 264 56 157 191 90 0 0 0 0 64 67 169 21 0 0 0 0 104 1 0 0 0 0 0 0 0 0 0 0 0 0 0 0 0 0 0 0 0 0 0 0 0 0 0 0 0 0 0 0 0 0 0 0 0 0 0 0 0 0 0 0 0 0 0 0 0 0 0 0 0 0 0 0 0 0 0 0 0 0 0 0 77 68 79 32 101 120 116 114 97 32 100 97 116 97 32 108 111 99 107 0 0 0 0 0 0 0 0 0 0 0 0 0 0 0 0 0 0 0 0 0 0 0 0 0 0 0 0 0 0 0 0 0 0 0 0 0 0 0 0 0 0 0 0 0 0 0 0 0 0 0 0 0 0 0 0 0 0 0 0 0 0 0 0 0 0 0 0 0 0 0 0 0 0 0 0 0 0 0 0 0 0 0 0 0 17 0 0 0 0 0 0 0 0 0 0 0 0 0 0 0 1 0 0 0 0 0 0 0 0 0 0 0 0 0 0 0 139 0 0 0 81 51 0 0 1 0 0 0 0 0 0 0 0 0 0 0 2 0 0 0 0 0 3 0 2 0 0 0 32 0 0 0 255 255 255 255 2 0 1 0 0 0 0 0 data 4 0x10002 0x66a 0x40002 0x66a oops 0
ciMethodData sun/reflect/generics/reflectiveObjects/ParameterizedTypeImpl getActualTypeArguments ()[Ljava/lang/reflect/Type; 2 4613 orig 264 56 157 191 90 0 0 0 0 40 2 169 21 0 0 0 0 168 1 0 0 0 0 0 0 0 0 0 0 0 0 0 0 0 0 0 0 0 0 0 0 0 0 0 0 0 0 0 0 0 0 0 0 0 0 0 0 0 0 0 0 0 0 0 0 0 0 0 0 0 0 0 0 0 0 0 0 0 0 0 0 77 68 79 32 101 120 116 114 97 32 100 97 116 97 32 108 111 99 107 0 0 0 0 0 0 0 0 0 0 0 0 0 0 0 0 0 0 0 0 0 0 0 0 0 0 0 0 0 0 0 0 0 0 0 0 0 0 0 0 0 0 0 0 0 0 0 0 0 0 0 0 0 0 0 0 0 0 0 0 0 0 0 0 0 0 0 0 0 0 0 0 0 0 0 0 0 0 0 0 0 0 0 0 0 0 0 0 0 0 0 0 0 0 0 0 0 0 0 0 0 0 0 0 0 0 0 0 0 0 0 0 0 0 0 0 0 217 1 0 0 97 129 0 0 1 0 0 0 0 0 0 0 0 0 0 0 2 0 0 0 0 0 3 0 2 0 0 0 96 0 0 0 255 255 255 255 5 0 4 0 0 0 0 0 data 12 0x40005 0x0 0x1776d770 0xf08 0x180c76e0 0x124 0x70004 0x0 0x1776d770 0xf08 0x180c76e0 0x124 oops 4 2 [Ljava/lang/reflect/Type; 4 [Ljava/lang/reflect/TypeVariable; 8 [Ljava/lang/reflect/Type; 10 [Ljava/lang/reflect/TypeVariable;
ciMethodData sun/reflect/generics/reflectiveObjects/WildcardTypeImpl getUpperBounds ()[Ljava/lang/reflect/Type; 2 3252 orig 264 56 157 191 90 0 0 0 0 240 173 230 28 0 0 0 0 208 2 0 0 32 0 0 0 0 0 0 0 0 0 0 0 0 0 0 0 0 0 0 0 0 0 0 0 0 0 0 0 0 0 0 0 0 0 0 0 0 0 0 0 0 0 0 0 0 0 0 0 0 0 0 0 0 0 0 0 0 0 0 0 77 68 79 32 101 120 116 114 97 32 100 97 116 97 32 108 111 99 107 0 0 0 0 0 0 0 0 0 0 0 0 0 0 0 0 0 0 0 0 0 0 0 0 0 0 0 0 0 0 0 0 0 0 0 0 0 0 0 0 0 0 0 0 0 0 0 0 0 0 0 0 0 0 0 0 0 0 0 0 0 0 0 0 0 0 0 0 0 0 0 0 0 0 0 0 0 0 0 0 0 0 0 0 0 0 0 0 0 0 0 0 0 0 0 0 0 0 0 0 0 0 0 0 0 0 0 0 0 0 0 0 0 0 0 0 0 0 1 0 0 161 93 0 0 169 27 0 0 0 0 0 0 0 0 0 0 2 0 0 0 1 0 13 0 2 0 0 0 136 1 0 0 255 255 255 255 7 0 4 0 0 0 0 0 data 49 0x40007 0x83f 0x128 0x375 0x80002 0x375 0x170007 0x375 0xf8 0x375 0x1b0005 0x0 0x17769720 0x375 0x0 0x0 0x250005 0x40 0x1be442d0 0x285 0x1be44380 0xb0 0x2e0005 0x0 0x1be42b40 0x375 0x0 0x0 0x310004 0x0 0x22542e0 0x2c4 0x17769930 0xb0 0x350003 0x375 0xffffffffffffff20 0x410005 0x0 0x1776d770 0xbb4 0x0 0x0 0x440004 0x0 0x1776d770 0xbb4 0x0 0x0 oops 8 12 sun/reflect/generics/reflectiveObjects/WildcardTypeImpl 18 sun/reflect/generics/tree/SimpleClassTypeSignature 20 sun/reflect/generics/tree/TypeVariableSignature 24 sun/reflect/generics/visitor/Reifier 30 java/lang/Class 32 sun/reflect/generics/reflectiveObjects/TypeVariableImpl 39 [Ljava/lang/reflect/Type; 45 [Ljava/lang/reflect/Type;
ciMethodData sun/reflect/generics/reflectiveObjects/WildcardTypeImpl getUpperBoundASTs ()[Lsun/reflect/generics/tree/FieldTypeSignature; 1 969 orig 264 56 157 191 90 0 0 0 0 104 172 230 28 0 0 0 0 112 1 0 0 0 0 0 0 0 0 0 0 0 0 0 0 0 0 0 0 0 0 0 0 0 0 0 0 0 0 0 0 0 0 0 0 0 0 0 0 0 0 0 0 0 0 0 0 0 0 0 0 0 0 0 0 0 0 0 0 0 0 0 0 77 68 79 32 101 120 116 114 97 32 100 97 116 97 32 108 111 99 107 0 0 0 0 0 0 0 0 0 0 0 0 0 0 0 0 0 0 0 0 0 0 0 0 0 0 0 0 0 0 0 0 0 0 0 0 0 0 0 0 0 0 0 0 0 0 0 0 0 0 0 0 0 0 0 0 0 0 0 0 0 0 0 0 0 0 0 0 0 0 0 0 0 0 0 0 0 0 0 0 0 0 0 0 0 0 0 0 0 0 0 0 0 0 0 0 0 0 0 0 0 0 0 0 0 0 0 0 0 0 0 0 0 0 0 0 0 84 0 0 0 169 27 0 0 1 0 0 0 0 0 0 0 0 0 0 0 2 0 0 0 0 0 0 0 0 0 0 0 80 0 0 0 255 255 255 255 7 0 3 0 0 0 0 0 data 10 0x30007 0x375 0x50 0x0 0xa0007 0x0 0x30 0x0 0x110002 0x0 oops 0
ciMethod org/gradle/model/internal/type/TypeVariableTypeWrapper <init> (Ljava/lang/String;[Lorg/gradle/model/internal/type/TypeWrapper;I)V 1281 1 1656 0 0
ciMethodData sun/reflect/generics/scope/AbstractScope lookup (Ljava/lang/String;)Ljava/lang/reflect/TypeVariable; 2 5496 orig 264 56 157 191 90 0 0 0 0 152 38 168 21 0 0 0 0 200 2 0 0 48 0 0 0 0 0 0 0 0 0 0 0 0 0 0 0 0 0 0 0 0 0 0 0 0 0 0 0 0 0 0 0 0 0 0 0 0 0 0 0 0 0 0 0 0 0 0 0 0 0 0 0 0 0 0 0 0 0 0 0 77 68 79 32 101 120 116 114 97 32 100 97 116 97 32 108 111 99 107 0 0 0 0 0 0 0 0 0 0 0 0 0 0 0 0 0 0 0 0 0 0 0 0 0 0 0 0 0 0 0 0 0 0 0 0 0 0 0 0 0 0 0 0 0 0 0 0 0 0 0 0 0 0 0 0 0 0 0 0 0 0 0 0 0 0 0 0 0 0 0 0 0 0 0 0 0 0 0 0 0 0 0 0 0 0 0 0 0 0 0 0 0 0 0 0 0 0 0 0 0 0 0 0 0 0 0 0 0 0 0 0 0 0 0 0 0 60 1 0 0 225 161 0 0 97 30 0 0 0 0 0 0 0 0 0 0 2 0 0 0 1 0 12 0 2 0 0 0 120 1 0 0 255 255 255 255 5 0 1 0 0 0 0 0 data 47 0x10005 0xe 0x1ae8dee0 0xd62 0x18c454a0 0x6cc 0x40005 0xe 0x2255910 0xd62 0x22542e0 0x6cc 0x170007 0x67e 0xb8 0x118a 0x220005 0x0 0x17769930 0x118a 0x0 0x0 0x280005 0x0 0x2254250 0x118a 0x0 0x0 0x2b0007 0x3cc 0x20 0xdbe 0x340003 0x3cc 0xffffffffffffff60 0x380005 0x5 0x1ae8dee0 0x66b 0x1ae8df90 0xe 0x3c0005 0x0 0x18c454a0 0x67e 0x0 0x0 oops 9 2 sun/reflect/generics/scope/MethodScope 4 sun/reflect/generics/scope/ClassScope 8 java/lang/reflect/Method 10 java/lang/Class 18 sun/reflect/generics/reflectiveObjects/TypeVariableImpl 24 java/lang/String 37 sun/reflect/generics/scope/MethodScope 39 sun/reflect/generics/scope/ConstructorScope 43 sun/reflect/generics/scope/ClassScope
ciMethodData sun/reflect/generics/scope/AbstractScope getEnclosingScope ()Lsun/reflect/generics/scope/Scope; 2 1779 orig 264 56 157 191 90 0 0 0 0 192 37 168 21 0 0 0 0 152 1 0 0 0 0 0 0 0 0 0 0 0 0 0 0 0 0 0 0 0 0 0 0 0 0 0 0 0 0 0 0 0 0 0 0 0 0 0 0 0 0 0 0 0 0 0 0 0 0 0 0 0 0 0 0 0 0 0 0 0 0 0 0 77 68 79 32 101 120 116 114 97 32 100 97 116 97 32 108 111 99 107 0 0 0 0 0 0 0 0 0 0 0 0 0 0 0 0 0 0 0 0 0 0 0 0 0 0 0 0 0 0 0 0 0 0 0 0 0 0 0 0 0 0 0 0 0 0 0 0 0 0 0 0 0 0 0 0 0 0 0 0 0 0 0 0 0 0 0 0 0 0 0 0 0 0 0 0 0 0 0 0 0 0 0 0 0 17 0 0 0 0 0 0 0 0 0 0 0 0 0 0 0 0 0 0 0 0 0 0 0 0 0 0 0 0 0 0 0 117 0 0 0 241 51 0 0 1 0 0 0 0 0 0 0 0 0 0 0 2 0 0 0 0 0 0 0 0 0 0 0 80 0 0 0 255 255 255 255 7 0 6 0 0 0 0 0 data 10 0x60007 0x2c3 0x50 0x3bb 0xa0005 0x4 0x1ae8dee0 0x3af 0x1ae8df90 0x8 oops 2 6 sun/reflect/generics/scope/MethodScope 8 sun/reflect/generics/scope/ConstructorScope
ciMethodData sun/reflect/generics/reflectiveObjects/TypeVariableImpl hashCode ()I 2 4128 orig 264 56 157 191 90 0 0 0 0 208 56 169 21 0 0 0 0 168 1 0 0 0 0 0 0 0 0 0 0 0 0 0 0 0 0 0 0 0 0 0 0 0 0 0 0 0 0 0 0 0 0 0 0 0 0 0 0 0 0 0 0 0 0 0 0 0 0 0 0 0 0 0 0 0 0 0 0 0 0 0 0 77 68 79 32 101 120 116 114 97 32 100 97 116 97 32 108 111 99 107 0 0 0 0 0 0 0 0 0 0 0 0 0 0 0 0 0 0 0 0 0 0 0 0 0 0 0 0 0 0 0 0 0 0 0 0 0 0 0 0 0 0 0 0 0 0 0 0 0 0 0 0 0 0 0 0 0 0 0 0 0 0 0 0 0 0 0 0 0 0 0 0 0 0 0 0 0 0 0 0 0 0 0 0 0 0 0 0 0 0 0 0 0 0 0 0 0 0 0 0 0 0 0 0 0 0 0 0 0 0 0 0 0 0 0 0 0 131 1 0 0 233 116 0 0 1 0 0 0 0 0 0 0 0 0 0 0 2 0 0 0 0 0 3 0 2 0 0 0 96 0 0 0 255 255 255 255 5 0 4 0 0 0 0 0 data 12 0x40005 0x0 0x22542e0 0xcae 0x2255910 0x1ef 0xb0005 0x0 0x2254250 0xe9d 0x0 0x0 oops 3 2 java/lang/Class 4 java/lang/reflect/Method 8 java/lang/String
ciMethodData java/lang/reflect/Method hashCode ()I 2 4414 orig 264 56 157 191 90 0 0 0 0 192 37 114 21 0 0 0 0 56 2 0 0 0 0 0 0 0 0 0 0 0 0 0 0 0 0 0 0 0 0 0 0 0 0 0 0 0 0 0 0 0 0 0 0 0 0 0 0 0 0 0 0 0 0 0 0 0 0 0 0 0 0 0 0 0 0 0 0 0 0 0 0 77 68 79 32 101 120 116 114 97 32 100 97 116 97 32 108 111 99 107 0 0 0 0 0 0 0 0 0 0 0 0 0 0 0 0 0 0 0 0 0 0 0 0 0 0 0 0 0 0 0 0 0 0 0 0 0 0 0 0 0 0 0 0 0 0 0 0 0 0 0 0 0 0 0 0 0 0 0 0 0 0 0 0 0 0 0 0 0 0 0 0 0 0 0 0 0 0 0 0 0 0 0 0 0 0 0 0 0 0 0 0 0 0 0 0 0 0 0 0 0 0 0 0 0 0 0 0 0 0 0 0 0 0 0 0 0 0 1 0 0 241 129 0 0 1 0 0 0 0 0 0 0 0 0 0 0 2 0 0 0 0 0 7 0 2 0 0 0 240 0 0 0 255 255 255 255 5 0 1 0 0 0 0 0 data 30 0x10005 0x17 0x2255910 0x1027 0x0 0x0 0x40005 0x17 0x22542e0 0x1027 0x0 0x0 0x70005 0x17 0x2254250 0x1027 0x0 0x0 0xb0005 0x17 0x2255910 0x1027 0x0 0x0 0xe0005 0x17 0x2254250 0x1027 0x0 0x0 oops 5 2 java/lang/reflect/Method 8 java/lang/Class 14 java/lang/String 20 java/lang/reflect/Method 26 java/lang/String
ciMethodData sun/reflect/generics/tree/TypeVariableSignature accept (Lsun/reflect/generics/visitor/TypeTreeVisitor;)V 2 3717 orig 264 56 157 191 90 0 0 0 0 184 137 173 21 0 0 0 0 128 1 0 0 0 0 0 0 0 0 0 0 0 0 0 0 0 0 0 0 0 0 0 0 0 0 0 0 0 0 0 0 0 0 0 0 0 0 0 0 0 0 0 0 0 0 0 0 0 0 0 0 0 0 0 0 0 0 0 0 0 0 0 0 77 68 79 32 101 120 116 114 97 32 100 97 116 97 32 108 111 99 107 0 0 0 0 0 0 0 0 0 0 0 0 0 0 0 0 0 0 0 0 0 0 0 0 0 0 0 0 0 0 0 0 0 0 0 0 0 0 0 0 0 0 0 0 0 0 0 0 0 0 0 0 0 0 0 0 0 0 0 0 0 0 0 0 0 0 0 0 0 0 0 0 0 0 0 0 0 0 0 0 0 0 0 0 0 0 0 0 0 0 0 0 0 0 0 0 0 0 0 0 0 0 0 0 0 0 0 0 0 0 0 0 0 0 0 0 0 0 2 0 0 41 100 0 0 1 0 0 0 0 0 0 0 0 0 0 0 2 0 0 0 0 0 3 0 2 0 0 0 48 0 0 0 255 255 255 255 5 0 2 0 0 0 0 0 data 6 0x20005 0x0 0x1be42b40 0xc85 0x0 0x0 oops 1 2 sun/reflect/generics/visitor/Reifier
ciMethodData sun/reflect/generics/visitor/Reifier visitTypeVariableSignature (Lsun/reflect/generics/tree/TypeVariableSignature;)V 2 3717 orig 264 56 157 191 90 0 0 0 0 120 230 168 21 0 0 0 0 192 1 0 0 0 0 0 0 0 0 0 0 0 0 0 0 0 0 0 0 0 0 0 0 0 0 0 0 0 0 0 0 0 0 0 0 0 0 0 0 0 0 0 0 0 0 0 0 0 0 0 0 0 0 0 0 0 0 0 0 0 0 0 0 77 68 79 32 101 120 116 114 97 32 100 97 116 97 32 108 111 99 107 0 0 0 0 0 0 0 0 0 0 0 0 0 0 0 0 0 0 0 0 0 0 0 0 0 0 0 0 0 0 0 0 0 0 0 0 0 0 0 0 0 0 0 0 0 0 0 0 0 0 0 0 0 0 0 0 0 0 0 0 0 0 0 0 0 0 0 0 0 0 0 0 0 0 0 0 0 0 0 0 0 0 0 0 0 0 0 0 0 0 0 0 0 0 0 0 0 0 0 0 0 0 0 0 0 0 0 0 0 0 0 0 0 0 0 0 0 0 2 0 0 41 100 0 0 1 0 0 0 0 0 0 0 0 0 0 0 2 0 0 0 0 0 0 0 0 0 0 0 112 0 0 0 255 255 255 255 2 0 2 0 0 0 0 0 data 14 0x20002 0xc85 0x60005 0x0 0x1be44380 0xc85 0x0 0x0 0x90005 0x0 0x1ae8bc00 0xc85 0x0 0x0 oops 2 4 sun/reflect/generics/tree/TypeVariableSignature 10 sun/reflect/generics/factory/CoreReflectionFactory
ciMethodData sun/reflect/generics/factory/CoreReflectionFactory findTypeVariable (Ljava/lang/String;)Ljava/lang/reflect/TypeVariable; 2 3717 orig 264 56 157 191 90 0 0 0 0 104 64 168 21 0 0 0 0 144 1 0 0 0 0 0 0 0 0 0 0 0 0 0 0 0 0 0 0 0 0 0 0 0 0 0 0 0 0 0 0 0 0 0 0 0 0 0 0 0 0 0 0 0 0 0 0 0 0 0 0 0 0 0 0 0 0 0 0 0 0 0 0 77 68 79 32 101 120 116 114 97 32 100 97 116 97 32 108 111 99 107 0 0 0 0 0 0 0 0 0 0 0 0 0 0 0 0 0 0 0 0 0 0 0 0 0 0 0 0 0 0 0 0 0 0 0 0 0 0 0 0 0 0 0 0 0 0 0 0 0 0 0 0 0 0 0 0 0 0 0 0 0 0 0 0 0 0 0 0 0 0 0 0 0 0 0 0 0 0 0 0 0 0 0 0 0 0 0 0 0 0 0 0 0 0 0 0 0 0 0 0 0 0 0 0 0 0 0 0 0 0 0 0 0 0 0 0 0 0 2 0 0 41 100 0 0 1 0 0 0 0 0 0 0 0 0 0 0 2 0 0 0 0 0 0 0 0 0 0 0 64 0 0 0 255 255 255 255 2 0 1 0 0 0 0 0 data 8 0x10002 0xc85 0x50005 0x4e 0x1ae8dee0 0xc2c 0x1ae8df90 0xb oops 2 4 sun/reflect/generics/scope/MethodScope 6 sun/reflect/generics/scope/ConstructorScope
ciMethodData sun/reflect/generics/reflectiveObjects/TypeVariableImpl getBounds ()[Ljava/lang/reflect/Type; 2 1963 orig 264 56 157 191 90 0 0 0 0 64 53 169 21 0 0 0 0 208 2 0 0 32 0 0 0 0 0 0 0 0 0 0 0 0 0 0 0 0 0 0 0 0 0 0 0 0 0 0 0 0 0 0 0 0 0 0 0 0 0 0 0 0 0 0 0 0 0 0 0 0 0 0 0 0 0 0 0 0 0 0 0 77 68 79 32 101 120 116 114 97 32 100 97 116 97 32 108 111 99 107 0 0 0 0 0 0 0 0 0 0 0 0 0 0 0 0 0 0 0 0 0 0 0 0 0 0 0 0 0 0 0 0 0 0 0 0 0 0 0 0 0 0 0 0 0 0 0 0 0 0 0 0 0 0 0 0 0 0 0 0 0 0 0 0 0 0 0 0 0 0 0 0 0 0 0 0 0 0 0 0 0 0 0 0 0 0 0 0 0 0 0 0 0 0 0 0 0 0 0 0 0 0 0 0 0 0 0 0 0 0 0 0 0 0 0 0 0 0 2 0 0 89 45 0 0 241 6 0 0 0 0 0 0 0 0 0 0 2 0 0 0 1 0 13 0 2 0 0 0 136 1 0 0 255 255 255 255 7 0 4 0 0 0 0 0 data 49 0x40007 0x4ce 0x128 0xdd 0x80002 0xdd 0x170007 0xdd 0xf8 0xdd 0x1b0005 0x0 0x17769930 0xdd 0x0 0x0 0x250005 0x0 0x1be44380 0x1e 0x18e4f3f0 0xbf 0x2e0005 0x0 0x1be42b40 0xdd 0x0 0x0 0x310004 0x0 0x17769930 0x1e 0x22542e0 0xbf 0x350003 0xdd 0xffffffffffffff20 0x410005 0x0 0x1776d770 0x5ab 0x0 0x0 0x440004 0x0 0x1776d770 0x5ab 0x0 0x0 oops 8 12 sun/reflect/generics/reflectiveObjects/TypeVariableImpl 18 sun/reflect/generics/tree/TypeVariableSignature 20 sun/reflect/generics/tree/ClassTypeSignature 24 sun/reflect/generics/visitor/Reifier 30 sun/reflect/generics/reflectiveObjects/TypeVariableImpl 32 java/lang/Class 39 [Ljava/lang/reflect/Type; 45 [Ljava/lang/reflect/Type;
ciMethodData sun/reflect/generics/scope/MethodScope computeEnclosingScope ()Lsun/reflect/generics/scope/Scope; 1 1035 orig 264 56 157 191 90 0 0 0 0 24 30 168 21 0 0 0 0 104 1 0 0 0 0 0 0 0 0 0 0 0 0 0 0 0 0 0 0 0 0 0 0 0 0 0 0 0 0 0 0 0 0 0 0 0 0 0 0 0 0 0 0 0 0 0 0 0 0 0 0 0 0 0 0 0 0 0 0 0 0 0 0 77 68 79 32 101 120 116 114 97 32 100 97 116 97 32 108 111 99 107 0 0 0 0 0 0 0 0 0 0 0 0 0 0 0 0 0 0 0 0 0 0 0 0 0 0 0 0 0 0 0 0 0 0 0 0 0 0 0 0 0 0 0 0 0 0 0 0 0 0 0 0 0 0 0 0 0 0 0 0 0 0 0 0 0 0 0 0 0 0 0 0 0 0 0 0 0 0 0 0 0 0 0 0 0 0 0 0 0 0 0 0 0 0 0 0 0 0 0 0 0 0 0 0 0 0 0 0 0 0 0 0 0 0 0 0 0 0 2 0 0 89 16 0 0 1 0 0 0 0 0 0 0 0 0 0 0 2 0 0 0 0 0 3 0 2 0 0 0 32 0 0 0 255 255 255 255 2 0 1 0 0 0 0 0 data 4 0x10002 0x20b 0x40002 0x20b oops 0
ciMethodData sun/reflect/generics/scope/MethodScope getEnclosingClass ()Ljava/lang/Class; 1 1062 orig 264 56 157 191 90 0 0 0 0 128 29 168 21 0 0 0 0 216 1 0 0 0 0 0 0 0 0 0 0 0 0 0 0 0 0 0 0 0 0 0 0 0 0 0 0 0 0 0 0 0 0 0 0 0 0 0 0 0 0 0 0 0 0 0 0 0 0 0 0 0 0 0 0 0 0 0 0 0 0 0 0 77 68 79 32 101 120 116 114 97 32 100 97 116 97 32 108 111 99 107 0 0 0 0 0 0 0 0 0 0 0 0 0 0 0 0 0 0 0 0 0 0 0 0 0 0 0 0 0 0 0 0 0 0 0 0 0 0 0 0 0 0 0 0 0 0 0 0 0 0 0 0 0 0 0 0 0 0 0 0 0 0 0 0 0 0 0 0 0 0 0 0 0 0 0 0 0 0 0 0 0 0 0 0 0 0 0 0 0 0 0 0 0 0 0 0 0 0 0 0 0 0 0 0 0 0 0 0 0 0 0 0 0 0 0 0 0 0 2 0 0 49 17 0 0 1 0 0 0 0 0 0 0 0 0 0 0 2 0 0 0 0 0 3 0 2 0 0 0 144 0 0 0 255 255 255 255 5 0 1 0 0 0 0 0 data 18 0x10005 0x0 0x1ae8dee0 0x226 0x0 0x0 0x40004 0x0 0x2255910 0x226 0x0 0x0 0x70005 0x181 0x2255910 0xa5 0x0 0x0 oops 3 2 sun/reflect/generics/scope/MethodScope 8 java/lang/reflect/Method 14 java/lang/reflect/Method
ciMethodData sun/reflect/generics/reflectiveObjects/WildcardTypeImpl hashCode ()I 1 695 orig 264 56 157 191 90 0 0 0 0 144 177 230 28 0 0 0 0 200 1 0 0 0 0 0 0 0 0 0 0 0 0 0 0 0 0 0 0 0 0 0 0 0 0 0 0 0 0 0 0 0 0 0 0 0 0 0 0 0 0 0 0 0 0 0 0 0 0 0 0 0 0 0 0 0 0 0 0 0 0 0 0 77 68 79 32 101 120 116 114 97 32 100 97 116 97 32 108 111 99 107 0 0 0 0 0 0 0 0 0 0 0 0 0 0 0 0 0 0 0 0 0 0 0 0 0 0 0 0 0 0 0 0 0 0 0 0 0 0 0 0 0 0 0 0 0 0 0 0 0 0 0 0 0 0 0 0 0 0 0 0 0 0 0 0 0 0 0 0 0 0 0 0 0 0 0 0 0 0 0 0 0 0 0 0 0 0 0 0 0 0 0 0 0 0 0 0 0 0 0 0 0 0 0 0 0 0 0 0 0 0 0 0 0 0 0 0 0 0 2 0 0 185 5 0 0 1 0 0 0 0 0 0 0 0 0 0 0 2 0 0 0 0 0 0 0 0 0 0 0 128 0 0 0 255 255 255 255 5 0 1 0 0 0 0 0 data 16 0x10005 0x0 0x17769720 0xb7 0x0 0x0 0x60005 0x0 0x17769720 0xb7 0x0 0x0 0xb0002 0xb7 0xf0002 0xb7 oops 2 2 sun/reflect/generics/reflectiveObjects/WildcardTypeImpl 8 sun/reflect/generics/reflectiveObjects/WildcardTypeImpl
ciMethodData sun/reflect/generics/reflectiveObjects/TypeVariableImpl getBoundASTs ()[Lsun/reflect/generics/tree/FieldTypeSignature; 1 326 orig 264 56 157 191 90 0 0 0 0 136 51 169 21 0 0 0 0 112 1 0 0 0 0 0 0 0 0 0 0 0 0 0 0 0 0 0 0 0 0 0 0 0 0 0 0 0 0 0 0 0 0 0 0 0 0 0 0 0 0 0 0 0 0 0 0 0 0 0 0 0 0 0 0 0 0 0 0 0 0 0 0 77 68 79 32 101 120 116 114 97 32 100 97 116 97 32 108 111 99 107 0 0 0 0 0 0 0 0 0 0 0 0 0 0 0 0 0 0 0 0 0 0 0 0 0 0 0 0 0 0 0 0 0 0 0 0 0 0 0 0 0 0 0 0 0 0 0 0 0 0 0 0 0 0 0 0 0 0 0 0 0 0 0 0 0 0 0 0 0 0 0 0 0 0 0 0 0 0 0 0 0 0 0 0 0 25 0 0 0 0 0 0 0 0 0 0 0 0 0 0 0 1 0 0 0 0 0 0 0 0 0 0 0 0 0 0 0 180 0 0 0 145 4 0 0 1 0 0 0 0 0 0 0 0 0 0 0 2 0 0 0 0 0 0 0 0 0 0 0 80 0 0 0 255 255 255 255 7 0 3 0 0 0 0 0 data 10 0x30007 0x92 0x50 0x0 0xa0007 0x0 0x30 0x0 0x110002 0x0 oops 0
ciMethodData org/gradle/model/internal/type/ModelType wrap (Ljava/lang/reflect/Type;)Lorg/gradle/model/internal/type/TypeWrapper; 2 14856 orig 264 56 157 191 90 0 0 0 0 144 184 234 28 0 0 0 0 200 7 0 0 144 5 0 0 0 0 0 0 0 0 0 0 0 0 0 0 0 0 0 0 0 0 0 0 0 0 0 0 0 0 0 0 0 0 0 0 0 0 0 0 0 0 0 0 0 0 0 0 0 0 0 0 0 0 0 0 0 0 0 0 77 68 79 32 101 120 116 114 97 32 100 97 116 97 32 108 111 99 107 0 0 0 0 0 0 0 0 0 0 0 0 0 0 0 0 0 0 0 0 0 0 0 0 0 0 0 0 0 0 0 0 0 0 0 0 0 0 0 0 0 0 0 0 0 0 0 0 0 0 0 0 0 0 0 0 0 0 0 0 0 0 0 0 0 0 0 0 0 0 0 0 0 0 0 0 0 0 0 0 0 0 0 0 0 0 0 0 0 0 0 0 0 0 0 0 0 0 0 0 0 0 0 0 0 0 0 0 0 0 0 0 0 0 0 0 0 0 2 0 0 65 192 1 0 1 0 0 0 0 0 0 0 0 0 0 0 2 0 0 0 0 0 20 0 2 0 0 0 128 6 0 0 255 255 255 255 7 0 1 0 0 0 0 0 data 208 0x10007 0x3405 0x20 0x403 0x70004 0xfffffffffffff286 0x22542e0 0x268b 0x17769670 0xb1 0xa0007 0xd7a 0x60 0x268b 0x120004 0x0 0x22542e0 0x268b 0x0 0x0 0x150002 0x268b 0x1a0004 0xfffffffffffff699 0x17769670 0x40e 0x17769720 0x54 0x1d0007 0x967 0x150 0x413 0x210004 0x0 0x17769670 0x40e 0x177697d0 0x5 0x2a0005 0x0 0x17769670 0x40e 0x177697d0 0x5 0x2f0002 0x413 0x330005 0x0 0x17769670 0x40e 0x177697d0 0x5 0x380002 0x413 0x3b0004 0x0 0x17769880 0x413 0x0 0x0 0x3f0005 0x0 0x17769670 0x40e 0x177697d0 0x5 0x440002 0x413 0x470002 0x413 0x4c0004 0xfffffffffffff940 0x17769720 0x2a4 0x17769930 0x9e 0x4f0007 0x6c0 0x110 0x2a7 0x530004 0x0 0x17769720 0x2a4 0x177699e0 0x3 0x5c0005 0x0 0x17769720 0x2a4 0x177699e0 0x3 0x610002 0x2a7 0x650005 0x0 0x17769720 0x2a4 0x177699e0 0x3 0x6a0002 0x2a7 0x6e0005 0x0 0x17769720 0x2a4 0x177699e0 0x3 0x710002 0x2a7 0x760004 0xffffffffffffffb6 0x17769930 0x676 0x17769a90 0x8 0x790007 0x4a 0x100 0x676 0x7d0004 0x0 0x17769930 0x676 0x0 0x0 0x860005 0x0 0x17769930 0x676 0x0 0x0 0x8c0005 0x0 0x17769930 0x676 0x0 0x0 0x910002 0x676 0x950005 0x0 0x17769930 0x676 0x0 0x0 0x980002 0x676 0x9d0004 0x0 0x17769a90 0x4a 0x0 0x0 0xa00007 0x0 0xd0 0x4a 0xa40004 0x0 0x17769a90 0x4a 0x0 0x0 0xad0005 0x0 0x17769a90 0x4a 0x0 0x0 0xb20002 0x4a 0xb60005 0x0 0x17769a90 0x4a 0x0 0x0 0xb90002 0x4a 0xc50002 0x0 0xca0005 0x0 0x0 0x0 0x0 0x0 0xce0005 0x0 0x0 0x0 0x0 0x0 0xd10005 0x0 0x0 0x0 0x0 0x0 0xd40005 0x0 0x0 0x0 0x0 0x0 0xd70002 0x0 oops 34 6 java/lang/Class 8 sun/reflect/generics/reflectiveObjects/ParameterizedTypeImpl 16 java/lang/Class 24 sun/reflect/generics/reflectiveObjects/ParameterizedTypeImpl 26 sun/reflect/generics/reflectiveObjects/WildcardTypeImpl 34 sun/reflect/generics/reflectiveObjects/ParameterizedTypeImpl 36 com/google/common/reflect/Types$ParameterizedTypeImpl 40 sun/reflect/generics/reflectiveObjects/ParameterizedTypeImpl 42 com/google/common/reflect/Types$ParameterizedTypeImpl 48 sun/reflect/generics/reflectiveObjects/ParameterizedTypeImpl 50 com/google/common/reflect/Types$ParameterizedTypeImpl 56 org/gradle/model/internal/type/ClassTypeWrapper 62 sun/reflect/generics/reflectiveObjects/ParameterizedTypeImpl 64 com/google/common/reflect/Types$ParameterizedTypeImpl 72 sun/reflect/generics/reflectiveObjects/WildcardTypeImpl 74 sun/reflect/generics/reflectiveObjects/TypeVariableImpl 82 sun/reflect/generics/reflectiveObjects/WildcardTypeImpl 84 com/google/common/reflect/Types$WildcardTypeImpl 88 sun/reflect/generics/reflectiveObjects/WildcardTypeImpl 90 com/google/common/reflect/Types$WildcardTypeImpl 96 sun/reflect/generics/reflectiveObjects/WildcardTypeImpl 98 com/google/common/reflect/Types$WildcardTypeImpl 104 sun/reflect/generics/reflectiveObjects/WildcardTypeImpl 106 com/google/common/reflect/Types$WildcardTypeImpl 112 sun/reflect/generics/reflectiveObjects/TypeVariableImpl 114 sun/reflect/generics/reflectiveObjects/GenericArrayTypeImpl 122 sun/reflect/generics/reflectiveObjects/TypeVariableImpl 128 sun/reflect/generics/reflectiveObjects/TypeVariableImpl 134 sun/reflect/generics/reflectiveObjects/TypeVariableImpl 142 sun/reflect/generics/reflectiveObjects/TypeVariableImpl 150 sun/reflect/generics/reflectiveObjects/GenericArrayTypeImpl 160 sun/reflect/generics/reflectiveObjects/GenericArrayTypeImpl 166 sun/reflect/generics/reflectiveObjects/GenericArrayTypeImpl 174 sun/reflect/generics/reflectiveObjects/GenericArrayTypeImpl
ciMethodData org/gradle/model/internal/type/ClassTypeWrapper <init> (Ljava/lang/Class;)V 2 10321 orig 264 56 157 191 90 0 0 0 0 216 216 234 28 0 0 0 0 160 1 0 0 0 0 0 0 0 0 0 0 0 0 0 0 0 0 0 0 0 0 0 0 0 0 0 0 0 0 0 0 0 0 0 0 0 0 0 0 0 0 0 0 0 0 0 0 0 0 0 0 0 0 0 0 0 0 0 0 0 0 0 0 77 68 79 32 101 120 116 114 97 32 100 97 116 97 32 108 111 99 107 0 0 0 0 0 0 0 0 0 0 0 0 0 0 0 0 0 0 0 0 0 0 0 0 0 0 0 0 0 0 0 0 0 0 0 0 0 0 0 0 0 0 0 0 0 0 0 0 0 0 0 0 0 0 0 0 0 0 0 0 0 0 0 0 0 0 0 0 0 0 0 0 0 0 0 0 0 0 0 0 0 0 0 0 0 0 0 0 0 0 0 0 0 0 0 0 0 0 0 0 0 0 0 0 0 0 0 0 0 0 0 0 0 0 0 0 0 0 2 0 0 137 50 1 0 1 0 0 0 0 0 0 0 0 0 0 0 2 0 0 0 0 0 8 0 2 0 0 0 80 0 0 0 255 255 255 255 2 0 1 0 0 0 0 0 data 10 0x10002 0x2651 0xa0002 0x2651 0x120005 0x0 0x22542e0 0x2651 0x0 0x0 oops 1 6 java/lang/Class
ciMethod org/gradle/model/internal/type/GenericArrayTypeWrapper <init> (Lorg/gradle/model/internal/type/TypeWrapper;I)V 65 1 74 0 0
ciMethodData org/gradle/model/internal/type/ModelType toWrappers ([Ljava/lang/reflect/Type;)[Lorg/gradle/model/internal/type/TypeWrapper; 2 4097 orig 264 56 157 191 90 0 0 0 0 208 185 234 28 0 0 0 0 224 1 0 0 0 0 0 0 0 0 0 0 0 0 0 0 0 0 0 0 0 0 0 0 0 0 0 0 0 0 0 0 0 0 0 0 0 0 0 0 0 0 0 0 0 0 0 0 0 0 0 0 0 0 0 0 0 0 0 0 0 0 0 0 77 68 79 32 101 120 116 114 97 32 100 97 116 97 32 108 111 99 107 0 0 0 0 0 0 0 0 0 0 0 0 0 0 0 0 0 0 0 0 0 0 0 0 0 0 0 0 0 0 0 0 0 0 0 0 0 0 0 0 0 0 0 0 0 0 0 0 0 0 0 0 0 0 0 0 0 0 0 0 0 0 0 0 0 0 0 0 0 0 0 0 0 0 0 0 0 0 0 0 0 0 0 0 0 0 0 0 0 0 0 0 0 0 0 0 0 0 0 0 0 0 0 0 0 0 0 0 0 0 0 0 0 0 0 0 0 0 2 0 0 9 112 0 0 185 111 0 0 0 0 0 0 0 0 0 0 2 0 0 0 1 0 8 0 2 0 0 0 152 0 0 0 255 255 255 255 7 0 2 0 0 0 0 0 data 19 0x20007 0xcf3 0x20 0x10e 0x1e0007 0xcf3 0x78 0xdf5 0x2e0002 0xdf5 0x310004 0x0 0x17769880 0x842 0x1776ec80 0x18 0x350003 0xdf5 0xffffffffffffffa0 oops 2 12 org/gradle/model/internal/type/ClassTypeWrapper 14 org/gradle/model/internal/type/ParameterizedTypeWrapper
ciMethodData org/gradle/model/internal/type/ParameterizedTypeWrapper <init> ([Lorg/gradle/model/internal/type/TypeWrapper;Lorg/gradle/model/internal/type/ClassTypeWrapper;Lorg/gradle/model/internal/type/TypeWrapper;)V 1 1072 orig 264 56 157 191 90 0 0 0 0 8 16 1 29 0 0 0 0 88 1 0 0 0 0 0 0 0 0 0 0 0 0 0 0 0 0 0 0 0 0 0 0 0 0 0 0 0 0 0 0 0 0 0 0 0 0 0 0 0 0 0 0 0 0 0 0 0 0 0 0 0 0 0 0 0 0 0 0 0 0 0 0 77 68 79 32 101 120 116 114 97 32 100 97 116 97 32 108 111 99 107 0 0 0 0 0 0 0 0 0 0 0 0 0 0 0 0 0 0 0 0 0 0 0 0 0 0 0 0 0 0 0 0 0 0 0 0 0 0 0 0 0 0 0 0 0 0 0 0 0 0 0 0 0 0 0 0 0 0 0 0 0 0 0 0 0 0 0 0 0 0 0 0 0 0 0 0 0 0 0 0 0 0 0 0 0 0 0 0 0 0 0 0 0 0 0 0 0 0 0 0 0 0 0 0 0 0 0 0 0 0 0 0 0 0 0 0 0 203 0 0 0 41 27 0 0 1 0 0 0 0 0 0 0 0 0 0 0 2 0 0 0 0 0 0 0 0 0 0 0 32 0 0 0 255 255 255 255 2 0 1 0 0 0 0 0 data 4 0x10002 0x365 0x180002 0x365 oops 0
ciMethodData org/gradle/model/internal/type/ParameterizedTypeWrapper hashCode ([Lorg/gradle/model/internal/type/TypeWrapper;Lorg/gradle/model/internal/type/ClassTypeWrapper;Lorg/gradle/model/internal/type/TypeWrapper;)I 1 1350 orig 264 56 157 191 90 0 0 0 0 104 17 1 29 0 0 0 0 72 2 0 0 0 0 0 0 0 0 0 0 0 0 0 0 0 0 0 0 0 0 0 0 0 0 0 0 0 0 0 0 0 0 0 0 0 0 0 0 0 0 0 0 0 0 0 0 0 0 0 0 0 0 0 0 0 0 0 0 0 0 0 0 77 68 79 32 101 120 116 114 97 32 100 97 116 97 32 108 111 99 107 0 0 0 0 0 0 0 0 0 0 0 0 0 0 0 0 0 0 0 0 0 0 0 0 0 0 0 0 0 0 0 0 0 0 0 0 0 0 0 0 0 0 0 0 0 0 0 0 0 0 0 0 0 0 0 0 0 0 0 0 0 0 0 0 0 0 0 0 0 0 0 0 0 0 0 0 0 0 0 0 0 0 0 0 0 0 0 0 0 0 0 0 0 0 0 0 0 0 0 0 0 0 0 0 0 0 0 0 0 0 0 0 0 0 0 0 0 226 0 0 0 41 27 0 0 33 35 0 0 0 0 0 0 0 0 0 0 2 0 0 0 0 0 0 0 0 0 0 0 232 0 0 0 255 255 255 255 5 0 1 0 0 0 0 0 data 29 0x10005 0x0 0x17769880 0x365 0x0 0x0 0x150007 0x365 0x68 0x464 0x230005 0x141 0x17769880 0xd0 0x1776dd00 0x253 0x2c0003 0x464 0xffffffffffffffb0 0x300007 0x355 0x50 0x10 0x360005 0x0 0x17769880 0x10 0x0 0x0 oops 4 2 org/gradle/model/internal/type/ClassTypeWrapper 12 org/gradle/model/internal/type/ClassTypeWrapper 14 org/gradle/model/internal/type/WildcardTypeWrapper 25 org/gradle/model/internal/type/ClassTypeWrapper
ciMethodData org/gradle/model/internal/type/WildcardTypeWrapper <init> ([Lorg/gradle/model/internal/type/TypeWrapper;[Lorg/gradle/model/internal/type/TypeWrapper;I)V 1 687 orig 264 56 157 191 90 0 0 0 0 24 44 1 29 0 0 0 0 72 1 0 0 0 0 0 0 0 0 0 0 0 0 0 0 0 0 0 0 0 0 0 0 0 0 0 0 0 0 0 0 0 0 0 0 0 0 0 0 0 0 0 0 0 0 0 0 0 0 0 0 0 0 0 0 0 0 0 0 0 0 0 0 77 68 79 32 101 120 116 114 97 32 100 97 116 97 32 108 111 99 107 0 0 0 0 0 0 0 0 0 0 0 0 0 0 0 0 0 0 0 0 0 0 0 0 0 0 0 0 0 0 0 0 0 0 0 0 0 0 0 0 0 0 0 0 0 0 0 0 0 0 0 0 0 0 0 0 0 0 0 0 0 0 0 0 0 0 0 0 0 0 0 0 0 0 0 0 0 0 0 0 0 0 0 0 0 0 0 0 0 0 0 0 0 0 0 0 0 0 0 0 0 0 0 0 0 0 0 0 0 0 0 0 0 0 0 0 0 92 0 0 0 153 18 0 0 1 0 0 0 0 0 0 0 0 0 0 0 2 0 0 0 0 0 0 0 0 0 0 0 16 0 0 0 255 255 255 255 2 0 1 0 0 0 0 0 data 2 0x10002 0x253 oops 0
ciMethodData org/gradle/model/internal/type/TypeVariableTypeWrapper <init> (Ljava/lang/String;[Lorg/gradle/model/internal/type/TypeWrapper;I)V 2 1656 orig 264 56 157 191 90 0 0 0 0 176 129 63 29 0 0 0 0 72 1 0 0 0 0 0 0 0 0 0 0 0 0 0 0 0 0 0 0 0 0 0 0 0 0 0 0 0 0 0 0 0 0 0 0 0 0 0 0 0 0 0 0 0 0 0 0 0 0 0 0 0 0 0 0 0 0 0 0 0 0 0 0 77 68 79 32 101 120 116 114 97 32 100 97 116 97 32 108 111 99 107 0 0 0 0 0 0 0 0 0 0 0 0 0 0 0 0 0 0 0 0 0 0 0 0 0 0 0 0 0 0 0 0 0 0 0 0 0 0 0 0 0 0 0 0 0 0 0 0 0 0 0 0 0 0 0 0 0 0 0 0 0 0 0 0 0 0 0 0 0 0 0 0 0 0 0 0 0 0 0 0 0 0 0 0 0 0 0 0 0 0 0 0 0 0 0 0 0 0 0 0 0 0 0 0 0 0 0 0 0 0 0 0 0 0 0 0 0 160 0 0 0 193 46 0 0 1 0 0 0 0 0 0 0 0 0 0 0 2 0 0 0 0 0 0 0 0 0 0 0 16 0 0 0 255 255 255 255 2 0 1 0 0 0 0 0 data 2 0x10002 0x5d8 oops 0
ciMethodData org/gradle/model/internal/type/GenericArrayTypeWrapper <init> (Lorg/gradle/model/internal/type/TypeWrapper;I)V 1 74 orig 264 56 157 191 90 0 0 0 0 152 194 69 30 0 0 0 0 64 1 0 0 0 0 0 0 0 0 0 0 0 0 0 0 0 0 0 0 0 0 0 0 0 0 0 0 0 0 0 0 0 0 0 0 0 0 0 0 0 0 0 0 0 0 0 0 0 0 0 0 0 0 0 0 0 0 0 0 0 0 0 0 77 68 79 32 101 120 116 114 97 32 100 97 116 97 32 108 111 99 107 0 0 0 0 0 0 0 0 0 0 0 0 0 0 0 0 0 0 0 0 0 0 0 0 0 0 0 0 0 0 0 0 0 0 0 0 0 0 0 0 0 0 0 0 0 0 0 0 0 0 0 0 0 0 0 0 0 0 0 0 0 0 0 0 0 0 0 0 0 0 0 0 0 0 0 0 0 0 0 0 0 0 0 0 0 0 0 0 0 0 0 0 0 0 0 0 0 0 0 0 0 0 0 0 0 0 0 0 0 0 0 0 0 0 0 0 0 8 0 0 0 17 2 0 0 1 0 0 0 0 0 0 0 0 0 0 0 2 0 0 0 0 0 0 0 0 0 0 0 16 0 0 0 255 255 255 255 2 0 1 0 0 0 0 0 data 2 0x10002 0x42 oops 0
instanceKlass org/gradle/internal/invocation/GradleBuildController$1
instanceKlass org/gradle/internal/DefaultTaskExecutionRequest
instanceKlass org/gradle/internal/remote/internal/inet/SocketConnection$1
instanceKlass com/google/common/cache/LocalCache$WriteThroughEntry
instanceKlass com/google/common/cache/LocalCache$HashIterator
instanceKlass org/gradle/internal/work/DefaultWorkerLeaseService$1
instanceKlass org/gradle/cache/internal/DefaultMultiProcessSafePersistentIndexedCache$4
instanceKlass org/gradle/workers/internal/WorkerDaemonClientsManager$StopSessionScopedWorkers$1
instanceKlass com/google/protobuf/ByteString$CodedBuilder
instanceKlass com/google/wireless/android/play/playlog/proto/ClientAnalytics$LogEventKeyValuesOrBuilder
instanceKlass com/google/wireless/android/play/playlog/proto/ClientAnalytics$ActiveExperimentsOrBuilder
instanceKlass com/google/wireless/android/play/playlog/proto/ClientAnalytics$ExperimentIdsOrBuilder
instanceKlass com/google/wireless/android/play/playlog/proto/ClientAnalytics$AppUsage1pLogEventOrBuilder
instanceKlass com/google/wireless/android/play/playlog/proto/ClientAnalytics$NetworkConnectionInfoOrBuilder
instanceKlass com/google/wireless/android/play/playlog/proto/ClientAnalytics$LogEventOrBuilder
instanceKlass com/google/wireless/android/sdk/stats/AndroidStudioEvent$EventKind$1
instanceKlass com/google/wireless/android/sdk/stats/AndroidStudioEvent$EventCategory$1
instanceKlass com/google/wireless/android/sdk/stats/KotlinSupportOrBuilder
instanceKlass com/google/wireless/android/sdk/stats/LayoutInspectorEventOrBuilder
instanceKlass com/google/wireless/android/sdk/stats/ApkDebugProjectOrBuilder
instanceKlass com/google/wireless/android/sdk/stats/GradleSyncStatsOrBuilder
instanceKlass com/google/wireless/android/sdk/stats/ApkAnalyzerStatsOrBuilder
instanceKlass com/google/wireless/android/sdk/stats/AndroidProfilerEventOrBuilder
instanceKlass com/google/wireless/android/sdk/stats/AdbAssistantStatsOrBuilder
instanceKlass com/google/wireless/android/sdk/stats/LayoutEditorEventOrBuilder
instanceKlass com/google/wireless/android/sdk/stats/StudioProjectChangeOrBuilder
instanceKlass com/google/wireless/android/sdk/stats/LldbPerformanceStatsOrBuilder
instanceKlass com/google/wireless/android/sdk/stats/JvmDetailsOrBuilder
instanceKlass com/google/wireless/android/sdk/stats/MachineDetailsOrBuilder
instanceKlass com/google/wireless/android/sdk/stats/UIActionStatsOrBuilder
instanceKlass com/google/wireless/android/sdk/stats/TestRecorderDetailsOrBuilder
instanceKlass com/google/wireless/android/sdk/stats/GfxTracingDetailsOrBuilder
instanceKlass com/google/wireless/android/sdk/stats/FirebaseErrorDetailsOrBuilder
instanceKlass com/google/wireless/android/sdk/stats/LLDBFrontendDetailsOrBuilder
instanceKlass com/google/wireless/android/sdk/stats/EmulatorHostOrBuilder
instanceKlass com/google/wireless/android/sdk/stats/HypervisorOrBuilder
instanceKlass com/google/wireless/android/sdk/stats/EmulatorUiEventOrBuilder
instanceKlass com/google/wireless/android/sdk/stats/TestRunOrBuilder
instanceKlass com/google/wireless/android/sdk/stats/EmulatorDetailsOrBuilder
instanceKlass com/google/wireless/android/sdk/stats/MetaMetricsOrBuilder
instanceKlass com/google/wireless/android/sdk/stats/InstantRunOrBuilder
instanceKlass com/google/wireless/android/sdk/stats/GradleBuildDetailsOrBuilder
instanceKlass com/google/wireless/android/sdk/stats/StudioCrashOrBuilder
instanceKlass com/google/wireless/android/sdk/stats/DeviceInfoOrBuilder
instanceKlass com/google/wireless/android/sdk/stats/ProductDetailsOrBuilder
instanceKlass com/google/wireless/android/sdk/stats/AndroidProfilerDbStatsOrBuilder
instanceKlass com/google/wireless/android/sdk/stats/LldbSessionEndDetailsOrBuilder
instanceKlass com/google/wireless/android/sdk/stats/LldbSessionStartDetailsOrBuilder
instanceKlass com/google/wireless/android/sdk/stats/EmulatorPerformanceStatsOrBuilder
instanceKlass com/google/wireless/android/sdk/stats/AppLinksAssistantEventOrBuilder
instanceKlass com/google/wireless/android/sdk/stats/FirebaseContextDetailsOrBuilder
instanceKlass com/google/wireless/android/sdk/stats/StudioPerformanceStatsOrBuilder
instanceKlass com/google/wireless/android/sdk/stats/AndroidStudioEventOrBuilder
instanceKlass com/android/builder/profile/ChromeTracingProfileConverter$2
instanceKlass com/google/protobuf/TextFormatEscaper$1
instanceKlass com/google/protobuf/TextFormatEscaper$ByteSequence
instanceKlass com/google/protobuf/TextFormatEscaper
instanceKlass com/google/protobuf/TextFormat$1
instanceKlass com/google/protobuf/GeneratedMessageV3$FieldAccessorTable$RepeatedFieldAccessor
instanceKlass com/google/protobuf/GeneratedMessageV3$FieldAccessorTable$SingularFieldAccessor
instanceKlass com/google/protobuf/GeneratedMessageV3$FieldAccessorTable$OneofAccessor
instanceKlass com/google/protobuf/GeneratedMessageV3$FieldAccessorTable$FieldAccessor
instanceKlass com/google/protobuf/GeneratedMessageV3$FieldAccessorTable
instanceKlass com/google/protobuf/Descriptors$1
instanceKlass com/google/protobuf/Descriptors$DescriptorPool$DescriptorIntPair
instanceKlass com/google/protobuf/Descriptors$OneofDescriptor
instanceKlass com/google/protobuf/Descriptors
instanceKlass com/google/protobuf/Descriptors$DescriptorPool
instanceKlass com/google/protobuf/SmallSortedMap$EmptySet$2
instanceKlass com/google/protobuf/SmallSortedMap$EmptySet$1
instanceKlass com/google/protobuf/SmallSortedMap$EmptySet
instanceKlass com/google/protobuf/LazyFieldLite
instanceKlass com/google/protobuf/FieldSet
instanceKlass com/google/protobuf/DescriptorProtos$EnumValueOptionsOrBuilder
instanceKlass com/google/protobuf/DescriptorProtos$EnumValueDescriptorProtoOrBuilder
instanceKlass com/google/protobuf/DescriptorProtos$EnumOptionsOrBuilder
instanceKlass com/google/protobuf/DescriptorProtos$EnumDescriptorProtoOrBuilder
instanceKlass com/google/protobuf/DescriptorProtos$FieldDescriptorProto$Type$1
instanceKlass com/google/protobuf/DescriptorProtos$FieldDescriptorProto$Label$1
instanceKlass com/google/protobuf/DescriptorProtos$FieldOptionsOrBuilder
instanceKlass com/google/protobuf/DescriptorProtos$FieldDescriptorProtoOrBuilder
instanceKlass com/google/protobuf/DescriptorProtos$MessageOptionsOrBuilder
instanceKlass com/google/protobuf/DescriptorProtos$DescriptorProtoOrBuilder
instanceKlass com/google/protobuf/DescriptorProtos$SourceCodeInfoOrBuilder
instanceKlass com/google/protobuf/DescriptorProtos$FileOptionsOrBuilder
instanceKlass com/google/protobuf/GeneratedMessageV3$ExtendableMessageOrBuilder
instanceKlass com/google/protobuf/DescriptorProtos$FileDescriptorProtoOrBuilder
instanceKlass com/google/wireless/android/sdk/stats/AndroidStudioStats$1
instanceKlass com/google/protobuf/Descriptors$FileDescriptor$InternalDescriptorAssigner
instanceKlass com/google/wireless/android/sdk/stats/AndroidStudioStats
instanceKlass com/google/protobuf/TextFormat$TextGenerator
instanceKlass com/google/protobuf/TextFormat$Parser$Builder
instanceKlass com/google/protobuf/TextFormat$Parser
instanceKlass com/google/protobuf/TextFormat$Printer
instanceKlass com/google/protobuf/TextFormat
instanceKlass com/android/builder/profile/ChromeTracingProfileConverter$ProjectHolder$$Lambda$272
instanceKlass com/android/builder/profile/ChromeTracingProfileConverter$$Lambda$271
instanceKlass com/android/builder/profile/ChromeTracingProfileConverter$ProjectHolder
instanceKlass com/android/builder/profile/ChromeTracingProfileConverter$$Lambda$270
instanceKlass com/google/protobuf/ByteString$ArraysByteArrayCopier
instanceKlass com/google/protobuf/Internal
instanceKlass com/google/protobuf/ByteString$ByteIterator
instanceKlass com/google/protobuf/ByteString$ByteArrayCopier
instanceKlass com/google/protobuf/ByteString
instanceKlass com/google/protobuf/UnknownFieldSet$Builder
instanceKlass com/google/protobuf/CodedInputStream
instanceKlass com/android/builder/profile/ChromeTracingProfileConverter
instanceKlass com/google/protobuf/Utf8$Processor
instanceKlass com/google/protobuf/Utf8
instanceKlass com/google/protobuf/WireFormat
instanceKlass com/google/protobuf/UnsafeUtil$1
instanceKlass com/google/protobuf/UnsafeUtil
instanceKlass com/google/protobuf/ByteOutput
instanceKlass com/google/common/cache/LocalCache$WriteThroughEntry
instanceKlass com/google/common/cache/LocalCache$HashIterator
instanceKlass java/time/LocalTime$1
instanceKlass java/time/format/DateTimeFormatterBuilder$3
instanceKlass java/time/Month$1
instanceKlass java/time/temporal/WeekFields$ComputedDayOfField
instanceKlass java/time/temporal/WeekFields
instanceKlass java/time/format/DateTimePrintContext
instanceKlass java/time/zone/ZoneOffsetTransition
instanceKlass java/time/zone/Ser
instanceKlass java/time/zone/ZoneRulesProvider$1
instanceKlass java/time/zone/ZoneRulesProvider
instanceKlass java/time/Clock
instanceKlass org/apache/tools/ant/IntrospectionHelper$AttributeSetter
instanceKlass org/apache/tools/ant/IntrospectionHelper$NestedCreator
instanceKlass org/apache/tools/ant/IntrospectionHelper
instanceKlass org/jetbrains/kotlin/load/java/JvmBytecodeBinaryVersion$Companion
instanceKlass org/jetbrains/kotlin/load/kotlin/JvmMetadataVersion$Companion
instanceKlass org/jetbrains/kotlin/serialization/deserialization/BinaryVersion$Companion
instanceKlass org/jetbrains/kotlin/serialization/deserialization/BinaryVersion
instanceKlass kotlin/text/Charsets
instanceKlass kotlin/io/FilesKt__FilePathComponentsKt
instanceKlass org/jetbrains/kotlin/incremental/CacheVersion
instanceKlass org/jetbrains/kotlin/incremental/BuildCacheStorage$Companion
instanceKlass org/jetbrains/kotlin/incremental/storage/BasicMapsOwner$Companion
instanceKlass org/jetbrains/kotlin/incremental/storage/BasicMapsOwner
instanceKlass org/jetbrains/kotlin/compilerRunner/GradleCompilerRunner$Companion
instanceKlass org/jetbrains/kotlin/compilerRunner/KotlinCompilerRunner$Companion
instanceKlass org/jetbrains/kotlin/compilerRunner/KotlinCompilerRunner
instanceKlass com/android/dx/rop/type/Type
instanceKlass com/android/dx/rop/cst/Constant
instanceKlass com/android/dx/rop/code/RegisterSpec$ForComparison
instanceKlass com/android/dx/rop/code/RegisterSpec
instanceKlass com/android/dx/rop/type/TypeBearer
instanceKlass com/android/dx/util/ToHuman
instanceKlass com/android/dx/rop/type/Prototype
instanceKlass com/android/dx/cf/direct/ClassPathOpener$Consumer
instanceKlass com/android/dx/cf/direct/ClassPathOpener$FileNameFilter
instanceKlass com/android/dx/cf/direct/AttributeFactory
instanceKlass com/android/dx/command/dexer/Main
instanceKlass com/android/builder/internal/compiler/PreProcessCache$Key
instanceKlass com/android/builder/internal/compiler/PreProcessCache$BaseItem
instanceKlass com/android/builder/internal/compiler/PreProcessCache
instanceKlass com/android/build/gradle/BasePlugin$1$$Lambda$269
instanceKlass com/android/ide/common/util/JvmWideVariable$$Lambda$268
instanceKlass com/android/ide/common/util/JvmWideVariable$$Lambda$267
instanceKlass com/android/ide/common/internal/ExecutorSingleton$$Lambda$266
instanceKlass com/android/ide/common/util/JvmWideVariable$$Lambda$265
instanceKlass com/android/ide/common/internal/ExecutorSingleton
instanceKlass com/android/build/gradle/internal/BuildSessionImpl$$Lambda$264
instanceKlass java/lang/invoke/LambdaForm$DMH
instanceKlass com/android/build/gradle/internal/ide/AndroidArtifactOutputImpl
instanceKlass com/android/builder/model/AndroidArtifactOutput
instanceKlass com/google/common/collect/ImmutableSet$SerializedForm
instanceKlass com/google/common/collect/ImmutableList$SerializedForm
instanceKlass com/google/common/collect/ImmutableMap$SerializedForm
instanceKlass org/gradle/tooling/internal/provider/serialization/WellKnownClassLoaderRegistry$1
instanceKlass org/gradle/tooling/internal/provider/serialization/DefaultPayloadClassLoaderRegistry$1
instanceKlass org/gradle/tooling/internal/provider/BuildActionResult
instanceKlass org/gradle/internal/featurelifecycle/DeprecatedFeatureUsage
instanceKlass com/android/builder/model/level2/Library
instanceKlass com/android/build/gradle/internal/ide/level2/GlobalLibraryMapImpl
instanceKlass com/android/builder/model/NativeSettings
instanceKlass com/android/builder/model/NativeArtifact
instanceKlass com/android/build/gradle/internal/ide/NativeModelBuilder$NativeAndroidProjectBuilder
instanceKlass com/android/builder/model/NativeToolchain
instanceKlass com/android/builder/model/ArtifactMetaData
instanceKlass com/android/builder/model/SyncIssue
instanceKlass com/android/builder/model/BuildType
instanceKlass com/android/builder/model/BuildTypeContainer
instanceKlass com/android/builder/model/SourceProviderContainer
instanceKlass com/android/builder/model/TestedTargetVariant
instanceKlass com/android/builder/model/JavaArtifact
instanceKlass com/android/builder/model/NativeLibrary
instanceKlass com/android/build/FilterData
instanceKlass com/android/builder/model/AndroidArtifactOutput
instanceKlass com/android/build/OutputFile
instanceKlass com/android/build/VariantOutput
instanceKlass com/android/builder/model/TestOptions
instanceKlass com/android/builder/model/InstantRun
instanceKlass com/android/builder/model/level2/GraphItem
instanceKlass com/android/builder/model/JavaLibrary
instanceKlass com/android/builder/model/MavenCoordinates
instanceKlass com/android/builder/model/AndroidLibrary
instanceKlass com/android/builder/model/AndroidBundle
instanceKlass com/android/builder/model/Library
instanceKlass com/android/builder/model/level2/DependencyGraphs
instanceKlass com/android/builder/model/SourceProvider
instanceKlass com/android/builder/model/Dependencies
instanceKlass com/android/builder/model/SigningConfig
instanceKlass com/android/builder/model/ApiVersion
instanceKlass com/android/builder/model/VectorDrawablesOptions
instanceKlass com/android/builder/model/ClassField
instanceKlass com/android/builder/model/AndroidArtifact
instanceKlass com/android/builder/model/BaseArtifact
instanceKlass com/android/builder/model/ProductFlavor
instanceKlass com/android/builder/model/DimensionAware
instanceKlass com/android/builder/model/BaseConfig
instanceKlass com/android/builder/model/Variant
instanceKlass com/android/builder/model/JavaCompileOptions
instanceKlass com/android/builder/model/LintOptions
instanceKlass com/android/builder/model/AaptOptions
instanceKlass com/android/builder/model/ProductFlavorContainer
instanceKlass com/android/build/gradle/internal/ide/DefaultJavaCompileOptions
instanceKlass com/android/build/gradle/internal/ide/ModelBuilder$$Lambda$263
instanceKlass com/android/build/gradle/internal/ide/SigningConfigImpl
instanceKlass com/android/builder/model/JavaCompileOptions
instanceKlass com/android/build/gradle/internal/ide/DefaultAndroidProject
instanceKlass com/android/build/gradle/internal/ide/ModelBuilder$$Lambda$262
instanceKlass com/android/build/gradle/internal/ide/VariantImpl
instanceKlass com/android/build/gradle/internal/ide/TestOptionsImpl
instanceKlass java/util/function/Predicate$$Lambda$261
instanceKlass com/android/build/gradle/internal/ide/ModelBuilder$$Lambda$260
instanceKlass com/android/build/gradle/internal/dependency/SubtractingArtifactCollection$$Lambda$259
instanceKlass com/android/build/gradle/internal/ide/ModelBuilder$$Lambda$258
instanceKlass com/android/builder/model/JavaArtifact
instanceKlass org/gradle/api/internal/project/taskfactory/TaskPropertyInfo$5
instanceKlass org/gradle/api/internal/project/taskfactory/TaskPropertyInfo$4
instanceKlass org/gradle/api/internal/tasks/DefaultTaskOutputs$5
instanceKlass org/gradle/api/internal/tasks/TaskPropertyUtils
instanceKlass com/android/build/gradle/internal/ide/BaseArtifactImpl
instanceKlass com/android/builder/model/JavaLibrary
instanceKlass com/android/builder/dependency/HashCodeUtils
instanceKlass com/android/builder/dependency/MavenCoordinatesImpl
instanceKlass com/android/ide/common/caching/CreatingCache$1
instanceKlass com/android/ide/common/caching/CreatingCache$ValueState
instanceKlass com/android/build/gradle/internal/ide/LibraryImpl
instanceKlass com/android/builder/model/AndroidLibrary
instanceKlass com/android/builder/model/AndroidBundle
instanceKlass com/android/builder/model/Library
instanceKlass com/android/build/gradle/internal/ide/ModelBuilder$$Lambda$257
instanceKlass com/android/build/gradle/internal/ide/DependencyFailureHandler
instanceKlass com/android/build/gradle/internal/incremental/BuildInfoWriterTask$ConfigAction
instanceKlass com/android/build/gradle/internal/ide/InstantRunImpl
instanceKlass com/android/build/gradle/internal/ide/BuildOutputsSupplier
instanceKlass com/android/build/gradle/internal/ide/ModelBuilder$1
instanceKlass com/android/build/gradle/internal/ide/ModelBuilder$SourceProviders
instanceKlass com/android/build/gradle/internal/ide/BuildTypeContainerImpl
instanceKlass com/android/builder/model/BuildTypeContainer
instanceKlass com/android/build/gradle/internal/ide/ApiVersionImpl
instanceKlass com/android/build/gradle/internal/ide/BaseConfigImpl
instanceKlass com/android/build/gradle/internal/ide/SourceProviderImpl
instanceKlass com/android/build/gradle/internal/ide/SourceProviderContainerImpl$$Lambda$256
instanceKlass com/android/build/gradle/internal/ide/SourceProviderContainerImpl
instanceKlass com/android/builder/model/SourceProviderContainer
instanceKlass com/android/build/gradle/internal/ide/ProductFlavorContainerImpl
instanceKlass com/android/builder/model/ProductFlavorContainer
instanceKlass com/android/build/gradle/internal/ide/AaptOptionsImpl
instanceKlass com/android/builder/model/AaptOptions
instanceKlass com/android/build/gradle/internal/ide/ArtifactMetaDataImpl
instanceKlass com/android/builder/model/ArtifactMetaData
instanceKlass org/jetbrains/kotlin/gradle/ArgsInfoImpl
instanceKlass org/jetbrains/kotlin/gradle/ArgsInfo
instanceKlass org/jetbrains/kotlin/utils/SmartList$EmptyIterator
instanceKlass org/jetbrains/kotlin/utils/StringsKt
instanceKlass org/jetbrains/kotlin/cli/common/arguments/ParseCommandLineArgumentsKt
instanceKlass kotlin/reflect/jvm/ReflectJvmMapping
instanceKlass kotlin/reflect/jvm/internal/KTypeImpl
instanceKlass kotlin/reflect/KType
instanceKlass kotlin/reflect/jvm/internal/FunctionCaller$Companion
instanceKlass kotlin/reflect/jvm/internal/FunctionCaller
instanceKlass kotlin/reflect/jvm/internal/KPropertyImplKt
instanceKlass kotlin/reflect/KProperty1$Getter
instanceKlass org/jetbrains/kotlin/com/intellij/util/containers/FilteringIterator$InstanceOf
instanceKlass org/jetbrains/kotlin/com/intellij/util/containers/FilteringIterator
instanceKlass org/jetbrains/kotlin/com/intellij/util/containers/PeekableIterator
instanceKlass org/jetbrains/kotlin/com/intellij/openapi/util/RecursionGuard$StackStamp
instanceKlass org/jetbrains/kotlin/com/intellij/openapi/util/RecursionGuard
instanceKlass org/jetbrains/kotlin/com/intellij/openapi/util/RecursionManager
instanceKlass org/jetbrains/kotlin/com/intellij/util/SystemProperties
instanceKlass org/jetbrains/kotlin/com/intellij/openapi/util/NotNullLazyValue
instanceKlass org/jetbrains/kotlin/com/intellij/openapi/util/NullableLazyValue
instanceKlass org/jetbrains/kotlin/com/intellij/openapi/util/SystemInfoRt
instanceKlass org/jetbrains/kotlin/com/intellij/util/containers/ContainerUtil$21
instanceKlass org/jetbrains/kotlin/com/intellij/util/containers/ContainerUtil$20
instanceKlass org/jetbrains/kotlin/com/intellij/openapi/util/Condition
instanceKlass org/jetbrains/kotlin/com/intellij/util/containers/ConcurrentLongObjectMap
instanceKlass org/jetbrains/kotlin/com/intellij/util/containers/ConcurrentIntObjectMap
instanceKlass org/jetbrains/kotlin/com/intellij/util/containers/ConcurrentList
instanceKlass org/jetbrains/kotlin/com/intellij/util/containers/ContainerUtil$ConcurrentMapFactory
instanceKlass org/jetbrains/kotlin/com/intellij/util/containers/ContainerUtilRt
instanceKlass kotlin/reflect/jvm/internal/impl/descriptors/annotations/AnnotationWithTarget
instanceKlass kotlin/reflect/jvm/internal/impl/descriptors/annotations/AnnotationUseSiteTarget$Companion
instanceKlass kotlin/reflect/jvm/internal/impl/load/kotlin/AbstractBinaryClassAnnotationAndConstantLoader$Storage
instanceKlass kotlin/reflect/jvm/internal/impl/resolve/calls/inference/CapturedTypeConstructor
instanceKlass kotlin/reflect/jvm/internal/impl/resolve/constants/ErrorValue$Companion
instanceKlass org/jetbrains/kotlin/cli/common/arguments/DefaultValues
instanceKlass org/jetbrains/kotlin/cli/common/arguments/GradleOption
instanceKlass kotlin/reflect/jvm/internal/impl/descriptors/annotations/AnnotationDescriptorImpl
instanceKlass kotlin/reflect/jvm/internal/impl/descriptors/annotations/AnnotationDescriptor
instanceKlass kotlin/reflect/jvm/internal/impl/resolve/constants/ConstantValue
instanceKlass kotlin/reflect/jvm/internal/impl/load/kotlin/BinaryClassAnnotationAndConstantLoaderImpl$loadAnnotation$1
instanceKlass org/jetbrains/kotlin/cli/common/arguments/Argument
instanceKlass kotlin/jvm/internal/ArrayIterator
instanceKlass kotlin/jvm/internal/ArrayIteratorKt
instanceKlass kotlin/reflect/jvm/internal/impl/load/kotlin/AbstractBinaryClassAnnotationAndConstantLoader$loadAnnotationsAndInitializers$1$MemberAnnotationVisitor
instanceKlass kotlin/reflect/jvm/internal/impl/load/kotlin/KotlinJvmBinaryClass$MethodAnnotationVisitor
instanceKlass kotlin/reflect/jvm/internal/impl/load/kotlin/reflect/SignatureSerializer
instanceKlass kotlin/reflect/jvm/internal/impl/load/kotlin/AbstractBinaryClassAnnotationAndConstantLoader$loadAnnotationsAndInitializers$1
instanceKlass kotlin/reflect/jvm/internal/impl/load/kotlin/KotlinJvmBinaryClass$MemberVisitor
instanceKlass kotlin/reflect/jvm/internal/impl/serialization/jvm/JvmProtoBufUtil$PropertySignature
instanceKlass kotlin/reflect/jvm/internal/impl/load/kotlin/MemberSignature$Companion
instanceKlass kotlin/reflect/jvm/internal/impl/load/kotlin/MemberSignature
instanceKlass kotlin/reflect/jvm/internal/UtilKt
instanceKlass kotlin/reflect/jvm/internal/JvmFunctionSignature
instanceKlass kotlin/reflect/jvm/internal/impl/serialization/jvm/ClassMapperLite
instanceKlass kotlin/reflect/jvm/internal/FunctionWithAllInvokes
instanceKlass kotlin/reflect/jvm/internal/JvmPropertySignature
instanceKlass kotlin/reflect/jvm/internal/impl/types/checker/SubtypePathNode
instanceKlass kotlin/reflect/jvm/internal/impl/types/checker/UtilsKt
instanceKlass kotlin/reflect/jvm/internal/impl/types/TypeCapabilitiesKt
instanceKlass kotlin/reflect/jvm/internal/impl/resolve/OverridingUtil$7
instanceKlass kotlin/reflect/jvm/internal/impl/resolve/OverridingUtil$6
instanceKlass kotlin/reflect/jvm/internal/impl/resolve/VisibilityUtilKt
instanceKlass kotlin/reflect/jvm/internal/impl/resolve/OverridingUtil$3
instanceKlass kotlin/reflect/jvm/internal/impl/load/java/typeEnhancement/PredefinedFunctionEnhancementInfo
instanceKlass kotlin/reflect/jvm/internal/impl/load/java/descriptors/JavaCallableMemberDescriptor
instanceKlass kotlin/reflect/jvm/internal/impl/load/java/typeEnhancement/SignatureEnhancementKt
instanceKlass kotlin/reflect/jvm/internal/impl/load/java/components/DescriptorResolverUtils$1$1
instanceKlass kotlin/reflect/jvm/internal/impl/load/java/components/DescriptorResolverUtils
instanceKlass kotlin/reflect/jvm/internal/impl/load/java/BuiltinSpecialProperties
instanceKlass kotlin/reflect/jvm/internal/impl/load/java/JvmAbi
instanceKlass kotlin/reflect/jvm/internal/impl/load/java/PropertiesConventionUtilKt
instanceKlass kotlin/reflect/jvm/internal/impl/load/java/BuiltinMethodsWithSpecialGenericSignature
instanceKlass kotlin/reflect/jvm/internal/impl/load/java/NameAndSignature
instanceKlass kotlin/reflect/jvm/internal/impl/load/java/SpecialBuiltinMembers
instanceKlass kotlin/reflect/jvm/internal/impl/load/java/BuiltinMethodsWithDifferentJvmName
instanceKlass kotlin/reflect/jvm/internal/impl/resolve/OverridingUtilsKt
instanceKlass kotlin/reflect/jvm/internal/impl/descriptors/impl/FunctionDescriptorImpl$CopyConfiguration
instanceKlass kotlin/reflect/jvm/internal/impl/utils/SmartSet$SingletonIterator
instanceKlass kotlin/jvm/internal/markers/KMutableIterator
instanceKlass kotlin/reflect/jvm/internal/impl/resolve/OverridingUtil$OverrideCompatibilityInfo
instanceKlass kotlin/reflect/jvm/internal/impl/types/FlexibleTypesKt
instanceKlass kotlin/reflect/jvm/internal/impl/types/SubtypingRepresentatives
instanceKlass kotlin/reflect/jvm/internal/impl/types/KotlinTypeKt
instanceKlass kotlin/reflect/jvm/internal/impl/types/checker/TypeCheckerProcedureCallbacksImpl
instanceKlass kotlin/reflect/jvm/internal/impl/types/checker/TypeCheckingProcedure
instanceKlass kotlin/reflect/jvm/internal/impl/types/checker/TypeCheckingProcedureCallbacks
instanceKlass kotlin/reflect/jvm/internal/impl/types/checker/KotlinTypeCheckerImpl
instanceKlass kotlin/reflect/jvm/internal/impl/types/checker/KotlinTypeChecker
instanceKlass kotlin/reflect/jvm/internal/impl/builtins/CloneableClassScope$Companion
instanceKlass kotlin/reflect/jvm/internal/impl/descriptors/annotations/Annotations$DefaultImpls
instanceKlass kotlin/reflect/jvm/internal/impl/serialization/deserialization/PlatformDependentDeclarationFilterKt
instanceKlass org/jetbrains/kotlin/config/AnalysisFlag
instanceKlass kotlin/reflect/jvm/internal/impl/load/kotlin/JvmBuiltInsSettingsKt
instanceKlass kotlin/reflect/jvm/internal/impl/resolve/MemberComparator$1
instanceKlass kotlin/reflect/jvm/internal/impl/renderer/ClassifierNamePolicy$FULLY_QUALIFIED
instanceKlass kotlin/reflect/jvm/internal/impl/renderer/ClassifierNamePolicy$SHORT
instanceKlass kotlin/reflect/jvm/internal/impl/renderer/ExcludedTypeAnnotations
instanceKlass kotlin/reflect/jvm/internal/impl/renderer/DescriptorRenderer$ValueParametersHandler$DEFAULT
instanceKlass kotlin/reflect/jvm/internal/impl/renderer/DescriptorRenderer$ValueParametersHandler
instanceKlass kotlin/reflect/jvm/internal/impl/renderer/DescriptorRendererModifier$Companion
instanceKlass kotlin/properties/ObservableProperty
instanceKlass kotlin/reflect/jvm/internal/impl/renderer/ClassifierNamePolicy$SOURCE_CODE_QUALIFIED
instanceKlass kotlin/reflect/jvm/internal/impl/renderer/ClassifierNamePolicy
instanceKlass kotlin/reflect/jvm/internal/impl/renderer/DescriptorRendererOptionsImpl
instanceKlass kotlin/reflect/jvm/internal/impl/renderer/DescriptorRendererOptions
instanceKlass kotlin/reflect/jvm/internal/impl/renderer/DescriptorRenderer$Companion
instanceKlass kotlin/reflect/jvm/internal/impl/renderer/DescriptorRenderer
instanceKlass kotlin/reflect/jvm/internal/impl/resolve/MemberComparator
instanceKlass kotlin/reflect/jvm/internal/impl/types/DisjointKeysUnionTypeSubstitution$Companion
instanceKlass kotlin/reflect/jvm/internal/impl/types/DescriptorSubstitutor
instanceKlass kotlin/reflect/jvm/internal/impl/descriptors/impl/PropertyDescriptorImpl$CopyConfiguration
instanceKlass kotlin/reflect/jvm/internal/impl/resolve/OverridingUtil$4
instanceKlass kotlin/reflect/jvm/internal/impl/resolve/OverridingUtil$8
instanceKlass kotlin/reflect/jvm/internal/impl/descriptors/impl/TypeAliasConstructorDescriptor
instanceKlass kotlin/reflect/jvm/internal/impl/descriptors/ModuleDescriptor$DefaultImpls
instanceKlass kotlin/reflect/jvm/internal/impl/resolve/OverridingUtil$5
instanceKlass kotlin/reflect/jvm/internal/impl/resolve/calls/inference/CapturedTypeConstructorKt
instanceKlass kotlin/reflect/jvm/internal/impl/resolve/scopes/SubstitutingScope
instanceKlass kotlin/reflect/jvm/internal/impl/types/TypeSubstitutor
instanceKlass kotlin/reflect/jvm/internal/impl/types/TypeProjectionBase
instanceKlass kotlin/reflect/jvm/internal/impl/descriptors/impl/AbstractTypeParameterDescriptor$2
instanceKlass kotlin/reflect/jvm/internal/impl/descriptors/impl/AbstractTypeParameterDescriptor$1
instanceKlass kotlin/reflect/jvm/internal/impl/utils/SmartSet$Companion
instanceKlass kotlin/reflect/jvm/internal/impl/resolve/OverridingUtil$1
instanceKlass kotlin/reflect/jvm/internal/impl/resolve/ExternalOverridabilityCondition
instanceKlass kotlin/reflect/jvm/internal/impl/types/checker/KotlinTypeChecker$TypeConstructorEquality
instanceKlass kotlin/reflect/jvm/internal/impl/resolve/OverridingUtil
instanceKlass kotlin/reflect/jvm/internal/impl/resolve/OverridingStrategy
instanceKlass kotlin/reflect/jvm/internal/impl/descriptors/impl/ValueParameterDescriptorImpl$Companion
instanceKlass kotlin/reflect/jvm/internal/impl/descriptors/ValueParameterDescriptor
instanceKlass kotlin/reflect/jvm/internal/impl/resolve/scopes/receivers/ImplicitClassReceiver
instanceKlass kotlin/reflect/jvm/internal/impl/resolve/scopes/receivers/ThisClassReceiver
instanceKlass kotlin/reflect/jvm/internal/impl/resolve/scopes/receivers/ImplicitReceiver
instanceKlass kotlin/reflect/jvm/internal/impl/serialization/deserialization/descriptors/DeserializedCallableMemberDescriptor
instanceKlass kotlin/reflect/jvm/internal/impl/serialization/deserialization/descriptors/DeserializedMemberDescriptor
instanceKlass kotlin/reflect/jvm/internal/impl/builtins/KotlinBuiltIns$PackageFragments
instanceKlass kotlin/reflect/jvm/internal/impl/load/java/structure/JavaTypeParameter
instanceKlass kotlin/reflect/jvm/internal/impl/descriptors/DescriptorUtilKt
instanceKlass kotlin/reflect/jvm/internal/impl/load/java/lazy/types/JavaTypeAttributes$DefaultImpls
instanceKlass kotlin/reflect/jvm/internal/impl/descriptors/annotations/CompositeAnnotations
instanceKlass kotlin/reflect/jvm/internal/impl/load/java/structure/JavaPrimitiveType
instanceKlass kotlin/reflect/jvm/internal/impl/load/java/lazy/types/JavaTypeResolverKt$toAttributes$1
instanceKlass kotlin/reflect/jvm/internal/impl/load/java/lazy/types/JavaTypeAttributes
instanceKlass kotlin/reflect/jvm/internal/impl/load/java/lazy/types/JavaTypeResolverKt
instanceKlass kotlin/reflect/jvm/internal/impl/load/java/FakePureImplementationsProvider
instanceKlass kotlin/reflect/jvm/internal/impl/load/java/components/JavaAnnotationMapper
instanceKlass kotlin/reflect/jvm/internal/impl/load/java/structure/reflect/ReflectJavaAnnotationOwnerKt
instanceKlass kotlin/reflect/jvm/internal/impl/load/java/structure/reflect/ReflectJavaAnnotationOwner$DefaultImpls
instanceKlass kotlin/reflect/jvm/internal/impl/load/java/lazy/LazyJavaAnnotations
instanceKlass kotlin/reflect/jvm/internal/impl/load/java/lazy/LazyJavaAnnotationsKt
instanceKlass kotlin/reflect/jvm/internal/impl/load/java/structure/reflect/ReflectJavaType$Factory
instanceKlass kotlin/reflect/jvm/internal/impl/load/java/structure/reflect/ReflectJavaType
instanceKlass kotlin/reflect/jvm/internal/impl/load/java/structure/JavaClassifierType
instanceKlass kotlin/reflect/jvm/internal/impl/load/java/structure/JavaType
instanceKlass kotlin/jvm/internal/SpreadBuilder
instanceKlass kotlin/sequences/EmptySequence
instanceKlass kotlin/sequences/DropTakeSequence
instanceKlass kotlin/reflect/jvm/internal/impl/load/java/lazy/descriptors/ClassDeclaredMemberIndex
instanceKlass kotlin/reflect/jvm/internal/impl/load/java/lazy/descriptors/DeclaredMemberIndex
instanceKlass kotlin/reflect/jvm/internal/impl/load/java/structure/reflect/ReflectJavaModifierListOwner$DefaultImpls
instanceKlass kotlin/reflect/jvm/internal/impl/load/java/lazy/LazyJavaTypeParameterResolver
instanceKlass kotlin/reflect/jvm/internal/impl/load/java/lazy/ContextKt
instanceKlass kotlin/reflect/jvm/internal/impl/load/java/components/RuntimeSourceElementFactory$RuntimeSourceElement
instanceKlass kotlin/reflect/jvm/internal/impl/load/java/sources/JavaSourceElement
instanceKlass kotlin/reflect/jvm/internal/impl/load/java/lazy/descriptors/LazyJavaClassDescriptor$Companion
instanceKlass kotlin/reflect/jvm/internal/impl/load/java/descriptors/JavaClassDescriptor
instanceKlass kotlin/reflect/jvm/internal/impl/load/java/structure/reflect/ReflectJavaModifierListOwner
instanceKlass kotlin/reflect/jvm/internal/impl/load/java/structure/reflect/ReflectJavaAnnotationOwner
instanceKlass kotlin/reflect/jvm/internal/impl/load/java/structure/JavaClass
instanceKlass kotlin/reflect/jvm/internal/impl/load/java/structure/JavaTypeParameterListOwner
instanceKlass kotlin/reflect/jvm/internal/impl/load/java/structure/JavaModifierListOwner
instanceKlass kotlin/reflect/jvm/internal/impl/load/java/structure/JavaClassifier
instanceKlass kotlin/reflect/jvm/internal/impl/load/java/structure/JavaNamedElement
instanceKlass kotlin/reflect/jvm/internal/impl/load/java/structure/JavaAnnotationOwner
instanceKlass kotlin/reflect/jvm/internal/impl/resolve/DescriptorUtils
instanceKlass kotlin/reflect/jvm/internal/impl/resolve/descriptorUtil/DescriptorUtilsKt
instanceKlass kotlin/reflect/jvm/internal/impl/types/TypeConstructorSubstitution$Companion
instanceKlass kotlin/reflect/jvm/internal/impl/types/TypeSubstitution$Companion
instanceKlass kotlin/reflect/jvm/internal/impl/types/TypeSubstitution
instanceKlass kotlin/reflect/jvm/internal/impl/descriptors/TypeParameterDescriptor
instanceKlass kotlin/reflect/jvm/internal/impl/serialization/deserialization/descriptors/DeserializedAnnotationsWithPossibleTargets
instanceKlass kotlin/reflect/jvm/internal/impl/serialization/deserialization/ProtoTypeTableUtilKt
instanceKlass kotlin/reflect/jvm/internal/impl/types/AbstractTypeConstructor$Supertypes
instanceKlass kotlin/reflect/jvm/internal/impl/resolve/scopes/MemberScope$Companion
instanceKlass kotlin/reflect/jvm/internal/impl/resolve/scopes/DescriptorKindFilter$Companion$MaskToName
instanceKlass kotlin/reflect/jvm/internal/impl/resolve/scopes/DescriptorKindFilter$Companion
instanceKlass kotlin/reflect/jvm/internal/impl/resolve/scopes/DescriptorKindFilter
instanceKlass kotlin/reflect/jvm/internal/impl/resolve/scopes/ResolutionScope$DefaultImpls
instanceKlass kotlin/reflect/jvm/internal/impl/descriptors/impl/DeclarationDescriptorVisitorEmptyBodies
instanceKlass kotlin/reflect/jvm/internal/impl/descriptors/DeclarationDescriptorVisitor
instanceKlass kotlin/reflect/jvm/internal/impl/descriptors/TypeParameterUtilsKt
instanceKlass kotlin/reflect/jvm/internal/impl/load/java/lazy/descriptors/LazyJavaPackageScope$KotlinClassLookupResult
instanceKlass kotlin/reflect/jvm/internal/impl/serialization/deserialization/ProtoContainer
instanceKlass kotlin/reflect/jvm/internal/impl/serialization/deserialization/descriptors/DeserializedClassDescriptor$EnumEntryClassDescriptors
instanceKlass kotlin/reflect/jvm/internal/impl/serialization/deserialization/Deserialization$WhenMappings
instanceKlass kotlin/reflect/jvm/internal/impl/serialization/deserialization/Deserialization
instanceKlass kotlin/reflect/jvm/internal/impl/serialization/ProtoBuf$MemberKind$1
instanceKlass kotlin/reflect/jvm/internal/impl/serialization/ProtoBuf$Class$Kind$1
instanceKlass kotlin/reflect/jvm/internal/impl/serialization/ProtoBuf$Modality$1
instanceKlass kotlin/reflect/jvm/internal/impl/serialization/ProtoBuf$Visibility$1
instanceKlass kotlin/reflect/jvm/internal/impl/serialization/Flags$FlagField
instanceKlass kotlin/reflect/jvm/internal/impl/serialization/Flags
instanceKlass kotlin/reflect/jvm/internal/impl/load/kotlin/JvmNameResolver$WhenMappings
instanceKlass kotlin/reflect/jvm/internal/impl/serialization/deserialization/MemberDeserializer
instanceKlass kotlin/reflect/jvm/internal/impl/serialization/deserialization/TypeDeserializer
instanceKlass kotlin/reflect/jvm/internal/impl/serialization/deserialization/DeserializationContext
instanceKlass kotlin/reflect/jvm/internal/impl/serialization/deserialization/descriptors/SinceKotlinInfoTable$Companion
instanceKlass kotlin/reflect/jvm/internal/impl/serialization/deserialization/descriptors/SinceKotlinInfoTable
instanceKlass kotlin/reflect/jvm/internal/impl/serialization/deserialization/TypeTable
instanceKlass kotlin/reflect/jvm/internal/impl/serialization/deserialization/ClassDeserializer$ClassKey
instanceKlass kotlin/reflect/jvm/internal/impl/serialization/ClassDataWithSource
instanceKlass kotlin/reflect/jvm/internal/impl/config/KotlinCompilerVersion
instanceKlass kotlin/reflect/jvm/internal/impl/serialization/deserialization/DeserializationConfiguration$DefaultImpls
instanceKlass kotlin/reflect/jvm/internal/impl/load/kotlin/KotlinJvmBinarySourceElement
instanceKlass kotlin/reflect/jvm/internal/impl/serialization/deserialization/descriptors/DeserializedContainerSource
instanceKlass kotlin/reflect/jvm/internal/impl/serialization/ClassData
instanceKlass kotlin/reflect/jvm/internal/impl/serialization/jvm/JvmProtoBuf$StringTableTypes$Record$Operation$1
instanceKlass kotlin/reflect/jvm/internal/impl/serialization/jvm/JvmProtoBuf$StringTableTypes$RecordOrBuilder
instanceKlass kotlin/reflect/jvm/internal/impl/serialization/jvm/JvmProtoBuf$StringTableTypesOrBuilder
instanceKlass kotlin/collections/IndexedValue
instanceKlass kotlin/collections/IndexingIterator
instanceKlass kotlin/collections/IndexingIterable
instanceKlass kotlin/reflect/jvm/internal/impl/load/kotlin/JvmNameResolver$Companion
instanceKlass kotlin/reflect/jvm/internal/impl/load/kotlin/JvmNameResolver
instanceKlass kotlin/reflect/jvm/internal/impl/serialization/jvm/UtfEncodingKt
instanceKlass kotlin/reflect/jvm/internal/impl/serialization/jvm/BitEncoding
instanceKlass kotlin/reflect/jvm/internal/impl/serialization/jvm/JvmProtoBuf$JvmFieldSignatureOrBuilder
instanceKlass kotlin/reflect/jvm/internal/impl/serialization/jvm/JvmProtoBuf$JvmPropertySignatureOrBuilder
instanceKlass kotlin/reflect/jvm/internal/impl/serialization/jvm/JvmProtoBuf$JvmMethodSignatureOrBuilder
instanceKlass kotlin/reflect/jvm/internal/impl/serialization/jvm/JvmProtoBuf
instanceKlass kotlin/reflect/jvm/internal/impl/serialization/jvm/JvmProtoBufUtil
instanceKlass kotlin/reflect/jvm/internal/impl/load/kotlin/header/KotlinClassHeader
instanceKlass kotlin/reflect/jvm/internal/impl/load/kotlin/header/ReadKotlinClassHeaderAnnotationVisitor$CollectStringArrayAnnotationVisitor
instanceKlass kotlin/reflect/jvm/internal/impl/load/java/JvmBytecodeBinaryVersion$Companion
instanceKlass kotlin/reflect/jvm/internal/impl/load/kotlin/reflect/ReflectKotlinClassKt
